{"wall_time":"2025-11-17T10:14:20.962744-03:00","entity":"scheduler","event":"external_dispatched","sim_time":3,"target_worker":1}
{"wall_time":"2025-11-17T10:14:20.962856-03:00","entity":"scheduler","event":"external_dispatched","sim_time":7,"event_id":1}
{"wall_time":"2025-11-17T10:14:20.962861-03:00","entity":"scheduler","event":"external_dispatched","sim_time":9,"event_id":2,"target_worker":1}
{"wall_time":"2025-11-17T10:14:20.962864-03:00","entity":"scheduler","event":"external_dispatched","sim_time":13,"event_id":3,"target_worker":1}
{"wall_time":"2025-11-17T10:14:20.962867-03:00","entity":"scheduler","event":"external_dispatched","sim_time":16,"event_id":4,"target_worker":1}
{"wall_time":"2025-11-17T10:14:20.96287-03:00","entity":"scheduler","event":"external_dispatched","sim_time":17,"event_id":5}
{"wall_time":"2025-11-17T10:14:20.962872-03:00","entity":"scheduler","event":"external_dispatched","sim_time":21,"event_id":6}
{"wall_time":"2025-11-17T10:14:20.962875-03:00","entity":"scheduler","event":"external_dispatched","sim_time":24,"event_id":7,"target_worker":1}
{"wall_time":"2025-11-17T10:14:20.962858-03:00","entity":"worker-1","event":"external_received","sim_time":0,"worker_id":1,"details":{"event_timestamp":3}}
{"wall_time":"2025-11-17T10:14:20.962899-03:00","entity":"worker-1","event":"checkpoint_created","sim_time":0,"worker_id":1,"details":{"history_len":0,"mode":"live"}}
{"wall_time":"2025-11-17T10:14:20.962907-03:00","entity":"worker-1","event":"external_processed","sim_time":3,"worker_id":1,"details":{"from_replay":false,"previous_lvt":0}}
{"wall_time":"2025-11-17T10:14:20.962918-03:00","entity":"worker-1","event":"internal_processed","sim_time":4,"worker_id":1,"details":{"jump":1,"previous_lvt":3}}
{"wall_time":"2025-11-17T10:14:20.962922-03:00","entity":"worker-1","event":"internal_processed","sim_time":5,"worker_id":1,"details":{"jump":1,"previous_lvt":4}}
{"wall_time":"2025-11-17T10:14:20.962926-03:00","entity":"worker-1","event":"internal_processed","sim_time":8,"worker_id":1,"details":{"jump":3,"previous_lvt":5}}
{"wall_time":"2025-11-17T10:14:20.96293-03:00","entity":"worker-1","event":"external_received","sim_time":8,"worker_id":1,"event_id":2,"details":{"event_timestamp":9}}
{"wall_time":"2025-11-17T10:14:20.962933-03:00","entity":"worker-1","event":"checkpoint_created","sim_time":8,"worker_id":1,"details":{"history_len":1,"mode":"live"}}
{"wall_time":"2025-11-17T10:14:20.962936-03:00","entity":"worker-1","event":"external_processed","sim_time":9,"worker_id":1,"event_id":2,"details":{"from_replay":false,"previous_lvt":8}}
{"wall_time":"2025-11-17T10:14:20.962939-03:00","entity":"worker-1","event":"internal_processed","sim_time":10,"worker_id":1,"details":{"jump":1,"previous_lvt":9}}
{"wall_time":"2025-11-17T10:14:20.962942-03:00","entity":"worker-1","event":"internal_processed","sim_time":14,"worker_id":1,"details":{"jump":4,"previous_lvt":10}}
{"wall_time":"2025-11-17T10:14:20.962945-03:00","entity":"worker-1","event":"internal_processed","sim_time":15,"worker_id":1,"details":{"jump":1,"previous_lvt":14}}
{"wall_time":"2025-11-17T10:14:20.962948-03:00","entity":"worker-1","event":"external_received","sim_time":15,"worker_id":1,"event_id":3,"details":{"event_timestamp":13}}
{"wall_time":"2025-11-17T10:14:20.962951-03:00","entity":"worker-1","event":"checkpoint_created","sim_time":15,"worker_id":1,"details":{"history_len":2,"mode":"live"}}
{"wall_time":"2025-11-17T10:14:20.962955-03:00","entity":"worker-1","event":"straggler_detected","sim_time":15,"worker_id":1,"event_id":3,"details":{"event_timestamp":13}}
{"wall_time":"2025-11-17T10:14:20.962958-03:00","entity":"worker-1","event":"rollback_start","sim_time":8,"worker_id":1,"rollback_from":15,"rollback_to":13}
{"wall_time":"2025-11-17T10:14:20.96296-03:00","entity":"worker-1","event":"checkpoint_created","sim_time":8,"worker_id":1,"details":{"history_len":1,"mode":"replay"}}
{"wall_time":"2025-11-17T10:14:20.962963-03:00","entity":"worker-1","event":"external_processed","sim_time":9,"worker_id":1,"event_id":2,"details":{"from_replay":true,"previous_lvt":8}}
{"wall_time":"2025-11-17T10:14:20.962973-03:00","entity":"worker-1","event":"internal_processed","sim_time":12,"worker_id":1,"details":{"jump":3,"previous_lvt":9}}
{"wall_time":"2025-11-17T10:14:20.962877-03:00","entity":"scheduler","event":"external_dispatched","sim_time":25,"event_id":8}
{"wall_time":"2025-11-17T10:14:20.962993-03:00","entity":"scheduler","event":"external_dispatched","sim_time":26,"event_id":9,"target_worker":1}
{"wall_time":"2025-11-17T10:14:20.962999-03:00","entity":"scheduler","event":"external_dispatched","sim_time":29,"event_id":10}
{"wall_time":"2025-11-17T10:14:20.963002-03:00","entity":"scheduler","event":"external_dispatched","sim_time":33,"event_id":11,"target_worker":1}
{"wall_time":"2025-11-17T10:14:20.963004-03:00","entity":"scheduler","event":"external_dispatched","sim_time":35,"event_id":12}
{"wall_time":"2025-11-17T10:14:20.963007-03:00","entity":"scheduler","event":"external_dispatched","sim_time":37,"event_id":13}
{"wall_time":"2025-11-17T10:14:20.96301-03:00","entity":"scheduler","event":"external_dispatched","sim_time":39,"event_id":14,"target_worker":1}
{"wall_time":"2025-11-17T10:14:20.963012-03:00","entity":"scheduler","event":"external_dispatched","sim_time":43,"event_id":15,"target_worker":1}
{"wall_time":"2025-11-17T10:14:20.963015-03:00","entity":"scheduler","event":"external_dispatched","sim_time":45,"event_id":16}
{"wall_time":"2025-11-17T10:14:20.963018-03:00","entity":"scheduler","event":"external_dispatched","sim_time":47,"event_id":17}
{"wall_time":"2025-11-17T10:14:20.963021-03:00","entity":"scheduler","event":"external_dispatched","sim_time":49,"event_id":18,"target_worker":1}
{"wall_time":"2025-11-17T10:14:20.96288-03:00","entity":"worker-0","event":"external_received","sim_time":0,"event_id":1,"details":{"event_timestamp":7}}
{"wall_time":"2025-11-17T10:14:20.963031-03:00","entity":"worker-0","event":"checkpoint_created","sim_time":0,"details":{"history_len":0,"mode":"live"}}
{"wall_time":"2025-11-17T10:14:20.962977-03:00","entity":"worker-1","event":"checkpoint_created","sim_time":12,"worker_id":1,"details":{"history_len":2,"mode":"replay"}}
{"wall_time":"2025-11-17T10:14:20.963053-03:00","entity":"worker-1","event":"external_processed","sim_time":13,"worker_id":1,"event_id":3,"details":{"from_replay":true,"previous_lvt":12}}
{"wall_time":"2025-11-17T10:14:20.963059-03:00","entity":"worker-1","event":"internal_processed","sim_time":17,"worker_id":1,"details":{"jump":4,"previous_lvt":13}}
{"wall_time":"2025-11-17T10:14:20.963064-03:00","entity":"worker-1","event":"internal_processed","sim_time":20,"worker_id":1,"details":{"jump":3,"previous_lvt":17}}
{"wall_time":"2025-11-17T10:14:20.963067-03:00","entity":"worker-1","event":"rollback_end","sim_time":20,"worker_id":1,"rollback_from":15,"rollback_to":13}
{"wall_time":"2025-11-17T10:14:20.963071-03:00","entity":"worker-1","event":"external_received","sim_time":20,"worker_id":1,"event_id":4,"details":{"event_timestamp":16}}
{"wall_time":"2025-11-17T10:14:20.963074-03:00","entity":"worker-1","event":"checkpoint_created","sim_time":20,"worker_id":1,"details":{"history_len":3,"mode":"live"}}
{"wall_time":"2025-11-17T10:14:20.963077-03:00","entity":"worker-1","event":"straggler_detected","sim_time":20,"worker_id":1,"event_id":4,"details":{"event_timestamp":16}}
{"wall_time":"2025-11-17T10:14:20.96308-03:00","entity":"worker-1","event":"rollback_start","sim_time":12,"worker_id":1,"rollback_from":20,"rollback_to":16}
{"wall_time":"2025-11-17T10:14:20.963083-03:00","entity":"worker-1","event":"checkpoint_created","sim_time":12,"worker_id":1,"details":{"history_len":2,"mode":"replay"}}
{"wall_time":"2025-11-17T10:14:20.963086-03:00","entity":"worker-1","event":"external_processed","sim_time":13,"worker_id":1,"event_id":3,"details":{"from_replay":true,"previous_lvt":12}}
{"wall_time":"2025-11-17T10:14:20.963089-03:00","entity":"worker-1","event":"internal_processed","sim_time":14,"worker_id":1,"details":{"jump":1,"previous_lvt":13}}
{"wall_time":"2025-11-17T10:14:20.963091-03:00","entity":"worker-1","event":"internal_processed","sim_time":18,"worker_id":1,"details":{"jump":4,"previous_lvt":14}}
{"wall_time":"2025-11-17T10:14:20.963107-03:00","entity":"worker-1","event":"checkpoint_created","sim_time":18,"worker_id":1,"details":{"history_len":3,"mode":"replay"}}
{"wall_time":"2025-11-17T10:14:20.96311-03:00","entity":"worker-1","event":"external_processed","sim_time":16,"worker_id":1,"event_id":4,"details":{"from_replay":true,"previous_lvt":18}}
{"wall_time":"2025-11-17T10:14:20.963113-03:00","entity":"worker-1","event":"internal_processed","sim_time":18,"worker_id":1,"details":{"jump":2,"previous_lvt":16}}
{"wall_time":"2025-11-17T10:14:20.963116-03:00","entity":"worker-1","event":"internal_processed","sim_time":23,"worker_id":1,"details":{"jump":5,"previous_lvt":18}}
{"wall_time":"2025-11-17T10:14:20.963119-03:00","entity":"worker-1","event":"internal_processed","sim_time":25,"worker_id":1,"details":{"jump":2,"previous_lvt":23}}
{"wall_time":"2025-11-17T10:14:20.963122-03:00","entity":"worker-1","event":"rollback_end","sim_time":25,"worker_id":1,"rollback_from":20,"rollback_to":16}
{"wall_time":"2025-11-17T10:14:20.963125-03:00","entity":"worker-1","event":"external_received","sim_time":25,"worker_id":1,"event_id":7,"details":{"event_timestamp":24}}
{"wall_time":"2025-11-17T10:14:20.963128-03:00","entity":"worker-1","event":"checkpoint_created","sim_time":25,"worker_id":1,"details":{"history_len":4,"mode":"live"}}
{"wall_time":"2025-11-17T10:14:20.963131-03:00","entity":"worker-1","event":"straggler_detected","sim_time":25,"worker_id":1,"event_id":7,"details":{"event_timestamp":24}}
{"wall_time":"2025-11-17T10:14:20.963134-03:00","entity":"worker-1","event":"rollback_start","sim_time":18,"worker_id":1,"rollback_from":25,"rollback_to":24}
{"wall_time":"2025-11-17T10:14:20.963137-03:00","entity":"worker-1","event":"checkpoint_created","sim_time":18,"worker_id":1,"details":{"history_len":3,"mode":"replay"}}
{"wall_time":"2025-11-17T10:14:20.96314-03:00","entity":"worker-1","event":"external_processed","sim_time":16,"worker_id":1,"event_id":4,"details":{"from_replay":true,"previous_lvt":18}}
{"wall_time":"2025-11-17T10:14:20.963145-03:00","entity":"worker-1","event":"internal_processed","sim_time":18,"worker_id":1,"details":{"jump":2,"previous_lvt":16}}
{"wall_time":"2025-11-17T10:14:20.963148-03:00","entity":"worker-1","event":"internal_processed","sim_time":23,"worker_id":1,"details":{"jump":5,"previous_lvt":18}}
{"wall_time":"2025-11-17T10:14:20.963151-03:00","entity":"worker-1","event":"checkpoint_created","sim_time":23,"worker_id":1,"details":{"history_len":4,"mode":"replay"}}
{"wall_time":"2025-11-17T10:14:20.963153-03:00","entity":"worker-1","event":"external_processed","sim_time":24,"worker_id":1,"event_id":7,"details":{"from_replay":true,"previous_lvt":23}}
{"wall_time":"2025-11-17T10:14:20.963156-03:00","entity":"worker-1","event":"internal_processed","sim_time":27,"worker_id":1,"details":{"jump":3,"previous_lvt":24}}
{"wall_time":"2025-11-17T10:14:20.963159-03:00","entity":"worker-1","event":"rollback_end","sim_time":27,"worker_id":1,"rollback_from":25,"rollback_to":24}
{"wall_time":"2025-11-17T10:14:20.963162-03:00","entity":"worker-1","event":"external_received","sim_time":27,"worker_id":1,"event_id":9,"details":{"event_timestamp":26}}
{"wall_time":"2025-11-17T10:14:20.963164-03:00","entity":"worker-1","event":"checkpoint_created","sim_time":27,"worker_id":1,"details":{"history_len":5,"mode":"live"}}
{"wall_time":"2025-11-17T10:14:20.963168-03:00","entity":"worker-1","event":"straggler_detected","sim_time":27,"worker_id":1,"event_id":9,"details":{"event_timestamp":26}}
{"wall_time":"2025-11-17T10:14:20.96317-03:00","entity":"worker-1","event":"rollback_start","sim_time":23,"worker_id":1,"rollback_from":27,"rollback_to":26}
{"wall_time":"2025-11-17T10:14:20.963174-03:00","entity":"worker-1","event":"checkpoint_created","sim_time":23,"worker_id":1,"details":{"history_len":4,"mode":"replay"}}
{"wall_time":"2025-11-17T10:14:20.963177-03:00","entity":"worker-1","event":"external_processed","sim_time":24,"worker_id":1,"event_id":7,"details":{"from_replay":true,"previous_lvt":23}}
{"wall_time":"2025-11-17T10:14:20.963184-03:00","entity":"worker-1","event":"internal_processed","sim_time":26,"worker_id":1,"details":{"jump":2,"previous_lvt":24}}
{"wall_time":"2025-11-17T10:14:20.963187-03:00","entity":"worker-1","event":"internal_processed","sim_time":28,"worker_id":1,"details":{"jump":2,"previous_lvt":26}}
{"wall_time":"2025-11-17T10:14:20.96319-03:00","entity":"worker-1","event":"internal_processed","sim_time":32,"worker_id":1,"details":{"jump":4,"previous_lvt":28}}
{"wall_time":"2025-11-17T10:14:20.963193-03:00","entity":"worker-1","event":"checkpoint_created","sim_time":32,"worker_id":1,"details":{"history_len":5,"mode":"replay"}}
{"wall_time":"2025-11-17T10:14:20.963196-03:00","entity":"worker-1","event":"external_processed","sim_time":26,"worker_id":1,"event_id":9,"details":{"from_replay":true,"previous_lvt":32}}
{"wall_time":"2025-11-17T10:14:20.9632-03:00","entity":"worker-1","event":"internal_processed","sim_time":28,"worker_id":1,"details":{"jump":2,"previous_lvt":26}}
{"wall_time":"2025-11-17T10:14:20.963203-03:00","entity":"worker-1","event":"internal_processed","sim_time":33,"worker_id":1,"details":{"jump":5,"previous_lvt":28}}
{"wall_time":"2025-11-17T10:14:20.963207-03:00","entity":"worker-1","event":"internal_processed","sim_time":36,"worker_id":1,"details":{"jump":3,"previous_lvt":33}}
{"wall_time":"2025-11-17T10:14:20.963211-03:00","entity":"worker-1","event":"rollback_end","sim_time":36,"worker_id":1,"rollback_from":27,"rollback_to":26}
{"wall_time":"2025-11-17T10:14:20.963214-03:00","entity":"worker-1","event":"external_received","sim_time":36,"worker_id":1,"event_id":11,"details":{"event_timestamp":33}}
{"wall_time":"2025-11-17T10:14:20.963218-03:00","entity":"worker-1","event":"checkpoint_created","sim_time":36,"worker_id":1,"details":{"history_len":6,"mode":"live"}}
{"wall_time":"2025-11-17T10:14:20.963221-03:00","entity":"worker-1","event":"straggler_detected","sim_time":36,"worker_id":1,"event_id":11,"details":{"event_timestamp":33}}
{"wall_time":"2025-11-17T10:14:20.963224-03:00","entity":"worker-1","event":"rollback_start","sim_time":32,"worker_id":1,"rollback_from":36,"rollback_to":33}
{"wall_time":"2025-11-17T10:14:20.963227-03:00","entity":"worker-1","event":"checkpoint_created","sim_time":32,"worker_id":1,"details":{"history_len":5,"mode":"replay"}}
{"wall_time":"2025-11-17T10:14:20.963229-03:00","entity":"worker-1","event":"external_processed","sim_time":26,"worker_id":1,"event_id":9,"details":{"from_replay":true,"previous_lvt":32}}
{"wall_time":"2025-11-17T10:14:20.963232-03:00","entity":"worker-1","event":"internal_processed","sim_time":29,"worker_id":1,"details":{"jump":3,"previous_lvt":26}}
{"wall_time":"2025-11-17T10:14:20.963237-03:00","entity":"worker-1","event":"checkpoint_created","sim_time":29,"worker_id":1,"details":{"history_len":6,"mode":"replay"}}
{"wall_time":"2025-11-17T10:14:20.963243-03:00","entity":"worker-1","event":"external_processed","sim_time":33,"worker_id":1,"event_id":11,"details":{"from_replay":true,"previous_lvt":29}}
{"wall_time":"2025-11-17T10:14:20.963039-03:00","entity":"worker-0","event":"external_processed","sim_time":7,"event_id":1,"details":{"from_replay":false,"previous_lvt":0}}
{"wall_time":"2025-11-17T10:14:20.963256-03:00","entity":"worker-0","event":"internal_processed","sim_time":9,"details":{"jump":2,"previous_lvt":7}}
{"wall_time":"2025-11-17T10:14:20.963246-03:00","entity":"worker-1","event":"internal_processed","sim_time":34,"worker_id":1,"details":{"jump":1,"previous_lvt":33}}
{"wall_time":"2025-11-17T10:14:20.963271-03:00","entity":"worker-1","event":"rollback_end","sim_time":34,"worker_id":1,"rollback_from":36,"rollback_to":33}
{"wall_time":"2025-11-17T10:14:20.963275-03:00","entity":"worker-1","event":"external_received","sim_time":34,"worker_id":1,"event_id":14,"details":{"event_timestamp":39}}
{"wall_time":"2025-11-17T10:14:20.963278-03:00","entity":"worker-1","event":"checkpoint_created","sim_time":34,"worker_id":1,"details":{"history_len":7,"mode":"live"}}
{"wall_time":"2025-11-17T10:14:20.963287-03:00","entity":"worker-1","event":"external_processed","sim_time":39,"worker_id":1,"event_id":14,"details":{"from_replay":false,"previous_lvt":34}}
{"wall_time":"2025-11-17T10:14:20.96329-03:00","entity":"worker-1","event":"internal_processed","sim_time":43,"worker_id":1,"details":{"jump":4,"previous_lvt":39}}
{"wall_time":"2025-11-17T10:14:20.963293-03:00","entity":"worker-1","event":"external_received","sim_time":43,"worker_id":1,"event_id":15,"details":{"event_timestamp":43}}
{"wall_time":"2025-11-17T10:14:20.963296-03:00","entity":"worker-1","event":"checkpoint_created","sim_time":43,"worker_id":1,"details":{"history_len":8,"mode":"live"}}
{"wall_time":"2025-11-17T10:14:20.9633-03:00","entity":"worker-1","event":"external_processed","sim_time":43,"worker_id":1,"event_id":15,"details":{"from_replay":false,"previous_lvt":43}}
{"wall_time":"2025-11-17T10:14:20.963265-03:00","entity":"worker-0","event":"internal_processed","sim_time":11,"details":{"jump":2,"previous_lvt":9}}
{"wall_time":"2025-11-17T10:14:20.963311-03:00","entity":"worker-0","event":"external_received","sim_time":11,"event_id":5,"details":{"event_timestamp":17}}
{"wall_time":"2025-11-17T10:14:20.963316-03:00","entity":"worker-0","event":"checkpoint_created","sim_time":11,"details":{"history_len":1,"mode":"live"}}
{"wall_time":"2025-11-17T10:14:20.963303-03:00","entity":"worker-1","event":"internal_processed","sim_time":47,"worker_id":1,"details":{"jump":4,"previous_lvt":43}}
{"wall_time":"2025-11-17T10:14:20.963325-03:00","entity":"worker-1","event":"internal_processed","sim_time":48,"worker_id":1,"details":{"jump":1,"previous_lvt":47}}
{"wall_time":"2025-11-17T10:14:20.963329-03:00","entity":"worker-1","event":"external_received","sim_time":48,"worker_id":1,"event_id":18,"details":{"event_timestamp":49}}
{"wall_time":"2025-11-17T10:14:20.963332-03:00","entity":"worker-1","event":"checkpoint_created","sim_time":48,"worker_id":1,"details":{"history_len":9,"mode":"live"}}
{"wall_time":"2025-11-17T10:14:20.963334-03:00","entity":"worker-1","event":"external_processed","sim_time":49,"worker_id":1,"event_id":18,"details":{"from_replay":false,"previous_lvt":48}}
{"wall_time":"2025-11-17T10:14:20.963338-03:00","entity":"worker-1","event":"internal_processed","sim_time":50,"worker_id":1,"details":{"jump":1,"previous_lvt":49}}
{"wall_time":"2025-11-17T10:14:20.963341-03:00","entity":"worker-1","event":"worker_stopped","sim_time":50,"worker_id":1}
{"wall_time":"2025-11-17T10:14:20.963319-03:00","entity":"worker-0","event":"external_processed","sim_time":17,"event_id":5,"details":{"from_replay":false,"previous_lvt":11}}
{"wall_time":"2025-11-17T10:14:20.963347-03:00","entity":"worker-0","event":"internal_processed","sim_time":19,"details":{"jump":2,"previous_lvt":17}}
{"wall_time":"2025-11-17T10:14:20.96335-03:00","entity":"worker-0","event":"external_received","sim_time":19,"event_id":6,"details":{"event_timestamp":21}}
{"wall_time":"2025-11-17T10:14:20.963353-03:00","entity":"worker-0","event":"checkpoint_created","sim_time":19,"details":{"history_len":2,"mode":"live"}}
{"wall_time":"2025-11-17T10:14:20.963356-03:00","entity":"worker-0","event":"external_processed","sim_time":21,"event_id":6,"details":{"from_replay":false,"previous_lvt":19}}
{"wall_time":"2025-11-17T10:14:20.963359-03:00","entity":"worker-0","event":"internal_processed","sim_time":25,"details":{"jump":4,"previous_lvt":21}}
{"wall_time":"2025-11-17T10:14:20.963361-03:00","entity":"worker-0","event":"external_received","sim_time":25,"event_id":8,"details":{"event_timestamp":25}}
{"wall_time":"2025-11-17T10:14:20.963364-03:00","entity":"worker-0","event":"checkpoint_created","sim_time":25,"details":{"history_len":3,"mode":"live"}}
{"wall_time":"2025-11-17T10:14:20.963367-03:00","entity":"worker-0","event":"external_processed","sim_time":25,"event_id":8,"details":{"from_replay":false,"previous_lvt":25}}
{"wall_time":"2025-11-17T10:14:20.96337-03:00","entity":"worker-0","event":"internal_processed","sim_time":29,"details":{"jump":4,"previous_lvt":25}}
{"wall_time":"2025-11-17T10:14:20.963373-03:00","entity":"worker-0","event":"external_received","sim_time":29,"event_id":10,"details":{"event_timestamp":29}}
{"wall_time":"2025-11-17T10:14:20.963378-03:00","entity":"worker-0","event":"checkpoint_created","sim_time":29,"details":{"history_len":4,"mode":"live"}}
{"wall_time":"2025-11-17T10:14:20.963381-03:00","entity":"worker-0","event":"external_processed","sim_time":29,"event_id":10,"details":{"from_replay":false,"previous_lvt":29}}
{"wall_time":"2025-11-17T10:14:20.963384-03:00","entity":"worker-0","event":"internal_processed","sim_time":33,"details":{"jump":4,"previous_lvt":29}}
{"wall_time":"2025-11-17T10:14:20.963387-03:00","entity":"worker-0","event":"external_received","sim_time":33,"event_id":12,"details":{"event_timestamp":35}}
{"wall_time":"2025-11-17T10:14:20.96339-03:00","entity":"worker-0","event":"checkpoint_created","sim_time":33,"details":{"history_len":5,"mode":"live"}}
{"wall_time":"2025-11-17T10:14:20.963393-03:00","entity":"worker-0","event":"external_processed","sim_time":35,"event_id":12,"details":{"from_replay":false,"previous_lvt":33}}
{"wall_time":"2025-11-17T10:14:20.963395-03:00","entity":"worker-0","event":"internal_processed","sim_time":39,"details":{"jump":4,"previous_lvt":35}}
{"wall_time":"2025-11-17T10:14:20.963398-03:00","entity":"worker-0","event":"internal_processed","sim_time":44,"details":{"jump":5,"previous_lvt":39}}
{"wall_time":"2025-11-17T10:14:20.963401-03:00","entity":"worker-0","event":"external_received","sim_time":44,"event_id":13,"details":{"event_timestamp":37}}
{"wall_time":"2025-11-17T10:14:20.963403-03:00","entity":"worker-0","event":"checkpoint_created","sim_time":44,"details":{"history_len":6,"mode":"live"}}
{"wall_time":"2025-11-17T10:14:20.963406-03:00","entity":"worker-0","event":"straggler_detected","sim_time":44,"event_id":13,"details":{"event_timestamp":37}}
{"wall_time":"2025-11-17T10:14:20.963408-03:00","entity":"worker-0","event":"rollback_start","sim_time":33,"rollback_from":44,"rollback_to":37}
{"wall_time":"2025-11-17T10:14:20.963411-03:00","entity":"worker-0","event":"checkpoint_created","sim_time":33,"details":{"history_len":5,"mode":"replay"}}
{"wall_time":"2025-11-17T10:14:20.963413-03:00","entity":"worker-0","event":"external_processed","sim_time":35,"event_id":12,"details":{"from_replay":true,"previous_lvt":33}}
{"wall_time":"2025-11-17T10:14:20.963416-03:00","entity":"worker-0","event":"internal_processed","sim_time":38,"details":{"jump":3,"previous_lvt":35}}
{"wall_time":"2025-11-17T10:14:20.963419-03:00","entity":"worker-0","event":"internal_processed","sim_time":43,"details":{"jump":5,"previous_lvt":38}}
{"wall_time":"2025-11-17T10:14:20.963421-03:00","entity":"worker-0","event":"checkpoint_created","sim_time":43,"details":{"history_len":6,"mode":"replay"}}
{"wall_time":"2025-11-17T10:14:20.963424-03:00","entity":"worker-0","event":"external_processed","sim_time":37,"event_id":13,"details":{"from_replay":true,"previous_lvt":43}}
{"wall_time":"2025-11-17T10:14:20.963427-03:00","entity":"worker-0","event":"internal_processed","sim_time":39,"details":{"jump":2,"previous_lvt":37}}
{"wall_time":"2025-11-17T10:14:20.963429-03:00","entity":"worker-0","event":"internal_processed","sim_time":43,"details":{"jump":4,"previous_lvt":39}}
{"wall_time":"2025-11-17T10:14:20.963432-03:00","entity":"worker-0","event":"rollback_end","sim_time":43,"rollback_from":44,"rollback_to":37}
{"wall_time":"2025-11-17T10:14:20.963434-03:00","entity":"worker-0","event":"external_received","sim_time":43,"event_id":16,"details":{"event_timestamp":45}}
{"wall_time":"2025-11-17T10:14:20.963437-03:00","entity":"worker-0","event":"checkpoint_created","sim_time":43,"details":{"history_len":7,"mode":"live"}}
{"wall_time":"2025-11-17T10:14:20.963439-03:00","entity":"worker-0","event":"external_processed","sim_time":45,"event_id":16,"details":{"from_replay":false,"previous_lvt":43}}
{"wall_time":"2025-11-17T10:14:20.963442-03:00","entity":"worker-0","event":"internal_processed","sim_time":47,"details":{"jump":2,"previous_lvt":45}}
{"wall_time":"2025-11-17T10:14:20.963445-03:00","entity":"worker-0","event":"internal_processed","sim_time":50,"details":{"jump":3,"previous_lvt":47}}
{"wall_time":"2025-11-17T10:14:20.96345-03:00","entity":"worker-0","event":"external_received","sim_time":50,"event_id":17,"details":{"event_timestamp":47}}
{"wall_time":"2025-11-17T10:14:20.963453-03:00","entity":"worker-0","event":"checkpoint_created","sim_time":50,"details":{"history_len":8,"mode":"live"}}
{"wall_time":"2025-11-17T10:14:20.963455-03:00","entity":"worker-0","event":"straggler_detected","sim_time":50,"event_id":17,"details":{"event_timestamp":47}}
{"wall_time":"2025-11-17T10:14:20.96346-03:00","entity":"worker-0","event":"rollback_start","sim_time":43,"rollback_from":50,"rollback_to":47}
{"wall_time":"2025-11-17T10:14:20.963462-03:00","entity":"worker-0","event":"checkpoint_created","sim_time":43,"details":{"history_len":7,"mode":"replay"}}
{"wall_time":"2025-11-17T10:14:20.963465-03:00","entity":"worker-0","event":"external_processed","sim_time":45,"event_id":16,"details":{"from_replay":true,"previous_lvt":43}}
{"wall_time":"2025-11-17T10:14:20.963468-03:00","entity":"worker-0","event":"internal_processed","sim_time":47,"details":{"jump":2,"previous_lvt":45}}
{"wall_time":"2025-11-17T10:14:20.963471-03:00","entity":"worker-0","event":"internal_processed","sim_time":50,"details":{"jump":3,"previous_lvt":47}}
{"wall_time":"2025-11-17T10:14:20.963473-03:00","entity":"worker-0","event":"checkpoint_created","sim_time":50,"details":{"history_len":8,"mode":"replay"}}
{"wall_time":"2025-11-17T10:14:20.963476-03:00","entity":"worker-0","event":"external_processed","sim_time":47,"event_id":17,"details":{"from_replay":true,"previous_lvt":50}}
{"wall_time":"2025-11-17T10:14:20.963479-03:00","entity":"worker-0","event":"internal_processed","sim_time":48,"details":{"jump":1,"previous_lvt":47}}
{"wall_time":"2025-11-17T10:14:20.963482-03:00","entity":"worker-0","event":"internal_processed","sim_time":50,"details":{"jump":2,"previous_lvt":48}}
{"wall_time":"2025-11-17T10:14:20.963485-03:00","entity":"worker-0","event":"rollback_end","sim_time":50,"rollback_from":50,"rollback_to":47}
{"wall_time":"2025-11-17T10:14:20.963487-03:00","entity":"worker-0","event":"worker_stopped","sim_time":50}
