{"wall_time":"2025-11-17T10:23:45.12845-03:00","entity":"scheduler","event":"external_dispatched","sim_time":2}
{"wall_time":"2025-11-17T10:23:45.128679-03:00","entity":"scheduler","event":"external_dispatched","sim_time":3,"event_id":1}
{"wall_time":"2025-11-17T10:23:45.128684-03:00","entity":"scheduler","event":"external_dispatched","sim_time":6,"event_id":2}
{"wall_time":"2025-11-17T10:23:45.128687-03:00","entity":"scheduler","event":"external_dispatched","sim_time":10,"event_id":3}
{"wall_time":"2025-11-17T10:23:45.128682-03:00","entity":"worker-0","event":"external_received","sim_time":0,"details":{"event_timestamp":2}}
{"wall_time":"2025-11-17T10:23:45.128705-03:00","entity":"worker-0","event":"checkpoint_created","sim_time":0,"details":{"history_len":0,"mode":"live"}}
{"wall_time":"2025-11-17T10:23:45.128712-03:00","entity":"worker-0","event":"external_processed","sim_time":2,"details":{"from_replay":false,"previous_lvt":0}}
{"wall_time":"2025-11-17T10:23:45.128725-03:00","entity":"worker-0","event":"internal_processed","sim_time":6,"details":{"jump":4,"previous_lvt":2}}
{"wall_time":"2025-11-17T10:23:45.12873-03:00","entity":"worker-0","event":"internal_processed","sim_time":11,"details":{"jump":5,"previous_lvt":6}}
{"wall_time":"2025-11-17T10:23:45.128734-03:00","entity":"worker-0","event":"internal_processed","sim_time":12,"details":{"jump":1,"previous_lvt":11}}
{"wall_time":"2025-11-17T10:23:45.128737-03:00","entity":"worker-0","event":"external_received","sim_time":12,"event_id":1,"details":{"event_timestamp":3}}
{"wall_time":"2025-11-17T10:23:45.12874-03:00","entity":"worker-0","event":"checkpoint_created","sim_time":12,"details":{"history_len":1,"mode":"live"}}
{"wall_time":"2025-11-17T10:23:45.128692-03:00","entity":"scheduler","event":"external_dispatched","sim_time":14,"event_id":4}
{"wall_time":"2025-11-17T10:23:45.128754-03:00","entity":"scheduler","event":"external_dispatched","sim_time":16,"event_id":5}
{"wall_time":"2025-11-17T10:23:45.128759-03:00","entity":"scheduler","event":"external_dispatched","sim_time":20,"event_id":6}
{"wall_time":"2025-11-17T10:23:45.128762-03:00","entity":"scheduler","event":"external_dispatched","sim_time":21,"event_id":7}
{"wall_time":"2025-11-17T10:23:45.128765-03:00","entity":"scheduler","event":"external_dispatched","sim_time":22,"event_id":8}
{"wall_time":"2025-11-17T10:23:45.128769-03:00","entity":"scheduler","event":"external_dispatched","sim_time":25,"event_id":9}
{"wall_time":"2025-11-17T10:23:45.128772-03:00","entity":"scheduler","event":"external_dispatched","sim_time":26,"event_id":10}
{"wall_time":"2025-11-17T10:23:45.128743-03:00","entity":"worker-0","event":"straggler_detected","sim_time":12,"event_id":1,"details":{"event_timestamp":3}}
{"wall_time":"2025-11-17T10:23:45.128783-03:00","entity":"worker-0","event":"rollback_start","sim_time":0,"rollback_from":12,"rollback_to":3}
{"wall_time":"2025-11-17T10:23:45.128786-03:00","entity":"worker-0","event":"checkpoint_created","sim_time":0,"details":{"history_len":0,"mode":"replay"}}
{"wall_time":"2025-11-17T10:23:45.128792-03:00","entity":"worker-0","event":"external_processed","sim_time":2,"details":{"from_replay":true,"previous_lvt":0}}
{"wall_time":"2025-11-17T10:23:45.128797-03:00","entity":"worker-0","event":"internal_processed","sim_time":6,"details":{"jump":4,"previous_lvt":2}}
{"wall_time":"2025-11-17T10:23:45.1288-03:00","entity":"worker-0","event":"checkpoint_created","sim_time":6,"details":{"history_len":1,"mode":"replay"}}
{"wall_time":"2025-11-17T10:23:45.128804-03:00","entity":"worker-0","event":"external_processed","sim_time":3,"event_id":1,"details":{"from_replay":true,"previous_lvt":6}}
{"wall_time":"2025-11-17T10:23:45.128807-03:00","entity":"worker-0","event":"internal_processed","sim_time":4,"details":{"jump":1,"previous_lvt":3}}
{"wall_time":"2025-11-17T10:23:45.12881-03:00","entity":"worker-0","event":"internal_processed","sim_time":5,"details":{"jump":1,"previous_lvt":4}}
{"wall_time":"2025-11-17T10:23:45.128813-03:00","entity":"worker-0","event":"rollback_end","sim_time":5,"rollback_from":12,"rollback_to":3}
{"wall_time":"2025-11-17T10:23:45.128824-03:00","entity":"worker-0","event":"external_received","sim_time":5,"event_id":2,"details":{"event_timestamp":6}}
{"wall_time":"2025-11-17T10:23:45.128827-03:00","entity":"scheduler","event":"external_dispatched","sim_time":29,"event_id":11}
{"wall_time":"2025-11-17T10:23:45.128828-03:00","entity":"worker-0","event":"checkpoint_created","sim_time":5,"details":{"history_len":2,"mode":"live"}}
{"wall_time":"2025-11-17T10:23:45.128836-03:00","entity":"worker-0","event":"external_processed","sim_time":6,"event_id":2,"details":{"from_replay":false,"previous_lvt":5}}
{"wall_time":"2025-11-17T10:23:45.12884-03:00","entity":"worker-0","event":"internal_processed","sim_time":7,"details":{"jump":1,"previous_lvt":6}}
{"wall_time":"2025-11-17T10:23:45.128843-03:00","entity":"worker-0","event":"internal_processed","sim_time":12,"details":{"jump":5,"previous_lvt":7}}
{"wall_time":"2025-11-17T10:23:45.128848-03:00","entity":"worker-0","event":"external_received","sim_time":12,"event_id":3,"details":{"event_timestamp":10}}
{"wall_time":"2025-11-17T10:23:45.128851-03:00","entity":"scheduler","event":"external_dispatched","sim_time":32,"event_id":12}
{"wall_time":"2025-11-17T10:23:45.128851-03:00","entity":"worker-0","event":"checkpoint_created","sim_time":12,"details":{"history_len":3,"mode":"live"}}
{"wall_time":"2025-11-17T10:23:45.128862-03:00","entity":"worker-0","event":"straggler_detected","sim_time":12,"event_id":3,"details":{"event_timestamp":10}}
{"wall_time":"2025-11-17T10:23:45.128866-03:00","entity":"worker-0","event":"rollback_start","sim_time":5,"rollback_from":12,"rollback_to":10}
{"wall_time":"2025-11-17T10:23:45.128869-03:00","entity":"worker-0","event":"checkpoint_created","sim_time":5,"details":{"history_len":2,"mode":"replay"}}
{"wall_time":"2025-11-17T10:23:45.128872-03:00","entity":"worker-0","event":"external_processed","sim_time":6,"event_id":2,"details":{"from_replay":true,"previous_lvt":5}}
{"wall_time":"2025-11-17T10:23:45.128875-03:00","entity":"worker-0","event":"internal_processed","sim_time":10,"details":{"jump":4,"previous_lvt":6}}
{"wall_time":"2025-11-17T10:23:45.128878-03:00","entity":"worker-0","event":"internal_processed","sim_time":11,"details":{"jump":1,"previous_lvt":10}}
{"wall_time":"2025-11-17T10:23:45.128881-03:00","entity":"worker-0","event":"internal_processed","sim_time":12,"details":{"jump":1,"previous_lvt":11}}
{"wall_time":"2025-11-17T10:23:45.128884-03:00","entity":"worker-0","event":"checkpoint_created","sim_time":12,"details":{"history_len":3,"mode":"replay"}}
{"wall_time":"2025-11-17T10:23:45.128887-03:00","entity":"worker-0","event":"external_processed","sim_time":10,"event_id":3,"details":{"from_replay":true,"previous_lvt":12}}
{"wall_time":"2025-11-17T10:23:45.128891-03:00","entity":"worker-0","event":"internal_processed","sim_time":15,"details":{"jump":5,"previous_lvt":10}}
{"wall_time":"2025-11-17T10:23:45.128894-03:00","entity":"worker-0","event":"rollback_end","sim_time":15,"rollback_from":12,"rollback_to":10}
{"wall_time":"2025-11-17T10:23:45.128898-03:00","entity":"worker-0","event":"external_received","sim_time":15,"event_id":4,"details":{"event_timestamp":14}}
{"wall_time":"2025-11-17T10:23:45.128904-03:00","entity":"worker-0","event":"checkpoint_created","sim_time":15,"details":{"history_len":4,"mode":"live"}}
{"wall_time":"2025-11-17T10:23:45.128907-03:00","entity":"worker-0","event":"straggler_detected","sim_time":15,"event_id":4,"details":{"event_timestamp":14}}
{"wall_time":"2025-11-17T10:23:45.128912-03:00","entity":"worker-0","event":"rollback_start","sim_time":12,"rollback_from":15,"rollback_to":14}
{"wall_time":"2025-11-17T10:23:45.128914-03:00","entity":"worker-0","event":"checkpoint_created","sim_time":12,"details":{"history_len":3,"mode":"replay"}}
{"wall_time":"2025-11-17T10:23:45.128917-03:00","entity":"worker-0","event":"external_processed","sim_time":10,"event_id":3,"details":{"from_replay":true,"previous_lvt":12}}
{"wall_time":"2025-11-17T10:23:45.128921-03:00","entity":"worker-0","event":"internal_processed","sim_time":11,"details":{"jump":1,"previous_lvt":10}}
{"wall_time":"2025-11-17T10:23:45.128929-03:00","entity":"worker-0","event":"internal_processed","sim_time":12,"details":{"jump":1,"previous_lvt":11}}
{"wall_time":"2025-11-17T10:23:45.128933-03:00","entity":"worker-0","event":"internal_processed","sim_time":13,"details":{"jump":1,"previous_lvt":12}}
{"wall_time":"2025-11-17T10:23:45.128936-03:00","entity":"worker-0","event":"checkpoint_created","sim_time":13,"details":{"history_len":4,"mode":"replay"}}
{"wall_time":"2025-11-17T10:23:45.128939-03:00","entity":"worker-0","event":"external_processed","sim_time":14,"event_id":4,"details":{"from_replay":true,"previous_lvt":13}}
{"wall_time":"2025-11-17T10:23:45.128942-03:00","entity":"worker-0","event":"internal_processed","sim_time":15,"details":{"jump":1,"previous_lvt":14}}
{"wall_time":"2025-11-17T10:23:45.128946-03:00","entity":"worker-0","event":"internal_processed","sim_time":20,"details":{"jump":5,"previous_lvt":15}}
{"wall_time":"2025-11-17T10:23:45.128949-03:00","entity":"worker-0","event":"rollback_end","sim_time":20,"rollback_from":15,"rollback_to":14}
{"wall_time":"2025-11-17T10:23:45.128951-03:00","entity":"worker-0","event":"external_received","sim_time":20,"event_id":5,"details":{"event_timestamp":16}}
{"wall_time":"2025-11-17T10:23:45.128954-03:00","entity":"worker-0","event":"checkpoint_created","sim_time":20,"details":{"history_len":5,"mode":"live"}}
{"wall_time":"2025-11-17T10:23:45.128957-03:00","entity":"worker-0","event":"straggler_detected","sim_time":20,"event_id":5,"details":{"event_timestamp":16}}
{"wall_time":"2025-11-17T10:23:45.12896-03:00","entity":"worker-0","event":"rollback_start","sim_time":13,"rollback_from":20,"rollback_to":16}
{"wall_time":"2025-11-17T10:23:45.128963-03:00","entity":"worker-0","event":"checkpoint_created","sim_time":13,"details":{"history_len":4,"mode":"replay"}}
{"wall_time":"2025-11-17T10:23:45.128966-03:00","entity":"worker-0","event":"external_processed","sim_time":14,"event_id":4,"details":{"from_replay":true,"previous_lvt":13}}
{"wall_time":"2025-11-17T10:23:45.128968-03:00","entity":"worker-0","event":"internal_processed","sim_time":18,"details":{"jump":4,"previous_lvt":14}}
{"wall_time":"2025-11-17T10:23:45.128971-03:00","entity":"worker-0","event":"internal_processed","sim_time":19,"details":{"jump":1,"previous_lvt":18}}
{"wall_time":"2025-11-17T10:23:45.128975-03:00","entity":"worker-0","event":"checkpoint_created","sim_time":19,"details":{"history_len":5,"mode":"replay"}}
{"wall_time":"2025-11-17T10:23:45.128978-03:00","entity":"worker-0","event":"external_processed","sim_time":16,"event_id":5,"details":{"from_replay":true,"previous_lvt":19}}
{"wall_time":"2025-11-17T10:23:45.128982-03:00","entity":"worker-0","event":"internal_processed","sim_time":18,"details":{"jump":2,"previous_lvt":16}}
{"wall_time":"2025-11-17T10:23:45.128901-03:00","entity":"scheduler","event":"external_dispatched","sim_time":33,"event_id":13}
{"wall_time":"2025-11-17T10:23:45.12899-03:00","entity":"scheduler","event":"external_dispatched","sim_time":35,"event_id":14}
{"wall_time":"2025-11-17T10:23:45.128985-03:00","entity":"worker-0","event":"internal_processed","sim_time":23,"details":{"jump":5,"previous_lvt":18}}
{"wall_time":"2025-11-17T10:23:45.129006-03:00","entity":"worker-0","event":"internal_processed","sim_time":24,"details":{"jump":1,"previous_lvt":23}}
{"wall_time":"2025-11-17T10:23:45.129011-03:00","entity":"worker-0","event":"rollback_end","sim_time":24,"rollback_from":20,"rollback_to":16}
{"wall_time":"2025-11-17T10:23:45.129016-03:00","entity":"worker-0","event":"external_received","sim_time":24,"event_id":6,"details":{"event_timestamp":20}}
{"wall_time":"2025-11-17T10:23:45.129018-03:00","entity":"scheduler","event":"external_dispatched","sim_time":39,"event_id":15}
{"wall_time":"2025-11-17T10:23:45.129018-03:00","entity":"worker-0","event":"checkpoint_created","sim_time":24,"details":{"history_len":6,"mode":"live"}}
{"wall_time":"2025-11-17T10:23:45.129027-03:00","entity":"worker-0","event":"straggler_detected","sim_time":24,"event_id":6,"details":{"event_timestamp":20}}
{"wall_time":"2025-11-17T10:23:45.129035-03:00","entity":"worker-0","event":"rollback_start","sim_time":19,"rollback_from":24,"rollback_to":20}
{"wall_time":"2025-11-17T10:23:45.129038-03:00","entity":"worker-0","event":"checkpoint_created","sim_time":19,"details":{"history_len":5,"mode":"replay"}}
{"wall_time":"2025-11-17T10:23:45.129041-03:00","entity":"worker-0","event":"external_processed","sim_time":16,"event_id":5,"details":{"from_replay":true,"previous_lvt":19}}
{"wall_time":"2025-11-17T10:23:45.129044-03:00","entity":"worker-0","event":"internal_processed","sim_time":18,"details":{"jump":2,"previous_lvt":16}}
{"wall_time":"2025-11-17T10:23:45.129047-03:00","entity":"worker-0","event":"checkpoint_created","sim_time":18,"details":{"history_len":6,"mode":"replay"}}
{"wall_time":"2025-11-17T10:23:45.12905-03:00","entity":"worker-0","event":"external_processed","sim_time":20,"event_id":6,"details":{"from_replay":true,"previous_lvt":18}}
{"wall_time":"2025-11-17T10:23:45.129053-03:00","entity":"worker-0","event":"internal_processed","sim_time":24,"details":{"jump":4,"previous_lvt":20}}
{"wall_time":"2025-11-17T10:23:45.129056-03:00","entity":"worker-0","event":"rollback_end","sim_time":24,"rollback_from":24,"rollback_to":20}
{"wall_time":"2025-11-17T10:23:45.129062-03:00","entity":"worker-0","event":"external_received","sim_time":24,"event_id":7,"details":{"event_timestamp":21}}
{"wall_time":"2025-11-17T10:23:45.129066-03:00","entity":"worker-0","event":"checkpoint_created","sim_time":24,"details":{"history_len":7,"mode":"live"}}
{"wall_time":"2025-11-17T10:23:45.12907-03:00","entity":"worker-0","event":"straggler_detected","sim_time":24,"event_id":7,"details":{"event_timestamp":21}}
{"wall_time":"2025-11-17T10:23:45.129065-03:00","entity":"scheduler","event":"external_dispatched","sim_time":41,"event_id":16}
{"wall_time":"2025-11-17T10:23:45.129073-03:00","entity":"worker-0","event":"rollback_start","sim_time":18,"rollback_from":24,"rollback_to":21}
{"wall_time":"2025-11-17T10:23:45.129082-03:00","entity":"worker-0","event":"checkpoint_created","sim_time":18,"details":{"history_len":6,"mode":"replay"}}
{"wall_time":"2025-11-17T10:23:45.129085-03:00","entity":"worker-0","event":"external_processed","sim_time":20,"event_id":6,"details":{"from_replay":true,"previous_lvt":18}}
{"wall_time":"2025-11-17T10:23:45.129088-03:00","entity":"worker-0","event":"internal_processed","sim_time":24,"details":{"jump":4,"previous_lvt":20}}
{"wall_time":"2025-11-17T10:23:45.129091-03:00","entity":"worker-0","event":"checkpoint_created","sim_time":24,"details":{"history_len":7,"mode":"replay"}}
{"wall_time":"2025-11-17T10:23:45.129094-03:00","entity":"worker-0","event":"external_processed","sim_time":21,"event_id":7,"details":{"from_replay":true,"previous_lvt":24}}
{"wall_time":"2025-11-17T10:23:45.129097-03:00","entity":"worker-0","event":"internal_processed","sim_time":25,"details":{"jump":4,"previous_lvt":21}}
{"wall_time":"2025-11-17T10:23:45.129099-03:00","entity":"worker-0","event":"internal_processed","sim_time":30,"details":{"jump":5,"previous_lvt":25}}
{"wall_time":"2025-11-17T10:23:45.129102-03:00","entity":"worker-0","event":"rollback_end","sim_time":30,"rollback_from":24,"rollback_to":21}
{"wall_time":"2025-11-17T10:23:45.129106-03:00","entity":"worker-0","event":"external_received","sim_time":30,"event_id":8,"details":{"event_timestamp":22}}
{"wall_time":"2025-11-17T10:23:45.129109-03:00","entity":"worker-0","event":"checkpoint_created","sim_time":30,"details":{"history_len":8,"mode":"live"}}
{"wall_time":"2025-11-17T10:23:45.129114-03:00","entity":"worker-0","event":"straggler_detected","sim_time":30,"event_id":8,"details":{"event_timestamp":22}}
{"wall_time":"2025-11-17T10:23:45.129118-03:00","entity":"worker-0","event":"rollback_start","sim_time":18,"rollback_from":30,"rollback_to":22}
{"wall_time":"2025-11-17T10:23:45.129121-03:00","entity":"worker-0","event":"checkpoint_created","sim_time":18,"details":{"history_len":6,"mode":"replay"}}
{"wall_time":"2025-11-17T10:23:45.129126-03:00","entity":"worker-0","event":"external_processed","sim_time":20,"event_id":6,"details":{"from_replay":true,"previous_lvt":18}}
{"wall_time":"2025-11-17T10:23:45.129148-03:00","entity":"worker-0","event":"internal_processed","sim_time":25,"details":{"jump":5,"previous_lvt":20}}
{"wall_time":"2025-11-17T10:23:45.129162-03:00","entity":"worker-0","event":"internal_processed","sim_time":30,"details":{"jump":5,"previous_lvt":25}}
{"wall_time":"2025-11-17T10:23:45.129168-03:00","entity":"worker-0","event":"checkpoint_created","sim_time":30,"details":{"history_len":7,"mode":"replay"}}
{"wall_time":"2025-11-17T10:23:45.129172-03:00","entity":"worker-0","event":"external_processed","sim_time":21,"event_id":7,"details":{"from_replay":true,"previous_lvt":30}}
{"wall_time":"2025-11-17T10:23:45.129175-03:00","entity":"worker-0","event":"internal_processed","sim_time":23,"details":{"jump":2,"previous_lvt":21}}
{"wall_time":"2025-11-17T10:23:45.129178-03:00","entity":"worker-0","event":"internal_processed","sim_time":28,"details":{"jump":5,"previous_lvt":23}}
{"wall_time":"2025-11-17T10:23:45.129109-03:00","entity":"scheduler","event":"external_dispatched","sim_time":44,"event_id":17}
{"wall_time":"2025-11-17T10:23:45.129181-03:00","entity":"worker-0","event":"internal_processed","sim_time":33,"details":{"jump":5,"previous_lvt":28}}
{"wall_time":"2025-11-17T10:23:45.129198-03:00","entity":"worker-0","event":"checkpoint_created","sim_time":33,"details":{"history_len":8,"mode":"replay"}}
{"wall_time":"2025-11-17T10:23:45.129203-03:00","entity":"worker-0","event":"external_processed","sim_time":22,"event_id":8,"details":{"from_replay":true,"previous_lvt":33}}
{"wall_time":"2025-11-17T10:23:45.129207-03:00","entity":"worker-0","event":"internal_processed","sim_time":24,"details":{"jump":2,"previous_lvt":22}}
{"wall_time":"2025-11-17T10:23:45.129211-03:00","entity":"worker-0","event":"internal_processed","sim_time":28,"details":{"jump":4,"previous_lvt":24}}
{"wall_time":"2025-11-17T10:23:45.129215-03:00","entity":"worker-0","event":"internal_processed","sim_time":30,"details":{"jump":2,"previous_lvt":28}}
{"wall_time":"2025-11-17T10:23:45.12922-03:00","entity":"worker-0","event":"rollback_end","sim_time":30,"rollback_from":30,"rollback_to":22}
{"wall_time":"2025-11-17T10:23:45.129226-03:00","entity":"worker-0","event":"external_received","sim_time":30,"event_id":9,"details":{"event_timestamp":25}}
{"wall_time":"2025-11-17T10:23:45.129233-03:00","entity":"scheduler","event":"external_dispatched","sim_time":47,"event_id":18}
{"wall_time":"2025-11-17T10:23:45.129234-03:00","entity":"worker-0","event":"checkpoint_created","sim_time":30,"details":{"history_len":9,"mode":"live"}}
{"wall_time":"2025-11-17T10:23:45.129245-03:00","entity":"worker-0","event":"straggler_detected","sim_time":30,"event_id":9,"details":{"event_timestamp":25}}
{"wall_time":"2025-11-17T10:23:45.129248-03:00","entity":"worker-0","event":"rollback_start","sim_time":18,"rollback_from":30,"rollback_to":25}
{"wall_time":"2025-11-17T10:23:45.12925-03:00","entity":"worker-0","event":"checkpoint_created","sim_time":18,"details":{"history_len":6,"mode":"replay"}}
{"wall_time":"2025-11-17T10:23:45.129255-03:00","entity":"worker-0","event":"external_processed","sim_time":20,"event_id":6,"details":{"from_replay":true,"previous_lvt":18}}
{"wall_time":"2025-11-17T10:23:45.12926-03:00","entity":"worker-0","event":"internal_processed","sim_time":24,"details":{"jump":4,"previous_lvt":20}}
{"wall_time":"2025-11-17T10:23:45.129264-03:00","entity":"worker-0","event":"internal_processed","sim_time":28,"details":{"jump":4,"previous_lvt":24}}
{"wall_time":"2025-11-17T10:23:45.129268-03:00","entity":"worker-0","event":"internal_processed","sim_time":33,"details":{"jump":5,"previous_lvt":28}}
{"wall_time":"2025-11-17T10:23:45.129272-03:00","entity":"worker-0","event":"checkpoint_created","sim_time":33,"details":{"history_len":7,"mode":"replay"}}
{"wall_time":"2025-11-17T10:23:45.129278-03:00","entity":"worker-0","event":"external_processed","sim_time":21,"event_id":7,"details":{"from_replay":true,"previous_lvt":33}}
{"wall_time":"2025-11-17T10:23:45.12929-03:00","entity":"worker-0","event":"internal_processed","sim_time":23,"details":{"jump":2,"previous_lvt":21}}
{"wall_time":"2025-11-17T10:23:45.129293-03:00","entity":"worker-0","event":"checkpoint_created","sim_time":23,"details":{"history_len":8,"mode":"replay"}}
{"wall_time":"2025-11-17T10:23:45.129297-03:00","entity":"worker-0","event":"external_processed","sim_time":22,"event_id":8,"details":{"from_replay":true,"previous_lvt":23}}
{"wall_time":"2025-11-17T10:23:45.1293-03:00","entity":"worker-0","event":"internal_processed","sim_time":27,"details":{"jump":5,"previous_lvt":22}}
{"wall_time":"2025-11-17T10:23:45.129303-03:00","entity":"worker-0","event":"checkpoint_created","sim_time":27,"details":{"history_len":9,"mode":"replay"}}
{"wall_time":"2025-11-17T10:23:45.129306-03:00","entity":"worker-0","event":"external_processed","sim_time":25,"event_id":9,"details":{"from_replay":true,"previous_lvt":27}}
{"wall_time":"2025-11-17T10:23:45.129308-03:00","entity":"worker-0","event":"internal_processed","sim_time":27,"details":{"jump":2,"previous_lvt":25}}
{"wall_time":"2025-11-17T10:23:45.129311-03:00","entity":"worker-0","event":"internal_processed","sim_time":32,"details":{"jump":5,"previous_lvt":27}}
{"wall_time":"2025-11-17T10:23:45.129314-03:00","entity":"worker-0","event":"internal_processed","sim_time":33,"details":{"jump":1,"previous_lvt":32}}
{"wall_time":"2025-11-17T10:23:45.129317-03:00","entity":"worker-0","event":"rollback_end","sim_time":33,"rollback_from":30,"rollback_to":25}
{"wall_time":"2025-11-17T10:23:45.129321-03:00","entity":"worker-0","event":"external_received","sim_time":33,"event_id":10,"details":{"event_timestamp":26}}
{"wall_time":"2025-11-17T10:23:45.129324-03:00","entity":"worker-0","event":"checkpoint_created","sim_time":33,"details":{"history_len":10,"mode":"live"}}
{"wall_time":"2025-11-17T10:23:45.129327-03:00","entity":"worker-0","event":"straggler_detected","sim_time":33,"event_id":10,"details":{"event_timestamp":26}}
{"wall_time":"2025-11-17T10:23:45.12933-03:00","entity":"worker-0","event":"rollback_start","sim_time":23,"rollback_from":33,"rollback_to":26}
{"wall_time":"2025-11-17T10:23:45.129332-03:00","entity":"worker-0","event":"checkpoint_created","sim_time":23,"details":{"history_len":8,"mode":"replay"}}
{"wall_time":"2025-11-17T10:23:45.129335-03:00","entity":"worker-0","event":"external_processed","sim_time":22,"event_id":8,"details":{"from_replay":true,"previous_lvt":23}}
{"wall_time":"2025-11-17T10:23:45.129338-03:00","entity":"worker-0","event":"internal_processed","sim_time":27,"details":{"jump":5,"previous_lvt":22}}
{"wall_time":"2025-11-17T10:23:45.129342-03:00","entity":"worker-0","event":"internal_processed","sim_time":29,"details":{"jump":2,"previous_lvt":27}}
{"wall_time":"2025-11-17T10:23:45.129346-03:00","entity":"worker-0","event":"internal_processed","sim_time":30,"details":{"jump":1,"previous_lvt":29}}
{"wall_time":"2025-11-17T10:23:45.129348-03:00","entity":"worker-0","event":"checkpoint_created","sim_time":30,"details":{"history_len":9,"mode":"replay"}}
{"wall_time":"2025-11-17T10:23:45.129323-03:00","entity":"scheduler","event":"external_dispatched","sim_time":49,"event_id":19}
{"wall_time":"2025-11-17T10:23:45.129352-03:00","entity":"worker-0","event":"external_processed","sim_time":25,"event_id":9,"details":{"from_replay":true,"previous_lvt":30}}
{"wall_time":"2025-11-17T10:23:45.129362-03:00","entity":"worker-0","event":"internal_processed","sim_time":30,"details":{"jump":5,"previous_lvt":25}}
{"wall_time":"2025-11-17T10:23:45.129366-03:00","entity":"worker-0","event":"internal_processed","sim_time":34,"details":{"jump":4,"previous_lvt":30}}
{"wall_time":"2025-11-17T10:23:45.12937-03:00","entity":"worker-0","event":"internal_processed","sim_time":36,"details":{"jump":2,"previous_lvt":34}}
{"wall_time":"2025-11-17T10:23:45.129374-03:00","entity":"worker-0","event":"checkpoint_created","sim_time":36,"details":{"history_len":10,"mode":"replay"}}
{"wall_time":"2025-11-17T10:23:45.12938-03:00","entity":"worker-0","event":"external_processed","sim_time":26,"event_id":10,"details":{"from_replay":true,"previous_lvt":36}}
{"wall_time":"2025-11-17T10:23:45.129392-03:00","entity":"worker-0","event":"internal_processed","sim_time":27,"details":{"jump":1,"previous_lvt":26}}
{"wall_time":"2025-11-17T10:23:45.129395-03:00","entity":"worker-0","event":"internal_processed","sim_time":31,"details":{"jump":4,"previous_lvt":27}}
{"wall_time":"2025-11-17T10:23:45.129398-03:00","entity":"worker-0","event":"internal_processed","sim_time":35,"details":{"jump":4,"previous_lvt":31}}
{"wall_time":"2025-11-17T10:23:45.129401-03:00","entity":"worker-0","event":"rollback_end","sim_time":35,"rollback_from":33,"rollback_to":26}
{"wall_time":"2025-11-17T10:23:45.129405-03:00","entity":"worker-0","event":"external_received","sim_time":35,"event_id":11,"details":{"event_timestamp":29}}
{"wall_time":"2025-11-17T10:23:45.129408-03:00","entity":"worker-0","event":"checkpoint_created","sim_time":35,"details":{"history_len":11,"mode":"live"}}
{"wall_time":"2025-11-17T10:23:45.12941-03:00","entity":"worker-0","event":"straggler_detected","sim_time":35,"event_id":11,"details":{"event_timestamp":29}}
{"wall_time":"2025-11-17T10:23:45.129413-03:00","entity":"worker-0","event":"rollback_start","sim_time":23,"rollback_from":35,"rollback_to":29}
{"wall_time":"2025-11-17T10:23:45.129416-03:00","entity":"worker-0","event":"checkpoint_created","sim_time":23,"details":{"history_len":8,"mode":"replay"}}
{"wall_time":"2025-11-17T10:23:45.12942-03:00","entity":"worker-0","event":"external_processed","sim_time":22,"event_id":8,"details":{"from_replay":true,"previous_lvt":23}}
{"wall_time":"2025-11-17T10:23:45.129423-03:00","entity":"worker-0","event":"internal_processed","sim_time":26,"details":{"jump":4,"previous_lvt":22}}
{"wall_time":"2025-11-17T10:23:45.129426-03:00","entity":"worker-0","event":"checkpoint_created","sim_time":26,"details":{"history_len":9,"mode":"replay"}}
{"wall_time":"2025-11-17T10:23:45.129432-03:00","entity":"worker-0","event":"external_processed","sim_time":25,"event_id":9,"details":{"from_replay":true,"previous_lvt":26}}
{"wall_time":"2025-11-17T10:23:45.129436-03:00","entity":"worker-0","event":"internal_processed","sim_time":29,"details":{"jump":4,"previous_lvt":25}}
{"wall_time":"2025-11-17T10:23:45.129439-03:00","entity":"worker-0","event":"checkpoint_created","sim_time":29,"details":{"history_len":10,"mode":"replay"}}
{"wall_time":"2025-11-17T10:23:45.129441-03:00","entity":"worker-0","event":"external_processed","sim_time":26,"event_id":10,"details":{"from_replay":true,"previous_lvt":29}}
{"wall_time":"2025-11-17T10:23:45.129444-03:00","entity":"worker-0","event":"internal_processed","sim_time":28,"details":{"jump":2,"previous_lvt":26}}
{"wall_time":"2025-11-17T10:23:45.129447-03:00","entity":"worker-0","event":"internal_processed","sim_time":31,"details":{"jump":3,"previous_lvt":28}}
{"wall_time":"2025-11-17T10:23:45.12945-03:00","entity":"worker-0","event":"checkpoint_created","sim_time":31,"details":{"history_len":11,"mode":"replay"}}
{"wall_time":"2025-11-17T10:23:45.129453-03:00","entity":"worker-0","event":"external_processed","sim_time":29,"event_id":11,"details":{"from_replay":true,"previous_lvt":31}}
{"wall_time":"2025-11-17T10:23:45.129456-03:00","entity":"worker-0","event":"internal_processed","sim_time":34,"details":{"jump":5,"previous_lvt":29}}
{"wall_time":"2025-11-17T10:23:45.129458-03:00","entity":"worker-0","event":"internal_processed","sim_time":37,"details":{"jump":3,"previous_lvt":34}}
{"wall_time":"2025-11-17T10:23:45.129461-03:00","entity":"worker-0","event":"internal_processed","sim_time":40,"details":{"jump":3,"previous_lvt":37}}
{"wall_time":"2025-11-17T10:23:45.129464-03:00","entity":"worker-0","event":"rollback_end","sim_time":40,"rollback_from":35,"rollback_to":29}
{"wall_time":"2025-11-17T10:23:45.129466-03:00","entity":"worker-0","event":"external_received","sim_time":40,"event_id":12,"details":{"event_timestamp":32}}
{"wall_time":"2025-11-17T10:23:45.129469-03:00","entity":"worker-0","event":"checkpoint_created","sim_time":40,"details":{"history_len":12,"mode":"live"}}
{"wall_time":"2025-11-17T10:23:45.129475-03:00","entity":"worker-0","event":"straggler_detected","sim_time":40,"event_id":12,"details":{"event_timestamp":32}}
{"wall_time":"2025-11-17T10:23:45.129478-03:00","entity":"worker-0","event":"rollback_start","sim_time":31,"rollback_from":40,"rollback_to":32}
{"wall_time":"2025-11-17T10:23:45.12948-03:00","entity":"worker-0","event":"checkpoint_created","sim_time":31,"details":{"history_len":11,"mode":"replay"}}
{"wall_time":"2025-11-17T10:23:45.129483-03:00","entity":"worker-0","event":"external_processed","sim_time":29,"event_id":11,"details":{"from_replay":true,"previous_lvt":31}}
{"wall_time":"2025-11-17T10:23:45.129486-03:00","entity":"worker-0","event":"internal_processed","sim_time":32,"details":{"jump":3,"previous_lvt":29}}
{"wall_time":"2025-11-17T10:23:45.129488-03:00","entity":"worker-0","event":"internal_processed","sim_time":37,"details":{"jump":5,"previous_lvt":32}}
{"wall_time":"2025-11-17T10:23:45.129491-03:00","entity":"worker-0","event":"internal_processed","sim_time":40,"details":{"jump":3,"previous_lvt":37}}
{"wall_time":"2025-11-17T10:23:45.129494-03:00","entity":"worker-0","event":"checkpoint_created","sim_time":40,"details":{"history_len":12,"mode":"replay"}}
{"wall_time":"2025-11-17T10:23:45.129496-03:00","entity":"worker-0","event":"external_processed","sim_time":32,"event_id":12,"details":{"from_replay":true,"previous_lvt":40}}
{"wall_time":"2025-11-17T10:23:45.129499-03:00","entity":"worker-0","event":"internal_processed","sim_time":35,"details":{"jump":3,"previous_lvt":32}}
{"wall_time":"2025-11-17T10:23:45.129502-03:00","entity":"worker-0","event":"rollback_end","sim_time":35,"rollback_from":40,"rollback_to":32}
{"wall_time":"2025-11-17T10:23:45.129504-03:00","entity":"worker-0","event":"external_received","sim_time":35,"event_id":13,"details":{"event_timestamp":33}}
{"wall_time":"2025-11-17T10:23:45.129507-03:00","entity":"worker-0","event":"checkpoint_created","sim_time":35,"details":{"history_len":13,"mode":"live"}}
{"wall_time":"2025-11-17T10:23:45.12951-03:00","entity":"worker-0","event":"straggler_detected","sim_time":35,"event_id":13,"details":{"event_timestamp":33}}
{"wall_time":"2025-11-17T10:23:45.129512-03:00","entity":"worker-0","event":"rollback_start","sim_time":31,"rollback_from":35,"rollback_to":33}
{"wall_time":"2025-11-17T10:23:45.129515-03:00","entity":"worker-0","event":"checkpoint_created","sim_time":31,"details":{"history_len":11,"mode":"replay"}}
{"wall_time":"2025-11-17T10:23:45.129517-03:00","entity":"worker-0","event":"external_processed","sim_time":29,"event_id":11,"details":{"from_replay":true,"previous_lvt":31}}
{"wall_time":"2025-11-17T10:23:45.12952-03:00","entity":"worker-0","event":"internal_processed","sim_time":34,"details":{"jump":5,"previous_lvt":29}}
{"wall_time":"2025-11-17T10:23:45.129524-03:00","entity":"worker-0","event":"checkpoint_created","sim_time":34,"details":{"history_len":12,"mode":"replay"}}
{"wall_time":"2025-11-17T10:23:45.129526-03:00","entity":"worker-0","event":"external_processed","sim_time":32,"event_id":12,"details":{"from_replay":true,"previous_lvt":34}}
{"wall_time":"2025-11-17T10:23:45.129529-03:00","entity":"worker-0","event":"internal_processed","sim_time":36,"details":{"jump":4,"previous_lvt":32}}
{"wall_time":"2025-11-17T10:23:45.129532-03:00","entity":"worker-0","event":"checkpoint_created","sim_time":36,"details":{"history_len":13,"mode":"replay"}}
{"wall_time":"2025-11-17T10:23:45.129535-03:00","entity":"worker-0","event":"external_processed","sim_time":33,"event_id":13,"details":{"from_replay":true,"previous_lvt":36}}
{"wall_time":"2025-11-17T10:23:45.129538-03:00","entity":"worker-0","event":"internal_processed","sim_time":38,"details":{"jump":5,"previous_lvt":33}}
{"wall_time":"2025-11-17T10:23:45.129542-03:00","entity":"worker-0","event":"internal_processed","sim_time":39,"details":{"jump":1,"previous_lvt":38}}
{"wall_time":"2025-11-17T10:23:45.129545-03:00","entity":"worker-0","event":"rollback_end","sim_time":39,"rollback_from":35,"rollback_to":33}
{"wall_time":"2025-11-17T10:23:45.129552-03:00","entity":"worker-0","event":"external_received","sim_time":39,"event_id":14,"details":{"event_timestamp":35}}
{"wall_time":"2025-11-17T10:23:45.129555-03:00","entity":"worker-0","event":"checkpoint_created","sim_time":39,"details":{"history_len":14,"mode":"live"}}
{"wall_time":"2025-11-17T10:23:45.129557-03:00","entity":"worker-0","event":"straggler_detected","sim_time":39,"event_id":14,"details":{"event_timestamp":35}}
{"wall_time":"2025-11-17T10:23:45.12956-03:00","entity":"worker-0","event":"rollback_start","sim_time":34,"rollback_from":39,"rollback_to":35}
{"wall_time":"2025-11-17T10:23:45.129562-03:00","entity":"worker-0","event":"checkpoint_created","sim_time":34,"details":{"history_len":12,"mode":"replay"}}
{"wall_time":"2025-11-17T10:23:45.129565-03:00","entity":"worker-0","event":"external_processed","sim_time":32,"event_id":12,"details":{"from_replay":true,"previous_lvt":34}}
{"wall_time":"2025-11-17T10:23:45.129568-03:00","entity":"worker-0","event":"internal_processed","sim_time":33,"details":{"jump":1,"previous_lvt":32}}
{"wall_time":"2025-11-17T10:23:45.12957-03:00","entity":"worker-0","event":"checkpoint_created","sim_time":33,"details":{"history_len":13,"mode":"replay"}}
{"wall_time":"2025-11-17T10:23:45.129573-03:00","entity":"worker-0","event":"external_processed","sim_time":33,"event_id":13,"details":{"from_replay":true,"previous_lvt":33}}
{"wall_time":"2025-11-17T10:23:45.129576-03:00","entity":"worker-0","event":"internal_processed","sim_time":36,"details":{"jump":3,"previous_lvt":33}}
{"wall_time":"2025-11-17T10:23:45.129579-03:00","entity":"worker-0","event":"checkpoint_created","sim_time":36,"details":{"history_len":14,"mode":"replay"}}
{"wall_time":"2025-11-17T10:23:45.129582-03:00","entity":"worker-0","event":"external_processed","sim_time":35,"event_id":14,"details":{"from_replay":true,"previous_lvt":36}}
{"wall_time":"2025-11-17T10:23:45.129585-03:00","entity":"worker-0","event":"internal_processed","sim_time":38,"details":{"jump":3,"previous_lvt":35}}
{"wall_time":"2025-11-17T10:23:45.129588-03:00","entity":"worker-0","event":"internal_processed","sim_time":40,"details":{"jump":2,"previous_lvt":38}}
{"wall_time":"2025-11-17T10:23:45.129591-03:00","entity":"worker-0","event":"rollback_end","sim_time":40,"rollback_from":39,"rollback_to":35}
{"wall_time":"2025-11-17T10:23:45.129594-03:00","entity":"worker-0","event":"external_received","sim_time":40,"event_id":15,"details":{"event_timestamp":39}}
{"wall_time":"2025-11-17T10:23:45.129597-03:00","entity":"worker-0","event":"checkpoint_created","sim_time":40,"details":{"history_len":15,"mode":"live"}}
{"wall_time":"2025-11-17T10:23:45.1296-03:00","entity":"worker-0","event":"straggler_detected","sim_time":40,"event_id":15,"details":{"event_timestamp":39}}
{"wall_time":"2025-11-17T10:23:45.129603-03:00","entity":"worker-0","event":"rollback_start","sim_time":36,"rollback_from":40,"rollback_to":39}
{"wall_time":"2025-11-17T10:23:45.129606-03:00","entity":"worker-0","event":"checkpoint_created","sim_time":36,"details":{"history_len":14,"mode":"replay"}}
{"wall_time":"2025-11-17T10:23:45.129609-03:00","entity":"worker-0","event":"external_processed","sim_time":35,"event_id":14,"details":{"from_replay":true,"previous_lvt":36}}
{"wall_time":"2025-11-17T10:23:45.129613-03:00","entity":"worker-0","event":"internal_processed","sim_time":40,"details":{"jump":5,"previous_lvt":35}}
{"wall_time":"2025-11-17T10:23:45.129618-03:00","entity":"worker-0","event":"checkpoint_created","sim_time":40,"details":{"history_len":15,"mode":"replay"}}
{"wall_time":"2025-11-17T10:23:45.129622-03:00","entity":"worker-0","event":"external_processed","sim_time":39,"event_id":15,"details":{"from_replay":true,"previous_lvt":40}}
{"wall_time":"2025-11-17T10:23:45.129626-03:00","entity":"worker-0","event":"internal_processed","sim_time":43,"details":{"jump":4,"previous_lvt":39}}
{"wall_time":"2025-11-17T10:23:45.129631-03:00","entity":"worker-0","event":"rollback_end","sim_time":43,"rollback_from":40,"rollback_to":39}
{"wall_time":"2025-11-17T10:23:45.129649-03:00","entity":"worker-0","event":"external_received","sim_time":43,"event_id":16,"details":{"event_timestamp":41}}
{"wall_time":"2025-11-17T10:23:45.129654-03:00","entity":"worker-0","event":"checkpoint_created","sim_time":43,"details":{"history_len":16,"mode":"live"}}
{"wall_time":"2025-11-17T10:23:45.129657-03:00","entity":"worker-0","event":"straggler_detected","sim_time":43,"event_id":16,"details":{"event_timestamp":41}}
{"wall_time":"2025-11-17T10:23:45.129662-03:00","entity":"worker-0","event":"rollback_start","sim_time":40,"rollback_from":43,"rollback_to":41}
{"wall_time":"2025-11-17T10:23:45.129665-03:00","entity":"worker-0","event":"checkpoint_created","sim_time":40,"details":{"history_len":15,"mode":"replay"}}
{"wall_time":"2025-11-17T10:23:45.129668-03:00","entity":"worker-0","event":"external_processed","sim_time":39,"event_id":15,"details":{"from_replay":true,"previous_lvt":40}}
{"wall_time":"2025-11-17T10:23:45.12967-03:00","entity":"worker-0","event":"internal_processed","sim_time":42,"details":{"jump":3,"previous_lvt":39}}
{"wall_time":"2025-11-17T10:23:45.129673-03:00","entity":"worker-0","event":"internal_processed","sim_time":47,"details":{"jump":5,"previous_lvt":42}}
{"wall_time":"2025-11-17T10:23:45.129676-03:00","entity":"worker-0","event":"checkpoint_created","sim_time":47,"details":{"history_len":16,"mode":"replay"}}
{"wall_time":"2025-11-17T10:23:45.129679-03:00","entity":"worker-0","event":"external_processed","sim_time":41,"event_id":16,"details":{"from_replay":true,"previous_lvt":47}}
{"wall_time":"2025-11-17T10:23:45.129681-03:00","entity":"worker-0","event":"internal_processed","sim_time":45,"details":{"jump":4,"previous_lvt":41}}
{"wall_time":"2025-11-17T10:23:45.129684-03:00","entity":"worker-0","event":"internal_processed","sim_time":50,"details":{"jump":5,"previous_lvt":45}}
{"wall_time":"2025-11-17T10:23:45.129687-03:00","entity":"worker-0","event":"rollback_end","sim_time":50,"rollback_from":43,"rollback_to":41}
{"wall_time":"2025-11-17T10:23:45.129689-03:00","entity":"worker-0","event":"external_received","sim_time":50,"event_id":17,"details":{"event_timestamp":44}}
{"wall_time":"2025-11-17T10:23:45.129692-03:00","entity":"worker-0","event":"checkpoint_created","sim_time":50,"details":{"history_len":17,"mode":"live"}}
{"wall_time":"2025-11-17T10:23:45.129694-03:00","entity":"worker-0","event":"straggler_detected","sim_time":50,"event_id":17,"details":{"event_timestamp":44}}
{"wall_time":"2025-11-17T10:23:45.129697-03:00","entity":"worker-0","event":"rollback_start","sim_time":40,"rollback_from":50,"rollback_to":44}
{"wall_time":"2025-11-17T10:23:45.1297-03:00","entity":"worker-0","event":"checkpoint_created","sim_time":40,"details":{"history_len":15,"mode":"replay"}}
{"wall_time":"2025-11-17T10:23:45.129703-03:00","entity":"worker-0","event":"external_processed","sim_time":39,"event_id":15,"details":{"from_replay":true,"previous_lvt":40}}
{"wall_time":"2025-11-17T10:23:45.129706-03:00","entity":"worker-0","event":"internal_processed","sim_time":40,"details":{"jump":1,"previous_lvt":39}}
{"wall_time":"2025-11-17T10:23:45.129712-03:00","entity":"worker-0","event":"checkpoint_created","sim_time":40,"details":{"history_len":16,"mode":"replay"}}
{"wall_time":"2025-11-17T10:23:45.129714-03:00","entity":"worker-0","event":"external_processed","sim_time":41,"event_id":16,"details":{"from_replay":true,"previous_lvt":40}}
{"wall_time":"2025-11-17T10:23:45.129718-03:00","entity":"worker-0","event":"internal_processed","sim_time":42,"details":{"jump":1,"previous_lvt":41}}
{"wall_time":"2025-11-17T10:23:45.129721-03:00","entity":"worker-0","event":"internal_processed","sim_time":44,"details":{"jump":2,"previous_lvt":42}}
{"wall_time":"2025-11-17T10:23:45.129724-03:00","entity":"worker-0","event":"checkpoint_created","sim_time":44,"details":{"history_len":17,"mode":"replay"}}
{"wall_time":"2025-11-17T10:23:45.129727-03:00","entity":"worker-0","event":"external_processed","sim_time":44,"event_id":17,"details":{"from_replay":true,"previous_lvt":44}}
{"wall_time":"2025-11-17T10:23:45.129735-03:00","entity":"worker-0","event":"internal_processed","sim_time":47,"details":{"jump":3,"previous_lvt":44}}
{"wall_time":"2025-11-17T10:23:45.129738-03:00","entity":"worker-0","event":"rollback_end","sim_time":47,"rollback_from":50,"rollback_to":44}
{"wall_time":"2025-11-17T10:23:45.12974-03:00","entity":"worker-0","event":"external_received","sim_time":47,"event_id":18,"details":{"event_timestamp":47}}
{"wall_time":"2025-11-17T10:23:45.129743-03:00","entity":"worker-0","event":"checkpoint_created","sim_time":47,"details":{"history_len":18,"mode":"live"}}
{"wall_time":"2025-11-17T10:23:45.129747-03:00","entity":"worker-0","event":"external_processed","sim_time":47,"event_id":18,"details":{"from_replay":false,"previous_lvt":47}}
{"wall_time":"2025-11-17T10:23:45.129751-03:00","entity":"worker-0","event":"internal_processed","sim_time":50,"details":{"jump":3,"previous_lvt":47}}
{"wall_time":"2025-11-17T10:23:45.129754-03:00","entity":"worker-0","event":"external_received","sim_time":50,"event_id":19,"details":{"event_timestamp":49}}
{"wall_time":"2025-11-17T10:23:45.129757-03:00","entity":"worker-0","event":"checkpoint_created","sim_time":50,"details":{"history_len":19,"mode":"live"}}
{"wall_time":"2025-11-17T10:23:45.12976-03:00","entity":"worker-0","event":"straggler_detected","sim_time":50,"event_id":19,"details":{"event_timestamp":49}}
{"wall_time":"2025-11-17T10:23:45.129763-03:00","entity":"worker-0","event":"rollback_start","sim_time":47,"rollback_from":50,"rollback_to":49}
{"wall_time":"2025-11-17T10:23:45.129765-03:00","entity":"worker-0","event":"checkpoint_created","sim_time":47,"details":{"history_len":18,"mode":"replay"}}
{"wall_time":"2025-11-17T10:23:45.129768-03:00","entity":"worker-0","event":"external_processed","sim_time":47,"event_id":18,"details":{"from_replay":true,"previous_lvt":47}}
{"wall_time":"2025-11-17T10:23:45.129771-03:00","entity":"worker-0","event":"internal_processed","sim_time":49,"details":{"jump":2,"previous_lvt":47}}
{"wall_time":"2025-11-17T10:23:45.129774-03:00","entity":"worker-0","event":"checkpoint_created","sim_time":49,"details":{"history_len":19,"mode":"replay"}}
{"wall_time":"2025-11-17T10:23:45.129778-03:00","entity":"worker-0","event":"external_processed","sim_time":49,"event_id":19,"details":{"from_replay":true,"previous_lvt":49}}
{"wall_time":"2025-11-17T10:23:45.129781-03:00","entity":"worker-0","event":"internal_processed","sim_time":50,"details":{"jump":1,"previous_lvt":49}}
{"wall_time":"2025-11-17T10:23:45.129784-03:00","entity":"worker-0","event":"rollback_end","sim_time":50,"rollback_from":50,"rollback_to":49}
{"wall_time":"2025-11-17T10:23:45.129786-03:00","entity":"worker-0","event":"worker_stopped","sim_time":50}
