{"wall_time":"2025-11-17T10:23:45.130915-03:00","entity":"scheduler","event":"external_dispatched","sim_time":2}
{"wall_time":"2025-11-17T10:23:45.130926-03:00","entity":"scheduler","event":"external_dispatched","sim_time":3,"event_id":1}
{"wall_time":"2025-11-17T10:23:45.13093-03:00","entity":"scheduler","event":"external_dispatched","sim_time":6,"event_id":2,"target_worker":2}
{"wall_time":"2025-11-17T10:23:45.130932-03:00","entity":"scheduler","event":"external_dispatched","sim_time":10,"event_id":3,"target_worker":2}
{"wall_time":"2025-11-17T10:23:45.130935-03:00","entity":"scheduler","event":"external_dispatched","sim_time":14,"event_id":4,"target_worker":1}
{"wall_time":"2025-11-17T10:23:45.130937-03:00","entity":"scheduler","event":"external_dispatched","sim_time":16,"event_id":5}
{"wall_time":"2025-11-17T10:23:45.13094-03:00","entity":"scheduler","event":"external_dispatched","sim_time":20,"event_id":6,"target_worker":2}
{"wall_time":"2025-11-17T10:23:45.130942-03:00","entity":"scheduler","event":"external_dispatched","sim_time":21,"event_id":7,"target_worker":3}
{"wall_time":"2025-11-17T10:23:45.130945-03:00","entity":"scheduler","event":"external_dispatched","sim_time":22,"event_id":8,"target_worker":3}
{"wall_time":"2025-11-17T10:23:45.130947-03:00","entity":"scheduler","event":"external_dispatched","sim_time":25,"event_id":9,"target_worker":3}
{"wall_time":"2025-11-17T10:23:45.13095-03:00","entity":"scheduler","event":"external_dispatched","sim_time":26,"event_id":10,"target_worker":2}
{"wall_time":"2025-11-17T10:23:45.13095-03:00","entity":"worker-1","event":"external_received","sim_time":0,"worker_id":1,"event_id":4,"details":{"event_timestamp":14}}
{"wall_time":"2025-11-17T10:23:45.130961-03:00","entity":"worker-1","event":"checkpoint_created","sim_time":0,"worker_id":1,"details":{"history_len":0,"mode":"live"}}
{"wall_time":"2025-11-17T10:23:45.130965-03:00","entity":"worker-1","event":"external_processed","sim_time":14,"worker_id":1,"event_id":4,"details":{"from_replay":false,"previous_lvt":0}}
{"wall_time":"2025-11-17T10:23:45.130968-03:00","entity":"worker-1","event":"internal_processed","sim_time":19,"worker_id":1,"details":{"jump":5,"previous_lvt":14}}
{"wall_time":"2025-11-17T10:23:45.130978-03:00","entity":"worker-1","event":"internal_processed","sim_time":22,"worker_id":1,"details":{"jump":3,"previous_lvt":19}}
{"wall_time":"2025-11-17T10:23:45.130981-03:00","entity":"worker-1","event":"internal_processed","sim_time":26,"worker_id":1,"details":{"jump":4,"previous_lvt":22}}
{"wall_time":"2025-11-17T10:23:45.130952-03:00","entity":"scheduler","event":"external_dispatched","sim_time":29,"event_id":11,"target_worker":1}
{"wall_time":"2025-11-17T10:23:45.130987-03:00","entity":"scheduler","event":"external_dispatched","sim_time":32,"event_id":12,"target_worker":2}
{"wall_time":"2025-11-17T10:23:45.130946-03:00","entity":"worker-0","event":"external_received","sim_time":0,"details":{"event_timestamp":2}}
{"wall_time":"2025-11-17T10:23:45.130997-03:00","entity":"worker-0","event":"checkpoint_created","sim_time":0,"details":{"history_len":0,"mode":"live"}}
{"wall_time":"2025-11-17T10:23:45.131-03:00","entity":"worker-0","event":"external_processed","sim_time":2,"details":{"from_replay":false,"previous_lvt":0}}
{"wall_time":"2025-11-17T10:23:45.131004-03:00","entity":"worker-0","event":"internal_processed","sim_time":6,"details":{"jump":4,"previous_lvt":2}}
{"wall_time":"2025-11-17T10:23:45.131013-03:00","entity":"worker-0","event":"internal_processed","sim_time":11,"details":{"jump":5,"previous_lvt":6}}
{"wall_time":"2025-11-17T10:23:45.131017-03:00","entity":"worker-0","event":"internal_processed","sim_time":12,"details":{"jump":1,"previous_lvt":11}}
{"wall_time":"2025-11-17T10:23:45.131021-03:00","entity":"worker-0","event":"external_received","sim_time":12,"event_id":1,"details":{"event_timestamp":3}}
{"wall_time":"2025-11-17T10:23:45.131024-03:00","entity":"worker-0","event":"checkpoint_created","sim_time":12,"details":{"history_len":1,"mode":"live"}}
{"wall_time":"2025-11-17T10:23:45.131027-03:00","entity":"worker-0","event":"straggler_detected","sim_time":12,"event_id":1,"details":{"event_timestamp":3}}
{"wall_time":"2025-11-17T10:23:45.13104-03:00","entity":"worker-0","event":"rollback_start","sim_time":0,"rollback_from":12,"rollback_to":3}
{"wall_time":"2025-11-17T10:23:45.131046-03:00","entity":"worker-0","event":"checkpoint_created","sim_time":0,"details":{"history_len":0,"mode":"replay"}}
{"wall_time":"2025-11-17T10:23:45.130952-03:00","entity":"worker-2","event":"external_received","sim_time":0,"worker_id":2,"event_id":2,"details":{"event_timestamp":6}}
{"wall_time":"2025-11-17T10:23:45.131059-03:00","entity":"worker-2","event":"checkpoint_created","sim_time":0,"worker_id":2,"details":{"history_len":0,"mode":"live"}}
{"wall_time":"2025-11-17T10:23:45.131062-03:00","entity":"worker-2","event":"external_processed","sim_time":6,"worker_id":2,"event_id":2,"details":{"from_replay":false,"previous_lvt":0}}
{"wall_time":"2025-11-17T10:23:45.131066-03:00","entity":"worker-2","event":"internal_processed","sim_time":10,"worker_id":2,"details":{"jump":4,"previous_lvt":6}}
{"wall_time":"2025-11-17T10:23:45.131073-03:00","entity":"worker-2","event":"internal_processed","sim_time":12,"worker_id":2,"details":{"jump":2,"previous_lvt":10}}
{"wall_time":"2025-11-17T10:23:45.131076-03:00","entity":"worker-2","event":"external_received","sim_time":12,"worker_id":2,"event_id":3,"details":{"event_timestamp":10}}
{"wall_time":"2025-11-17T10:23:45.131079-03:00","entity":"worker-2","event":"checkpoint_created","sim_time":12,"worker_id":2,"details":{"history_len":1,"mode":"live"}}
{"wall_time":"2025-11-17T10:23:45.131082-03:00","entity":"worker-2","event":"straggler_detected","sim_time":12,"worker_id":2,"event_id":3,"details":{"event_timestamp":10}}
{"wall_time":"2025-11-17T10:23:45.131088-03:00","entity":"worker-2","event":"rollback_start","sim_time":0,"worker_id":2,"rollback_from":12,"rollback_to":10}
{"wall_time":"2025-11-17T10:23:45.131091-03:00","entity":"worker-2","event":"checkpoint_created","sim_time":0,"worker_id":2,"details":{"history_len":0,"mode":"replay"}}
{"wall_time":"2025-11-17T10:23:45.131094-03:00","entity":"worker-2","event":"external_processed","sim_time":6,"worker_id":2,"event_id":2,"details":{"from_replay":true,"previous_lvt":0}}
{"wall_time":"2025-11-17T10:23:45.131097-03:00","entity":"worker-2","event":"internal_processed","sim_time":8,"worker_id":2,"details":{"jump":2,"previous_lvt":6}}
{"wall_time":"2025-11-17T10:23:45.130953-03:00","entity":"worker-3","event":"external_received","sim_time":0,"worker_id":3,"event_id":7,"details":{"event_timestamp":21}}
{"wall_time":"2025-11-17T10:23:45.131107-03:00","entity":"worker-3","event":"checkpoint_created","sim_time":0,"worker_id":3,"details":{"history_len":0,"mode":"live"}}
{"wall_time":"2025-11-17T10:23:45.131112-03:00","entity":"worker-3","event":"external_processed","sim_time":21,"worker_id":3,"event_id":7,"details":{"from_replay":false,"previous_lvt":0}}
{"wall_time":"2025-11-17T10:23:45.131115-03:00","entity":"worker-3","event":"internal_processed","sim_time":22,"worker_id":3,"details":{"jump":1,"previous_lvt":21}}
{"wall_time":"2025-11-17T10:23:45.131123-03:00","entity":"worker-3","event":"internal_processed","sim_time":27,"worker_id":3,"details":{"jump":5,"previous_lvt":22}}
{"wall_time":"2025-11-17T10:23:45.131126-03:00","entity":"worker-3","event":"internal_processed","sim_time":31,"worker_id":3,"details":{"jump":4,"previous_lvt":27}}
{"wall_time":"2025-11-17T10:23:45.131129-03:00","entity":"worker-3","event":"external_received","sim_time":31,"worker_id":3,"event_id":8,"details":{"event_timestamp":22}}
{"wall_time":"2025-11-17T10:23:45.131134-03:00","entity":"worker-3","event":"checkpoint_created","sim_time":31,"worker_id":3,"details":{"history_len":1,"mode":"live"}}
{"wall_time":"2025-11-17T10:23:45.131138-03:00","entity":"worker-3","event":"straggler_detected","sim_time":31,"worker_id":3,"event_id":8,"details":{"event_timestamp":22}}
{"wall_time":"2025-11-17T10:23:45.131141-03:00","entity":"worker-3","event":"rollback_start","sim_time":0,"worker_id":3,"rollback_from":31,"rollback_to":22}
{"wall_time":"2025-11-17T10:23:45.131147-03:00","entity":"worker-3","event":"checkpoint_created","sim_time":0,"worker_id":3,"details":{"history_len":0,"mode":"replay"}}
{"wall_time":"2025-11-17T10:23:45.13115-03:00","entity":"worker-3","event":"external_processed","sim_time":21,"worker_id":3,"event_id":7,"details":{"from_replay":true,"previous_lvt":0}}
{"wall_time":"2025-11-17T10:23:45.131153-03:00","entity":"worker-3","event":"internal_processed","sim_time":25,"worker_id":3,"details":{"jump":4,"previous_lvt":21}}
{"wall_time":"2025-11-17T10:23:45.131156-03:00","entity":"worker-3","event":"checkpoint_created","sim_time":25,"worker_id":3,"details":{"history_len":1,"mode":"replay"}}
{"wall_time":"2025-11-17T10:23:45.131159-03:00","entity":"worker-3","event":"external_processed","sim_time":22,"worker_id":3,"event_id":8,"details":{"from_replay":true,"previous_lvt":25}}
{"wall_time":"2025-11-17T10:23:45.131164-03:00","entity":"worker-3","event":"internal_processed","sim_time":24,"worker_id":3,"details":{"jump":2,"previous_lvt":22}}
{"wall_time":"2025-11-17T10:23:45.131167-03:00","entity":"worker-3","event":"rollback_end","sim_time":24,"worker_id":3,"rollback_from":31,"rollback_to":22}
{"wall_time":"2025-11-17T10:23:45.131169-03:00","entity":"worker-3","event":"external_received","sim_time":24,"worker_id":3,"event_id":9,"details":{"event_timestamp":25}}
{"wall_time":"2025-11-17T10:23:45.131172-03:00","entity":"worker-3","event":"checkpoint_created","sim_time":24,"worker_id":3,"details":{"history_len":2,"mode":"live"}}
{"wall_time":"2025-11-17T10:23:45.131176-03:00","entity":"worker-3","event":"external_processed","sim_time":25,"worker_id":3,"event_id":9,"details":{"from_replay":false,"previous_lvt":24}}
{"wall_time":"2025-11-17T10:23:45.131179-03:00","entity":"worker-3","event":"internal_processed","sim_time":29,"worker_id":3,"details":{"jump":4,"previous_lvt":25}}
{"wall_time":"2025-11-17T10:23:45.13099-03:00","entity":"scheduler","event":"external_dispatched","sim_time":33,"event_id":13}
{"wall_time":"2025-11-17T10:23:45.13119-03:00","entity":"scheduler","event":"external_dispatched","sim_time":35,"event_id":14,"target_worker":2}
{"wall_time":"2025-11-17T10:23:45.131193-03:00","entity":"scheduler","event":"external_dispatched","sim_time":39,"event_id":15,"target_worker":3}
{"wall_time":"2025-11-17T10:23:45.13099-03:00","entity":"worker-1","event":"external_received","sim_time":26,"worker_id":1,"event_id":11,"details":{"event_timestamp":29}}
{"wall_time":"2025-11-17T10:23:45.131201-03:00","entity":"worker-1","event":"checkpoint_created","sim_time":26,"worker_id":1,"details":{"history_len":1,"mode":"live"}}
{"wall_time":"2025-11-17T10:23:45.131204-03:00","entity":"worker-1","event":"external_processed","sim_time":29,"worker_id":1,"event_id":11,"details":{"from_replay":false,"previous_lvt":26}}
{"wall_time":"2025-11-17T10:23:45.131207-03:00","entity":"worker-1","event":"internal_processed","sim_time":30,"worker_id":1,"details":{"jump":1,"previous_lvt":29}}
{"wall_time":"2025-11-17T10:23:45.13105-03:00","entity":"worker-0","event":"external_processed","sim_time":2,"details":{"from_replay":true,"previous_lvt":0}}
{"wall_time":"2025-11-17T10:23:45.131213-03:00","entity":"worker-0","event":"internal_processed","sim_time":6,"details":{"jump":4,"previous_lvt":2}}
{"wall_time":"2025-11-17T10:23:45.131216-03:00","entity":"worker-0","event":"checkpoint_created","sim_time":6,"details":{"history_len":1,"mode":"replay"}}
{"wall_time":"2025-11-17T10:23:45.131219-03:00","entity":"worker-0","event":"external_processed","sim_time":3,"event_id":1,"details":{"from_replay":true,"previous_lvt":6}}
{"wall_time":"2025-11-17T10:23:45.131222-03:00","entity":"worker-0","event":"internal_processed","sim_time":4,"details":{"jump":1,"previous_lvt":3}}
{"wall_time":"2025-11-17T10:23:45.131225-03:00","entity":"worker-0","event":"internal_processed","sim_time":5,"details":{"jump":1,"previous_lvt":4}}
{"wall_time":"2025-11-17T10:23:45.131228-03:00","entity":"worker-0","event":"rollback_end","sim_time":5,"rollback_from":12,"rollback_to":3}
{"wall_time":"2025-11-17T10:23:45.131235-03:00","entity":"worker-0","event":"external_received","sim_time":5,"event_id":5,"details":{"event_timestamp":16}}
{"wall_time":"2025-11-17T10:23:45.13124-03:00","entity":"worker-0","event":"checkpoint_created","sim_time":5,"details":{"history_len":2,"mode":"live"}}
{"wall_time":"2025-11-17T10:23:45.131243-03:00","entity":"worker-0","event":"external_processed","sim_time":16,"event_id":5,"details":{"from_replay":false,"previous_lvt":5}}
{"wall_time":"2025-11-17T10:23:45.131247-03:00","entity":"worker-0","event":"internal_processed","sim_time":17,"details":{"jump":1,"previous_lvt":16}}
{"wall_time":"2025-11-17T10:23:45.13125-03:00","entity":"worker-0","event":"internal_processed","sim_time":22,"details":{"jump":5,"previous_lvt":17}}
{"wall_time":"2025-11-17T10:23:45.131253-03:00","entity":"worker-0","event":"external_received","sim_time":22,"event_id":13,"details":{"event_timestamp":33}}
{"wall_time":"2025-11-17T10:23:45.131258-03:00","entity":"worker-0","event":"checkpoint_created","sim_time":22,"details":{"history_len":3,"mode":"live"}}
{"wall_time":"2025-11-17T10:23:45.131261-03:00","entity":"worker-0","event":"external_processed","sim_time":33,"event_id":13,"details":{"from_replay":false,"previous_lvt":22}}
{"wall_time":"2025-11-17T10:23:45.131264-03:00","entity":"worker-0","event":"internal_processed","sim_time":37,"details":{"jump":4,"previous_lvt":33}}
{"wall_time":"2025-11-17T10:23:45.131268-03:00","entity":"worker-0","event":"internal_processed","sim_time":38,"details":{"jump":1,"previous_lvt":37}}
{"wall_time":"2025-11-17T10:23:45.131271-03:00","entity":"worker-0","event":"internal_processed","sim_time":39,"details":{"jump":1,"previous_lvt":38}}
{"wall_time":"2025-11-17T10:23:45.1311-03:00","entity":"worker-2","event":"checkpoint_created","sim_time":8,"worker_id":2,"details":{"history_len":1,"mode":"replay"}}
{"wall_time":"2025-11-17T10:23:45.131279-03:00","entity":"worker-2","event":"external_processed","sim_time":10,"worker_id":2,"event_id":3,"details":{"from_replay":true,"previous_lvt":8}}
{"wall_time":"2025-11-17T10:23:45.131283-03:00","entity":"worker-2","event":"internal_processed","sim_time":12,"worker_id":2,"details":{"jump":2,"previous_lvt":10}}
{"wall_time":"2025-11-17T10:23:45.131287-03:00","entity":"worker-2","event":"internal_processed","sim_time":13,"worker_id":2,"details":{"jump":1,"previous_lvt":12}}
{"wall_time":"2025-11-17T10:23:45.13129-03:00","entity":"worker-2","event":"rollback_end","sim_time":13,"worker_id":2,"rollback_from":12,"rollback_to":10}
{"wall_time":"2025-11-17T10:23:45.131292-03:00","entity":"worker-2","event":"external_received","sim_time":13,"worker_id":2,"event_id":6,"details":{"event_timestamp":20}}
{"wall_time":"2025-11-17T10:23:45.131295-03:00","entity":"worker-2","event":"checkpoint_created","sim_time":13,"worker_id":2,"details":{"history_len":2,"mode":"live"}}
{"wall_time":"2025-11-17T10:23:45.131302-03:00","entity":"worker-2","event":"external_processed","sim_time":20,"worker_id":2,"event_id":6,"details":{"from_replay":false,"previous_lvt":13}}
{"wall_time":"2025-11-17T10:23:45.131305-03:00","entity":"worker-2","event":"internal_processed","sim_time":24,"worker_id":2,"details":{"jump":4,"previous_lvt":20}}
{"wall_time":"2025-11-17T10:23:45.131308-03:00","entity":"worker-2","event":"external_received","sim_time":24,"worker_id":2,"event_id":10,"details":{"event_timestamp":26}}
{"wall_time":"2025-11-17T10:23:45.13131-03:00","entity":"worker-2","event":"checkpoint_created","sim_time":24,"worker_id":2,"details":{"history_len":3,"mode":"live"}}
{"wall_time":"2025-11-17T10:23:45.131314-03:00","entity":"worker-2","event":"external_processed","sim_time":26,"worker_id":2,"event_id":10,"details":{"from_replay":false,"previous_lvt":24}}
{"wall_time":"2025-11-17T10:23:45.131317-03:00","entity":"worker-2","event":"internal_processed","sim_time":31,"worker_id":2,"details":{"jump":5,"previous_lvt":26}}
{"wall_time":"2025-11-17T10:23:45.13132-03:00","entity":"worker-2","event":"internal_processed","sim_time":32,"worker_id":2,"details":{"jump":1,"previous_lvt":31}}
{"wall_time":"2025-11-17T10:23:45.131329-03:00","entity":"worker-2","event":"external_received","sim_time":32,"worker_id":2,"event_id":12,"details":{"event_timestamp":32}}
{"wall_time":"2025-11-17T10:23:45.131332-03:00","entity":"worker-2","event":"checkpoint_created","sim_time":32,"worker_id":2,"details":{"history_len":4,"mode":"live"}}
{"wall_time":"2025-11-17T10:23:45.131338-03:00","entity":"worker-2","event":"external_processed","sim_time":32,"worker_id":2,"event_id":12,"details":{"from_replay":false,"previous_lvt":32}}
{"wall_time":"2025-11-17T10:23:45.131342-03:00","entity":"worker-2","event":"internal_processed","sim_time":35,"worker_id":2,"details":{"jump":3,"previous_lvt":32}}
{"wall_time":"2025-11-17T10:23:45.131344-03:00","entity":"worker-2","event":"external_received","sim_time":35,"worker_id":2,"event_id":14,"details":{"event_timestamp":35}}
{"wall_time":"2025-11-17T10:23:45.131347-03:00","entity":"worker-2","event":"checkpoint_created","sim_time":35,"worker_id":2,"details":{"history_len":5,"mode":"live"}}
{"wall_time":"2025-11-17T10:23:45.13135-03:00","entity":"worker-2","event":"external_processed","sim_time":35,"worker_id":2,"event_id":14,"details":{"from_replay":false,"previous_lvt":35}}
{"wall_time":"2025-11-17T10:23:45.131353-03:00","entity":"worker-2","event":"internal_processed","sim_time":39,"worker_id":2,"details":{"jump":4,"previous_lvt":35}}
{"wall_time":"2025-11-17T10:23:45.131195-03:00","entity":"scheduler","event":"external_dispatched","sim_time":41,"event_id":16,"target_worker":1}
{"wall_time":"2025-11-17T10:23:45.131359-03:00","entity":"scheduler","event":"external_dispatched","sim_time":44,"event_id":17,"target_worker":3}
{"wall_time":"2025-11-17T10:23:45.131362-03:00","entity":"worker-1","event":"external_received","sim_time":30,"worker_id":1,"event_id":16,"details":{"event_timestamp":41}}
{"wall_time":"2025-11-17T10:23:45.131369-03:00","entity":"worker-1","event":"checkpoint_created","sim_time":30,"worker_id":1,"details":{"history_len":2,"mode":"live"}}
{"wall_time":"2025-11-17T10:23:45.131374-03:00","entity":"worker-1","event":"external_processed","sim_time":41,"worker_id":1,"event_id":16,"details":{"from_replay":false,"previous_lvt":30}}
{"wall_time":"2025-11-17T10:23:45.131377-03:00","entity":"worker-1","event":"internal_processed","sim_time":42,"worker_id":1,"details":{"jump":1,"previous_lvt":41}}
{"wall_time":"2025-11-17T10:23:45.131196-03:00","entity":"worker-3","event":"external_received","sim_time":29,"worker_id":3,"event_id":15,"details":{"event_timestamp":39}}
{"wall_time":"2025-11-17T10:23:45.131389-03:00","entity":"worker-3","event":"checkpoint_created","sim_time":29,"worker_id":3,"details":{"history_len":3,"mode":"live"}}
{"wall_time":"2025-11-17T10:23:45.131393-03:00","entity":"worker-3","event":"external_processed","sim_time":39,"worker_id":3,"event_id":15,"details":{"from_replay":false,"previous_lvt":29}}
{"wall_time":"2025-11-17T10:23:45.131396-03:00","entity":"worker-3","event":"internal_processed","sim_time":42,"worker_id":3,"details":{"jump":3,"previous_lvt":39}}
{"wall_time":"2025-11-17T10:23:45.131399-03:00","entity":"worker-3","event":"external_received","sim_time":42,"worker_id":3,"event_id":17,"details":{"event_timestamp":44}}
{"wall_time":"2025-11-17T10:23:45.131363-03:00","entity":"scheduler","event":"external_dispatched","sim_time":47,"event_id":18}
{"wall_time":"2025-11-17T10:23:45.131409-03:00","entity":"scheduler","event":"external_dispatched","sim_time":49,"event_id":19,"target_worker":3}
{"wall_time":"2025-11-17T10:23:45.131403-03:00","entity":"worker-3","event":"checkpoint_created","sim_time":42,"worker_id":3,"details":{"history_len":4,"mode":"live"}}
{"wall_time":"2025-11-17T10:23:45.131419-03:00","entity":"worker-3","event":"external_processed","sim_time":44,"worker_id":3,"event_id":17,"details":{"from_replay":false,"previous_lvt":42}}
{"wall_time":"2025-11-17T10:23:45.131423-03:00","entity":"worker-3","event":"internal_processed","sim_time":47,"worker_id":3,"details":{"jump":3,"previous_lvt":44}}
{"wall_time":"2025-11-17T10:23:45.131426-03:00","entity":"worker-3","event":"internal_processed","sim_time":49,"worker_id":3,"details":{"jump":2,"previous_lvt":47}}
{"wall_time":"2025-11-17T10:23:45.13144-03:00","entity":"worker-3","event":"external_received","sim_time":49,"worker_id":3,"event_id":19,"details":{"event_timestamp":49}}
{"wall_time":"2025-11-17T10:23:45.131443-03:00","entity":"worker-3","event":"checkpoint_created","sim_time":49,"worker_id":3,"details":{"history_len":5,"mode":"live"}}
{"wall_time":"2025-11-17T10:23:45.131447-03:00","entity":"worker-3","event":"external_processed","sim_time":49,"worker_id":3,"event_id":19,"details":{"from_replay":false,"previous_lvt":49}}
{"wall_time":"2025-11-17T10:23:45.13145-03:00","entity":"worker-3","event":"internal_processed","sim_time":50,"worker_id":3,"details":{"jump":1,"previous_lvt":49}}
{"wall_time":"2025-11-17T10:23:45.131454-03:00","entity":"worker-3","event":"worker_stopped","sim_time":50,"worker_id":3}
{"wall_time":"2025-11-17T10:23:45.131412-03:00","entity":"worker-2","event":"worker_stopped","sim_time":39,"worker_id":2}
{"wall_time":"2025-11-17T10:23:45.131413-03:00","entity":"worker-0","event":"external_received","sim_time":39,"event_id":18,"details":{"event_timestamp":47}}
{"wall_time":"2025-11-17T10:23:45.131468-03:00","entity":"worker-0","event":"checkpoint_created","sim_time":39,"details":{"history_len":4,"mode":"live"}}
{"wall_time":"2025-11-17T10:23:45.131471-03:00","entity":"worker-0","event":"external_processed","sim_time":47,"event_id":18,"details":{"from_replay":false,"previous_lvt":39}}
{"wall_time":"2025-11-17T10:23:45.131474-03:00","entity":"worker-0","event":"internal_processed","sim_time":50,"details":{"jump":3,"previous_lvt":47}}
{"wall_time":"2025-11-17T10:23:45.131477-03:00","entity":"worker-0","event":"worker_stopped","sim_time":50}
{"wall_time":"2025-11-17T10:23:45.131413-03:00","entity":"worker-1","event":"worker_stopped","sim_time":42,"worker_id":1}
