{"wall_time":"2025-11-17T10:23:45.131696-03:00","entity":"scheduler","event":"external_dispatched","sim_time":2}
{"wall_time":"2025-11-17T10:23:45.131706-03:00","entity":"scheduler","event":"external_dispatched","sim_time":3,"event_id":1}
{"wall_time":"2025-11-17T10:23:45.131709-03:00","entity":"scheduler","event":"external_dispatched","sim_time":6,"event_id":2,"target_worker":2}
{"wall_time":"2025-11-17T10:23:45.131709-03:00","entity":"worker-0","event":"external_received","sim_time":0,"details":{"event_timestamp":2}}
{"wall_time":"2025-11-17T10:23:45.131717-03:00","entity":"worker-0","event":"checkpoint_created","sim_time":0,"details":{"history_len":0,"mode":"live"}}
{"wall_time":"2025-11-17T10:23:45.13172-03:00","entity":"worker-0","event":"external_processed","sim_time":2,"details":{"from_replay":false,"previous_lvt":0}}
{"wall_time":"2025-11-17T10:23:45.131723-03:00","entity":"worker-0","event":"internal_processed","sim_time":6,"details":{"jump":4,"previous_lvt":2}}
{"wall_time":"2025-11-17T10:23:45.131731-03:00","entity":"worker-0","event":"internal_processed","sim_time":11,"details":{"jump":5,"previous_lvt":6}}
{"wall_time":"2025-11-17T10:23:45.131734-03:00","entity":"worker-0","event":"internal_processed","sim_time":12,"details":{"jump":1,"previous_lvt":11}}
{"wall_time":"2025-11-17T10:23:45.131737-03:00","entity":"worker-0","event":"external_received","sim_time":12,"event_id":1,"details":{"event_timestamp":3}}
{"wall_time":"2025-11-17T10:23:45.131741-03:00","entity":"worker-0","event":"checkpoint_created","sim_time":12,"details":{"history_len":1,"mode":"live"}}
{"wall_time":"2025-11-17T10:23:45.131746-03:00","entity":"worker-0","event":"straggler_detected","sim_time":12,"event_id":1,"details":{"event_timestamp":3}}
{"wall_time":"2025-11-17T10:23:45.131712-03:00","entity":"scheduler","event":"external_dispatched","sim_time":10,"event_id":3,"target_worker":2}
{"wall_time":"2025-11-17T10:23:45.131754-03:00","entity":"scheduler","event":"external_dispatched","sim_time":14,"event_id":4,"target_worker":5}
{"wall_time":"2025-11-17T10:23:45.131713-03:00","entity":"worker-2","event":"external_received","sim_time":0,"worker_id":2,"event_id":2,"details":{"event_timestamp":6}}
{"wall_time":"2025-11-17T10:23:45.131765-03:00","entity":"worker-2","event":"checkpoint_created","sim_time":0,"worker_id":2,"details":{"history_len":0,"mode":"live"}}
{"wall_time":"2025-11-17T10:23:45.131769-03:00","entity":"worker-2","event":"external_processed","sim_time":6,"worker_id":2,"event_id":2,"details":{"from_replay":false,"previous_lvt":0}}
{"wall_time":"2025-11-17T10:23:45.131773-03:00","entity":"worker-2","event":"internal_processed","sim_time":10,"worker_id":2,"details":{"jump":4,"previous_lvt":6}}
{"wall_time":"2025-11-17T10:23:45.13178-03:00","entity":"worker-2","event":"internal_processed","sim_time":12,"worker_id":2,"details":{"jump":2,"previous_lvt":10}}
{"wall_time":"2025-11-17T10:23:45.131783-03:00","entity":"worker-2","event":"external_received","sim_time":12,"worker_id":2,"event_id":3,"details":{"event_timestamp":10}}
{"wall_time":"2025-11-17T10:23:45.131786-03:00","entity":"worker-2","event":"checkpoint_created","sim_time":12,"worker_id":2,"details":{"history_len":1,"mode":"live"}}
{"wall_time":"2025-11-17T10:23:45.131789-03:00","entity":"worker-2","event":"straggler_detected","sim_time":12,"worker_id":2,"event_id":3,"details":{"event_timestamp":10}}
{"wall_time":"2025-11-17T10:23:45.131792-03:00","entity":"worker-2","event":"rollback_start","sim_time":0,"worker_id":2,"rollback_from":12,"rollback_to":10}
{"wall_time":"2025-11-17T10:23:45.131794-03:00","entity":"worker-2","event":"checkpoint_created","sim_time":0,"worker_id":2,"details":{"history_len":0,"mode":"replay"}}
{"wall_time":"2025-11-17T10:23:45.1318-03:00","entity":"worker-2","event":"external_processed","sim_time":6,"worker_id":2,"event_id":2,"details":{"from_replay":true,"previous_lvt":0}}
{"wall_time":"2025-11-17T10:23:45.131803-03:00","entity":"worker-2","event":"internal_processed","sim_time":8,"worker_id":2,"details":{"jump":2,"previous_lvt":6}}
{"wall_time":"2025-11-17T10:23:45.131806-03:00","entity":"worker-2","event":"checkpoint_created","sim_time":8,"worker_id":2,"details":{"history_len":1,"mode":"replay"}}
{"wall_time":"2025-11-17T10:23:45.131812-03:00","entity":"worker-2","event":"external_processed","sim_time":10,"worker_id":2,"event_id":3,"details":{"from_replay":true,"previous_lvt":8}}
{"wall_time":"2025-11-17T10:23:45.131815-03:00","entity":"worker-2","event":"internal_processed","sim_time":12,"worker_id":2,"details":{"jump":2,"previous_lvt":10}}
{"wall_time":"2025-11-17T10:23:45.131818-03:00","entity":"worker-2","event":"internal_processed","sim_time":13,"worker_id":2,"details":{"jump":1,"previous_lvt":12}}
{"wall_time":"2025-11-17T10:23:45.131821-03:00","entity":"worker-2","event":"rollback_end","sim_time":13,"worker_id":2,"rollback_from":12,"rollback_to":10}
{"wall_time":"2025-11-17T10:23:45.131758-03:00","entity":"scheduler","event":"external_dispatched","sim_time":16,"event_id":5,"target_worker":4}
{"wall_time":"2025-11-17T10:23:45.131827-03:00","entity":"scheduler","event":"external_dispatched","sim_time":20,"event_id":6,"target_worker":6}
{"wall_time":"2025-11-17T10:23:45.131829-03:00","entity":"scheduler","event":"external_dispatched","sim_time":21,"event_id":7,"target_worker":7}
{"wall_time":"2025-11-17T10:23:45.131832-03:00","entity":"scheduler","event":"external_dispatched","sim_time":22,"event_id":8,"target_worker":7}
{"wall_time":"2025-11-17T10:23:45.131834-03:00","entity":"scheduler","event":"external_dispatched","sim_time":25,"event_id":9,"target_worker":3}
{"wall_time":"2025-11-17T10:23:45.131837-03:00","entity":"scheduler","event":"external_dispatched","sim_time":26,"event_id":10,"target_worker":2}
{"wall_time":"2025-11-17T10:23:45.131839-03:00","entity":"scheduler","event":"external_dispatched","sim_time":29,"event_id":11,"target_worker":1}
{"wall_time":"2025-11-17T10:23:45.131842-03:00","entity":"scheduler","event":"external_dispatched","sim_time":32,"event_id":12,"target_worker":2}
{"wall_time":"2025-11-17T10:23:45.131845-03:00","entity":"scheduler","event":"external_dispatched","sim_time":33,"event_id":13}
{"wall_time":"2025-11-17T10:23:45.13185-03:00","entity":"scheduler","event":"external_dispatched","sim_time":35,"event_id":14,"target_worker":6}
{"wall_time":"2025-11-17T10:23:45.131853-03:00","entity":"scheduler","event":"external_dispatched","sim_time":39,"event_id":15,"target_worker":3}
{"wall_time":"2025-11-17T10:23:45.131855-03:00","entity":"scheduler","event":"external_dispatched","sim_time":41,"event_id":16,"target_worker":1}
{"wall_time":"2025-11-17T10:23:45.131858-03:00","entity":"scheduler","event":"external_dispatched","sim_time":44,"event_id":17,"target_worker":7}
{"wall_time":"2025-11-17T10:23:45.131861-03:00","entity":"scheduler","event":"external_dispatched","sim_time":47,"event_id":18}
{"wall_time":"2025-11-17T10:23:45.131863-03:00","entity":"scheduler","event":"external_dispatched","sim_time":49,"event_id":19,"target_worker":3}
{"wall_time":"2025-11-17T10:23:45.131866-03:00","entity":"worker-1","event":"external_received","sim_time":0,"worker_id":1,"event_id":11,"details":{"event_timestamp":29}}
{"wall_time":"2025-11-17T10:23:45.131871-03:00","entity":"worker-1","event":"checkpoint_created","sim_time":0,"worker_id":1,"details":{"history_len":0,"mode":"live"}}
{"wall_time":"2025-11-17T10:23:45.131873-03:00","entity":"worker-1","event":"external_processed","sim_time":29,"worker_id":1,"event_id":11,"details":{"from_replay":false,"previous_lvt":0}}
{"wall_time":"2025-11-17T10:23:45.131876-03:00","entity":"worker-1","event":"internal_processed","sim_time":34,"worker_id":1,"details":{"jump":5,"previous_lvt":29}}
{"wall_time":"2025-11-17T10:23:45.131883-03:00","entity":"worker-1","event":"internal_processed","sim_time":37,"worker_id":1,"details":{"jump":3,"previous_lvt":34}}
{"wall_time":"2025-11-17T10:23:45.131886-03:00","entity":"worker-1","event":"internal_processed","sim_time":41,"worker_id":1,"details":{"jump":4,"previous_lvt":37}}
{"wall_time":"2025-11-17T10:23:45.131889-03:00","entity":"worker-1","event":"external_received","sim_time":41,"worker_id":1,"event_id":16,"details":{"event_timestamp":41}}
{"wall_time":"2025-11-17T10:23:45.131895-03:00","entity":"worker-1","event":"checkpoint_created","sim_time":41,"worker_id":1,"details":{"history_len":1,"mode":"live"}}
{"wall_time":"2025-11-17T10:23:45.131898-03:00","entity":"worker-1","event":"external_processed","sim_time":41,"worker_id":1,"event_id":16,"details":{"from_replay":false,"previous_lvt":41}}
{"wall_time":"2025-11-17T10:23:45.131901-03:00","entity":"worker-1","event":"internal_processed","sim_time":42,"worker_id":1,"details":{"jump":1,"previous_lvt":41}}
{"wall_time":"2025-11-17T10:23:45.131905-03:00","entity":"worker-1","event":"worker_stopped","sim_time":42,"worker_id":1}
{"wall_time":"2025-11-17T10:23:45.131886-03:00","entity":"worker-6","event":"external_received","sim_time":0,"worker_id":6,"event_id":6,"details":{"event_timestamp":20}}
{"wall_time":"2025-11-17T10:23:45.131915-03:00","entity":"worker-6","event":"checkpoint_created","sim_time":0,"worker_id":6,"details":{"history_len":0,"mode":"live"}}
{"wall_time":"2025-11-17T10:23:45.131919-03:00","entity":"worker-6","event":"external_processed","sim_time":20,"worker_id":6,"event_id":6,"details":{"from_replay":false,"previous_lvt":0}}
{"wall_time":"2025-11-17T10:23:45.131922-03:00","entity":"worker-6","event":"internal_processed","sim_time":24,"worker_id":6,"details":{"jump":4,"previous_lvt":20}}
{"wall_time":"2025-11-17T10:23:45.13193-03:00","entity":"worker-6","event":"internal_processed","sim_time":26,"worker_id":6,"details":{"jump":2,"previous_lvt":24}}
{"wall_time":"2025-11-17T10:23:45.131936-03:00","entity":"worker-6","event":"internal_processed","sim_time":31,"worker_id":6,"details":{"jump":5,"previous_lvt":26}}
{"wall_time":"2025-11-17T10:23:45.13194-03:00","entity":"worker-6","event":"external_received","sim_time":31,"worker_id":6,"event_id":14,"details":{"event_timestamp":35}}
{"wall_time":"2025-11-17T10:23:45.131944-03:00","entity":"worker-6","event":"checkpoint_created","sim_time":31,"worker_id":6,"details":{"history_len":1,"mode":"live"}}
{"wall_time":"2025-11-17T10:23:45.131948-03:00","entity":"worker-6","event":"external_processed","sim_time":35,"worker_id":6,"event_id":14,"details":{"from_replay":false,"previous_lvt":31}}
{"wall_time":"2025-11-17T10:23:45.131952-03:00","entity":"worker-6","event":"internal_processed","sim_time":36,"worker_id":6,"details":{"jump":1,"previous_lvt":35}}
{"wall_time":"2025-11-17T10:23:45.131956-03:00","entity":"worker-6","event":"internal_processed","sim_time":38,"worker_id":6,"details":{"jump":2,"previous_lvt":36}}
{"wall_time":"2025-11-17T10:23:45.13196-03:00","entity":"worker-6","event":"internal_processed","sim_time":42,"worker_id":6,"details":{"jump":4,"previous_lvt":38}}
{"wall_time":"2025-11-17T10:23:45.131963-03:00","entity":"worker-6","event":"worker_stopped","sim_time":42,"worker_id":6}
{"wall_time":"2025-11-17T10:23:45.131888-03:00","entity":"worker-4","event":"external_received","sim_time":0,"worker_id":4,"event_id":5,"details":{"event_timestamp":16}}
{"wall_time":"2025-11-17T10:23:45.131972-03:00","entity":"worker-4","event":"checkpoint_created","sim_time":0,"worker_id":4,"details":{"history_len":0,"mode":"live"}}
{"wall_time":"2025-11-17T10:23:45.131976-03:00","entity":"worker-4","event":"external_processed","sim_time":16,"worker_id":4,"event_id":5,"details":{"from_replay":false,"previous_lvt":0}}
{"wall_time":"2025-11-17T10:23:45.131979-03:00","entity":"worker-4","event":"internal_processed","sim_time":20,"worker_id":4,"details":{"jump":4,"previous_lvt":16}}
{"wall_time":"2025-11-17T10:23:45.131986-03:00","entity":"worker-4","event":"internal_processed","sim_time":23,"worker_id":4,"details":{"jump":3,"previous_lvt":20}}
{"wall_time":"2025-11-17T10:23:45.13199-03:00","entity":"worker-4","event":"worker_stopped","sim_time":23,"worker_id":4}
{"wall_time":"2025-11-17T10:23:45.131749-03:00","entity":"worker-0","event":"rollback_start","sim_time":0,"rollback_from":12,"rollback_to":3}
{"wall_time":"2025-11-17T10:23:45.131999-03:00","entity":"worker-0","event":"checkpoint_created","sim_time":0,"details":{"history_len":0,"mode":"replay"}}
{"wall_time":"2025-11-17T10:23:45.132012-03:00","entity":"worker-0","event":"external_processed","sim_time":2,"details":{"from_replay":true,"previous_lvt":0}}
{"wall_time":"2025-11-17T10:23:45.132017-03:00","entity":"worker-0","event":"internal_processed","sim_time":6,"details":{"jump":4,"previous_lvt":2}}
{"wall_time":"2025-11-17T10:23:45.13202-03:00","entity":"worker-0","event":"checkpoint_created","sim_time":6,"details":{"history_len":1,"mode":"replay"}}
{"wall_time":"2025-11-17T10:23:45.132024-03:00","entity":"worker-0","event":"external_processed","sim_time":3,"event_id":1,"details":{"from_replay":true,"previous_lvt":6}}
{"wall_time":"2025-11-17T10:23:45.132028-03:00","entity":"worker-0","event":"internal_processed","sim_time":4,"details":{"jump":1,"previous_lvt":3}}
{"wall_time":"2025-11-17T10:23:45.132033-03:00","entity":"worker-0","event":"internal_processed","sim_time":5,"details":{"jump":1,"previous_lvt":4}}
{"wall_time":"2025-11-17T10:23:45.132037-03:00","entity":"worker-0","event":"rollback_end","sim_time":5,"rollback_from":12,"rollback_to":3}
{"wall_time":"2025-11-17T10:23:45.13204-03:00","entity":"worker-0","event":"external_received","sim_time":5,"event_id":13,"details":{"event_timestamp":33}}
{"wall_time":"2025-11-17T10:23:45.132044-03:00","entity":"worker-0","event":"checkpoint_created","sim_time":5,"details":{"history_len":2,"mode":"live"}}
{"wall_time":"2025-11-17T10:23:45.131758-03:00","entity":"worker-5","event":"external_received","sim_time":0,"worker_id":5,"event_id":4,"details":{"event_timestamp":14}}
{"wall_time":"2025-11-17T10:23:45.132067-03:00","entity":"worker-5","event":"checkpoint_created","sim_time":0,"worker_id":5,"details":{"history_len":0,"mode":"live"}}
{"wall_time":"2025-11-17T10:23:45.13189-03:00","entity":"worker-2","event":"external_received","sim_time":13,"worker_id":2,"event_id":10,"details":{"event_timestamp":26}}
{"wall_time":"2025-11-17T10:23:45.132082-03:00","entity":"worker-2","event":"checkpoint_created","sim_time":13,"worker_id":2,"details":{"history_len":2,"mode":"live"}}
{"wall_time":"2025-11-17T10:23:45.132087-03:00","entity":"worker-2","event":"external_processed","sim_time":26,"worker_id":2,"event_id":10,"details":{"from_replay":false,"previous_lvt":13}}
{"wall_time":"2025-11-17T10:23:45.13209-03:00","entity":"worker-2","event":"internal_processed","sim_time":30,"worker_id":2,"details":{"jump":4,"previous_lvt":26}}
{"wall_time":"2025-11-17T10:23:45.132095-03:00","entity":"worker-2","event":"external_received","sim_time":30,"worker_id":2,"event_id":12,"details":{"event_timestamp":32}}
{"wall_time":"2025-11-17T10:23:45.132099-03:00","entity":"worker-2","event":"checkpoint_created","sim_time":30,"worker_id":2,"details":{"history_len":3,"mode":"live"}}
{"wall_time":"2025-11-17T10:23:45.132103-03:00","entity":"worker-2","event":"external_processed","sim_time":32,"worker_id":2,"event_id":12,"details":{"from_replay":false,"previous_lvt":30}}
{"wall_time":"2025-11-17T10:23:45.132107-03:00","entity":"worker-2","event":"internal_processed","sim_time":37,"worker_id":2,"details":{"jump":5,"previous_lvt":32}}
{"wall_time":"2025-11-17T10:23:45.132111-03:00","entity":"worker-2","event":"internal_processed","sim_time":38,"worker_id":2,"details":{"jump":1,"previous_lvt":37}}
{"wall_time":"2025-11-17T10:23:45.132116-03:00","entity":"worker-2","event":"worker_stopped","sim_time":38,"worker_id":2}
{"wall_time":"2025-11-17T10:23:45.131891-03:00","entity":"worker-7","event":"external_received","sim_time":0,"worker_id":7,"event_id":7,"details":{"event_timestamp":21}}
{"wall_time":"2025-11-17T10:23:45.132127-03:00","entity":"worker-7","event":"checkpoint_created","sim_time":0,"worker_id":7,"details":{"history_len":0,"mode":"live"}}
{"wall_time":"2025-11-17T10:23:45.132131-03:00","entity":"worker-7","event":"external_processed","sim_time":21,"worker_id":7,"event_id":7,"details":{"from_replay":false,"previous_lvt":0}}
{"wall_time":"2025-11-17T10:23:45.132135-03:00","entity":"worker-7","event":"internal_processed","sim_time":26,"worker_id":7,"details":{"jump":5,"previous_lvt":21}}
{"wall_time":"2025-11-17T10:23:45.13215-03:00","entity":"worker-7","event":"internal_processed","sim_time":28,"worker_id":7,"details":{"jump":2,"previous_lvt":26}}
{"wall_time":"2025-11-17T10:23:45.132156-03:00","entity":"worker-7","event":"external_received","sim_time":28,"worker_id":7,"event_id":8,"details":{"event_timestamp":22}}
{"wall_time":"2025-11-17T10:23:45.132161-03:00","entity":"worker-7","event":"checkpoint_created","sim_time":28,"worker_id":7,"details":{"history_len":1,"mode":"live"}}
{"wall_time":"2025-11-17T10:23:45.132166-03:00","entity":"worker-7","event":"straggler_detected","sim_time":28,"worker_id":7,"event_id":8,"details":{"event_timestamp":22}}
{"wall_time":"2025-11-17T10:23:45.13217-03:00","entity":"worker-7","event":"rollback_start","sim_time":0,"worker_id":7,"rollback_from":28,"rollback_to":22}
{"wall_time":"2025-11-17T10:23:45.132175-03:00","entity":"worker-7","event":"checkpoint_created","sim_time":0,"worker_id":7,"details":{"history_len":0,"mode":"replay"}}
{"wall_time":"2025-11-17T10:23:45.132182-03:00","entity":"worker-7","event":"external_processed","sim_time":21,"worker_id":7,"event_id":7,"details":{"from_replay":true,"previous_lvt":0}}
{"wall_time":"2025-11-17T10:23:45.132187-03:00","entity":"worker-7","event":"internal_processed","sim_time":23,"worker_id":7,"details":{"jump":2,"previous_lvt":21}}
{"wall_time":"2025-11-17T10:23:45.132191-03:00","entity":"worker-7","event":"internal_processed","sim_time":25,"worker_id":7,"details":{"jump":2,"previous_lvt":23}}
{"wall_time":"2025-11-17T10:23:45.132197-03:00","entity":"worker-7","event":"checkpoint_created","sim_time":25,"worker_id":7,"details":{"history_len":1,"mode":"replay"}}
{"wall_time":"2025-11-17T10:23:45.132202-03:00","entity":"worker-7","event":"external_processed","sim_time":22,"worker_id":7,"event_id":8,"details":{"from_replay":true,"previous_lvt":25}}
{"wall_time":"2025-11-17T10:23:45.13221-03:00","entity":"worker-7","event":"internal_processed","sim_time":26,"worker_id":7,"details":{"jump":4,"previous_lvt":22}}
{"wall_time":"2025-11-17T10:23:45.132214-03:00","entity":"worker-7","event":"internal_processed","sim_time":30,"worker_id":7,"details":{"jump":4,"previous_lvt":26}}
{"wall_time":"2025-11-17T10:23:45.13222-03:00","entity":"worker-7","event":"rollback_end","sim_time":30,"worker_id":7,"rollback_from":28,"rollback_to":22}
{"wall_time":"2025-11-17T10:23:45.132223-03:00","entity":"worker-7","event":"external_received","sim_time":30,"worker_id":7,"event_id":17,"details":{"event_timestamp":44}}
{"wall_time":"2025-11-17T10:23:45.132227-03:00","entity":"worker-7","event":"checkpoint_created","sim_time":30,"worker_id":7,"details":{"history_len":2,"mode":"live"}}
{"wall_time":"2025-11-17T10:23:45.132231-03:00","entity":"worker-7","event":"external_processed","sim_time":44,"worker_id":7,"event_id":17,"details":{"from_replay":false,"previous_lvt":30}}
{"wall_time":"2025-11-17T10:23:45.132235-03:00","entity":"worker-7","event":"internal_processed","sim_time":46,"worker_id":7,"details":{"jump":2,"previous_lvt":44}}
{"wall_time":"2025-11-17T10:23:45.132239-03:00","entity":"worker-7","event":"internal_processed","sim_time":48,"worker_id":7,"details":{"jump":2,"previous_lvt":46}}
{"wall_time":"2025-11-17T10:23:45.132243-03:00","entity":"worker-7","event":"worker_stopped","sim_time":48,"worker_id":7}
{"wall_time":"2025-11-17T10:23:45.131891-03:00","entity":"worker-3","event":"external_received","sim_time":0,"worker_id":3,"event_id":9,"details":{"event_timestamp":25}}
{"wall_time":"2025-11-17T10:23:45.132253-03:00","entity":"worker-3","event":"checkpoint_created","sim_time":0,"worker_id":3,"details":{"history_len":0,"mode":"live"}}
{"wall_time":"2025-11-17T10:23:45.132256-03:00","entity":"worker-3","event":"external_processed","sim_time":25,"worker_id":3,"event_id":9,"details":{"from_replay":false,"previous_lvt":0}}
{"wall_time":"2025-11-17T10:23:45.132259-03:00","entity":"worker-3","event":"internal_processed","sim_time":26,"worker_id":3,"details":{"jump":1,"previous_lvt":25}}
{"wall_time":"2025-11-17T10:23:45.132265-03:00","entity":"worker-3","event":"internal_processed","sim_time":31,"worker_id":3,"details":{"jump":5,"previous_lvt":26}}
{"wall_time":"2025-11-17T10:23:45.132273-03:00","entity":"worker-3","event":"internal_processed","sim_time":35,"worker_id":3,"details":{"jump":4,"previous_lvt":31}}
{"wall_time":"2025-11-17T10:23:45.132276-03:00","entity":"worker-3","event":"external_received","sim_time":35,"worker_id":3,"event_id":15,"details":{"event_timestamp":39}}
{"wall_time":"2025-11-17T10:23:45.132279-03:00","entity":"worker-3","event":"checkpoint_created","sim_time":35,"worker_id":3,"details":{"history_len":1,"mode":"live"}}
{"wall_time":"2025-11-17T10:23:45.132283-03:00","entity":"worker-3","event":"external_processed","sim_time":39,"worker_id":3,"event_id":15,"details":{"from_replay":false,"previous_lvt":35}}
{"wall_time":"2025-11-17T10:23:45.132286-03:00","entity":"worker-3","event":"internal_processed","sim_time":43,"worker_id":3,"details":{"jump":4,"previous_lvt":39}}
{"wall_time":"2025-11-17T10:23:45.132048-03:00","entity":"worker-0","event":"external_processed","sim_time":33,"event_id":13,"details":{"from_replay":false,"previous_lvt":5}}
{"wall_time":"2025-11-17T10:23:45.132296-03:00","entity":"worker-0","event":"internal_processed","sim_time":34,"details":{"jump":1,"previous_lvt":33}}
{"wall_time":"2025-11-17T10:23:45.1323-03:00","entity":"worker-0","event":"internal_processed","sim_time":39,"details":{"jump":5,"previous_lvt":34}}
{"wall_time":"2025-11-17T10:23:45.132076-03:00","entity":"worker-5","event":"external_processed","sim_time":14,"worker_id":5,"event_id":4,"details":{"from_replay":false,"previous_lvt":0}}
{"wall_time":"2025-11-17T10:23:45.13231-03:00","entity":"worker-5","event":"internal_processed","sim_time":16,"worker_id":5,"details":{"jump":2,"previous_lvt":14}}
{"wall_time":"2025-11-17T10:23:45.132289-03:00","entity":"worker-3","event":"external_received","sim_time":43,"worker_id":3,"event_id":19,"details":{"event_timestamp":49}}
{"wall_time":"2025-11-17T10:23:45.132325-03:00","entity":"worker-3","event":"checkpoint_created","sim_time":43,"worker_id":3,"details":{"history_len":2,"mode":"live"}}
{"wall_time":"2025-11-17T10:23:45.132329-03:00","entity":"worker-3","event":"external_processed","sim_time":49,"worker_id":3,"event_id":19,"details":{"from_replay":false,"previous_lvt":43}}
{"wall_time":"2025-11-17T10:23:45.132332-03:00","entity":"worker-3","event":"internal_processed","sim_time":50,"worker_id":3,"details":{"jump":1,"previous_lvt":49}}
{"wall_time":"2025-11-17T10:23:45.132336-03:00","entity":"worker-3","event":"worker_stopped","sim_time":50,"worker_id":3}
{"wall_time":"2025-11-17T10:23:45.132303-03:00","entity":"worker-0","event":"external_received","sim_time":39,"event_id":18,"details":{"event_timestamp":47}}
{"wall_time":"2025-11-17T10:23:45.132343-03:00","entity":"worker-0","event":"checkpoint_created","sim_time":39,"details":{"history_len":3,"mode":"live"}}
{"wall_time":"2025-11-17T10:23:45.132346-03:00","entity":"worker-0","event":"external_processed","sim_time":47,"event_id":18,"details":{"from_replay":false,"previous_lvt":39}}
{"wall_time":"2025-11-17T10:23:45.132349-03:00","entity":"worker-0","event":"internal_processed","sim_time":50,"details":{"jump":3,"previous_lvt":47}}
{"wall_time":"2025-11-17T10:23:45.132352-03:00","entity":"worker-0","event":"worker_stopped","sim_time":50}
{"wall_time":"2025-11-17T10:23:45.132316-03:00","entity":"worker-5","event":"internal_processed","sim_time":21,"worker_id":5,"details":{"jump":5,"previous_lvt":16}}
{"wall_time":"2025-11-17T10:23:45.132358-03:00","entity":"worker-5","event":"internal_processed","sim_time":26,"worker_id":5,"details":{"jump":5,"previous_lvt":21}}
{"wall_time":"2025-11-17T10:23:45.132361-03:00","entity":"worker-5","event":"worker_stopped","sim_time":26,"worker_id":5}
