{"wall_time":"2025-11-15T23:09:39.523332-03:00","entity":"scheduler","event":"external_dispatched","sim_time":4}
{"wall_time":"2025-11-15T23:09:39.523477-03:00","entity":"scheduler","event":"external_dispatched","sim_time":7,"event_id":1}
{"wall_time":"2025-11-15T23:09:39.523485-03:00","entity":"scheduler","event":"external_dispatched","sim_time":11,"event_id":2,"target_worker":1}
{"wall_time":"2025-11-15T23:09:39.523493-03:00","entity":"scheduler","event":"external_dispatched","sim_time":13,"event_id":3}
{"wall_time":"2025-11-15T23:09:39.523497-03:00","entity":"scheduler","event":"external_dispatched","sim_time":17,"event_id":4}
{"wall_time":"2025-11-15T23:09:39.523501-03:00","entity":"scheduler","event":"external_dispatched","sim_time":21,"event_id":5,"target_worker":1}
{"wall_time":"2025-11-15T23:09:39.523505-03:00","entity":"scheduler","event":"external_dispatched","sim_time":24,"event_id":6}
{"wall_time":"2025-11-15T23:09:39.523482-03:00","entity":"worker-0","event":"external_received","sim_time":0,"details":{"event_timestamp":4}}
{"wall_time":"2025-11-15T23:09:39.523534-03:00","entity":"worker-0","event":"checkpoint_created","sim_time":0,"details":{"history_len":0,"mode":"live"}}
{"wall_time":"2025-11-15T23:09:39.523545-03:00","entity":"worker-0","event":"external_processed","sim_time":4,"details":{"from_replay":false,"previous_lvt":0}}
{"wall_time":"2025-11-15T23:09:39.523563-03:00","entity":"worker-0","event":"internal_processed","sim_time":8,"details":{"jump":4,"previous_lvt":4}}
{"wall_time":"2025-11-15T23:09:39.523568-03:00","entity":"worker-0","event":"internal_processed","sim_time":12,"details":{"jump":4,"previous_lvt":8}}
{"wall_time":"2025-11-15T23:09:39.523573-03:00","entity":"worker-0","event":"external_received","sim_time":12,"event_id":1,"details":{"event_timestamp":7}}
{"wall_time":"2025-11-15T23:09:39.523577-03:00","entity":"worker-0","event":"checkpoint_created","sim_time":12,"details":{"history_len":1,"mode":"live"}}
{"wall_time":"2025-11-15T23:09:39.523584-03:00","entity":"worker-0","event":"straggler_detected","sim_time":12,"event_id":1,"details":{"event_timestamp":7}}
{"wall_time":"2025-11-15T23:09:39.523588-03:00","entity":"worker-0","event":"rollback_start","sim_time":0,"rollback_from":12,"rollback_to":7}
{"wall_time":"2025-11-15T23:09:39.523592-03:00","entity":"worker-0","event":"checkpoint_created","sim_time":0,"details":{"history_len":0,"mode":"replay"}}
{"wall_time":"2025-11-15T23:09:39.523597-03:00","entity":"worker-0","event":"external_processed","sim_time":4,"details":{"from_replay":true,"previous_lvt":0}}
{"wall_time":"2025-11-15T23:09:39.523601-03:00","entity":"worker-0","event":"internal_processed","sim_time":7,"details":{"jump":3,"previous_lvt":4}}
{"wall_time":"2025-11-15T23:09:39.523605-03:00","entity":"worker-0","event":"checkpoint_created","sim_time":7,"details":{"history_len":1,"mode":"replay"}}
{"wall_time":"2025-11-15T23:09:39.523609-03:00","entity":"worker-0","event":"external_processed","sim_time":7,"event_id":1,"details":{"from_replay":true,"previous_lvt":7}}
{"wall_time":"2025-11-15T23:09:39.523613-03:00","entity":"worker-0","event":"internal_processed","sim_time":10,"details":{"jump":3,"previous_lvt":7}}
{"wall_time":"2025-11-15T23:09:39.523497-03:00","entity":"worker-1","event":"external_received","sim_time":0,"worker_id":1,"event_id":2,"details":{"event_timestamp":11}}
{"wall_time":"2025-11-15T23:09:39.523629-03:00","entity":"worker-1","event":"checkpoint_created","sim_time":0,"worker_id":1,"details":{"history_len":0,"mode":"live"}}
{"wall_time":"2025-11-15T23:09:39.523636-03:00","entity":"worker-1","event":"external_processed","sim_time":11,"worker_id":1,"event_id":2,"details":{"from_replay":false,"previous_lvt":0}}
{"wall_time":"2025-11-15T23:09:39.523642-03:00","entity":"worker-1","event":"internal_processed","sim_time":14,"worker_id":1,"details":{"jump":3,"previous_lvt":11}}
{"wall_time":"2025-11-15T23:09:39.523654-03:00","entity":"worker-1","event":"internal_processed","sim_time":17,"worker_id":1,"details":{"jump":3,"previous_lvt":14}}
{"wall_time":"2025-11-15T23:09:39.523658-03:00","entity":"worker-1","event":"external_received","sim_time":17,"worker_id":1,"event_id":5,"details":{"event_timestamp":21}}
{"wall_time":"2025-11-15T23:09:39.52367-03:00","entity":"worker-1","event":"checkpoint_created","sim_time":17,"worker_id":1,"details":{"history_len":1,"mode":"live"}}
{"wall_time":"2025-11-15T23:09:39.523674-03:00","entity":"worker-1","event":"external_processed","sim_time":21,"worker_id":1,"event_id":5,"details":{"from_replay":false,"previous_lvt":17}}
{"wall_time":"2025-11-15T23:09:39.523677-03:00","entity":"worker-1","event":"internal_processed","sim_time":26,"worker_id":1,"details":{"jump":5,"previous_lvt":21}}
{"wall_time":"2025-11-15T23:09:39.523618-03:00","entity":"worker-0","event":"internal_processed","sim_time":15,"details":{"jump":5,"previous_lvt":10}}
{"wall_time":"2025-11-15T23:09:39.523684-03:00","entity":"worker-0","event":"internal_processed","sim_time":20,"details":{"jump":5,"previous_lvt":15}}
{"wall_time":"2025-11-15T23:09:39.523687-03:00","entity":"worker-0","event":"rollback_end","sim_time":20,"rollback_from":12,"rollback_to":7}
{"wall_time":"2025-11-15T23:09:39.52369-03:00","entity":"worker-0","event":"external_received","sim_time":20,"event_id":3,"details":{"event_timestamp":13}}
{"wall_time":"2025-11-15T23:09:39.523693-03:00","entity":"worker-0","event":"checkpoint_created","sim_time":20,"details":{"history_len":2,"mode":"live"}}
{"wall_time":"2025-11-15T23:09:39.523696-03:00","entity":"worker-0","event":"straggler_detected","sim_time":20,"event_id":3,"details":{"event_timestamp":13}}
{"wall_time":"2025-11-15T23:09:39.523699-03:00","entity":"worker-0","event":"rollback_start","sim_time":7,"rollback_from":20,"rollback_to":13}
{"wall_time":"2025-11-15T23:09:39.523702-03:00","entity":"worker-0","event":"checkpoint_created","sim_time":7,"details":{"history_len":1,"mode":"replay"}}
{"wall_time":"2025-11-15T23:09:39.523705-03:00","entity":"worker-0","event":"external_processed","sim_time":7,"event_id":1,"details":{"from_replay":true,"previous_lvt":7}}
{"wall_time":"2025-11-15T23:09:39.523708-03:00","entity":"worker-0","event":"internal_processed","sim_time":9,"details":{"jump":2,"previous_lvt":7}}
{"wall_time":"2025-11-15T23:09:39.523712-03:00","entity":"worker-0","event":"internal_processed","sim_time":12,"details":{"jump":3,"previous_lvt":9}}
{"wall_time":"2025-11-15T23:09:39.523715-03:00","entity":"worker-0","event":"internal_processed","sim_time":17,"details":{"jump":5,"previous_lvt":12}}
{"wall_time":"2025-11-15T23:09:39.523717-03:00","entity":"worker-0","event":"checkpoint_created","sim_time":17,"details":{"history_len":2,"mode":"replay"}}
{"wall_time":"2025-11-15T23:09:39.52372-03:00","entity":"worker-0","event":"external_processed","sim_time":13,"event_id":3,"details":{"from_replay":true,"previous_lvt":17}}
{"wall_time":"2025-11-15T23:09:39.523723-03:00","entity":"worker-0","event":"internal_processed","sim_time":17,"details":{"jump":4,"previous_lvt":13}}
{"wall_time":"2025-11-15T23:09:39.523726-03:00","entity":"worker-0","event":"rollback_end","sim_time":17,"rollback_from":20,"rollback_to":13}
{"wall_time":"2025-11-15T23:09:39.523728-03:00","entity":"worker-0","event":"external_received","sim_time":17,"event_id":4,"details":{"event_timestamp":17}}
{"wall_time":"2025-11-15T23:09:39.523731-03:00","entity":"worker-0","event":"checkpoint_created","sim_time":17,"details":{"history_len":3,"mode":"live"}}
{"wall_time":"2025-11-15T23:09:39.523734-03:00","entity":"worker-0","event":"external_processed","sim_time":17,"event_id":4,"details":{"from_replay":false,"previous_lvt":17}}
{"wall_time":"2025-11-15T23:09:39.523737-03:00","entity":"worker-0","event":"internal_processed","sim_time":20,"details":{"jump":3,"previous_lvt":17}}
{"wall_time":"2025-11-15T23:09:39.52374-03:00","entity":"worker-0","event":"external_received","sim_time":20,"event_id":6,"details":{"event_timestamp":24}}
{"wall_time":"2025-11-15T23:09:39.523742-03:00","entity":"worker-0","event":"checkpoint_created","sim_time":20,"details":{"history_len":4,"mode":"live"}}
{"wall_time":"2025-11-15T23:09:39.523508-03:00","entity":"scheduler","event":"external_dispatched","sim_time":27,"event_id":7,"target_worker":1}
{"wall_time":"2025-11-15T23:09:39.523773-03:00","entity":"scheduler","event":"external_dispatched","sim_time":30,"event_id":8}
{"wall_time":"2025-11-15T23:09:39.523778-03:00","entity":"scheduler","event":"external_dispatched","sim_time":34,"event_id":9,"target_worker":1}
{"wall_time":"2025-11-15T23:09:39.523781-03:00","entity":"scheduler","event":"external_dispatched","sim_time":36,"event_id":10}
{"wall_time":"2025-11-15T23:09:39.523784-03:00","entity":"scheduler","event":"external_dispatched","sim_time":40,"event_id":11}
{"wall_time":"2025-11-15T23:09:39.523788-03:00","entity":"scheduler","event":"external_dispatched","sim_time":42,"event_id":12}
{"wall_time":"2025-11-15T23:09:39.523791-03:00","entity":"scheduler","event":"external_dispatched","sim_time":46,"event_id":13}
{"wall_time":"2025-11-15T23:09:39.523794-03:00","entity":"scheduler","event":"external_dispatched","sim_time":49,"event_id":14,"target_worker":1}
{"wall_time":"2025-11-15T23:09:39.523745-03:00","entity":"worker-0","event":"external_processed","sim_time":24,"event_id":6,"details":{"from_replay":false,"previous_lvt":20}}
{"wall_time":"2025-11-15T23:09:39.523806-03:00","entity":"worker-0","event":"internal_processed","sim_time":28,"details":{"jump":4,"previous_lvt":24}}
{"wall_time":"2025-11-15T23:09:39.52381-03:00","entity":"worker-0","event":"internal_processed","sim_time":29,"details":{"jump":1,"previous_lvt":28}}
{"wall_time":"2025-11-15T23:09:39.523813-03:00","entity":"worker-0","event":"external_received","sim_time":29,"event_id":8,"details":{"event_timestamp":30}}
{"wall_time":"2025-11-15T23:09:39.523817-03:00","entity":"worker-0","event":"checkpoint_created","sim_time":29,"details":{"history_len":5,"mode":"live"}}
{"wall_time":"2025-11-15T23:09:39.52382-03:00","entity":"worker-0","event":"external_processed","sim_time":30,"event_id":8,"details":{"from_replay":false,"previous_lvt":29}}
{"wall_time":"2025-11-15T23:09:39.523823-03:00","entity":"worker-0","event":"internal_processed","sim_time":35,"details":{"jump":5,"previous_lvt":30}}
{"wall_time":"2025-11-15T23:09:39.523828-03:00","entity":"worker-0","event":"internal_processed","sim_time":38,"details":{"jump":3,"previous_lvt":35}}
{"wall_time":"2025-11-15T23:09:39.523832-03:00","entity":"worker-0","event":"external_received","sim_time":38,"event_id":10,"details":{"event_timestamp":36}}
{"wall_time":"2025-11-15T23:09:39.523835-03:00","entity":"worker-0","event":"checkpoint_created","sim_time":38,"details":{"history_len":6,"mode":"live"}}
{"wall_time":"2025-11-15T23:09:39.523838-03:00","entity":"worker-0","event":"straggler_detected","sim_time":38,"event_id":10,"details":{"event_timestamp":36}}
{"wall_time":"2025-11-15T23:09:39.523841-03:00","entity":"worker-0","event":"rollback_start","sim_time":29,"rollback_from":38,"rollback_to":36}
{"wall_time":"2025-11-15T23:09:39.523844-03:00","entity":"worker-0","event":"checkpoint_created","sim_time":29,"details":{"history_len":5,"mode":"replay"}}
{"wall_time":"2025-11-15T23:09:39.523848-03:00","entity":"worker-0","event":"external_processed","sim_time":30,"event_id":8,"details":{"from_replay":true,"previous_lvt":29}}
{"wall_time":"2025-11-15T23:09:39.523851-03:00","entity":"worker-0","event":"internal_processed","sim_time":35,"details":{"jump":5,"previous_lvt":30}}
{"wall_time":"2025-11-15T23:09:39.523854-03:00","entity":"worker-0","event":"internal_processed","sim_time":36,"details":{"jump":1,"previous_lvt":35}}
{"wall_time":"2025-11-15T23:09:39.523857-03:00","entity":"worker-0","event":"internal_processed","sim_time":40,"details":{"jump":4,"previous_lvt":36}}
{"wall_time":"2025-11-15T23:09:39.523859-03:00","entity":"worker-0","event":"checkpoint_created","sim_time":40,"details":{"history_len":6,"mode":"replay"}}
{"wall_time":"2025-11-15T23:09:39.523863-03:00","entity":"worker-0","event":"external_processed","sim_time":36,"event_id":10,"details":{"from_replay":true,"previous_lvt":40}}
{"wall_time":"2025-11-15T23:09:39.523865-03:00","entity":"worker-0","event":"internal_processed","sim_time":37,"details":{"jump":1,"previous_lvt":36}}
{"wall_time":"2025-11-15T23:09:39.523873-03:00","entity":"worker-0","event":"internal_processed","sim_time":38,"details":{"jump":1,"previous_lvt":37}}
{"wall_time":"2025-11-15T23:09:39.523877-03:00","entity":"worker-0","event":"rollback_end","sim_time":38,"rollback_from":38,"rollback_to":36}
{"wall_time":"2025-11-15T23:09:39.523879-03:00","entity":"worker-0","event":"external_received","sim_time":38,"event_id":11,"details":{"event_timestamp":40}}
{"wall_time":"2025-11-15T23:09:39.523882-03:00","entity":"worker-0","event":"checkpoint_created","sim_time":38,"details":{"history_len":7,"mode":"live"}}
{"wall_time":"2025-11-15T23:09:39.523885-03:00","entity":"worker-0","event":"external_processed","sim_time":40,"event_id":11,"details":{"from_replay":false,"previous_lvt":38}}
{"wall_time":"2025-11-15T23:09:39.523888-03:00","entity":"worker-0","event":"internal_processed","sim_time":43,"details":{"jump":3,"previous_lvt":40}}
{"wall_time":"2025-11-15T23:09:39.523891-03:00","entity":"worker-0","event":"internal_processed","sim_time":46,"details":{"jump":3,"previous_lvt":43}}
{"wall_time":"2025-11-15T23:09:39.523894-03:00","entity":"worker-0","event":"external_received","sim_time":46,"event_id":12,"details":{"event_timestamp":42}}
{"wall_time":"2025-11-15T23:09:39.523897-03:00","entity":"worker-0","event":"checkpoint_created","sim_time":46,"details":{"history_len":8,"mode":"live"}}
{"wall_time":"2025-11-15T23:09:39.5239-03:00","entity":"worker-0","event":"straggler_detected","sim_time":46,"event_id":12,"details":{"event_timestamp":42}}
{"wall_time":"2025-11-15T23:09:39.523779-03:00","entity":"worker-1","event":"external_received","sim_time":26,"worker_id":1,"event_id":7,"details":{"event_timestamp":27}}
{"wall_time":"2025-11-15T23:09:39.523909-03:00","entity":"worker-1","event":"checkpoint_created","sim_time":26,"worker_id":1,"details":{"history_len":2,"mode":"live"}}
{"wall_time":"2025-11-15T23:09:39.523915-03:00","entity":"worker-1","event":"external_processed","sim_time":27,"worker_id":1,"event_id":7,"details":{"from_replay":false,"previous_lvt":26}}
{"wall_time":"2025-11-15T23:09:39.523918-03:00","entity":"worker-1","event":"internal_processed","sim_time":32,"worker_id":1,"details":{"jump":5,"previous_lvt":27}}
{"wall_time":"2025-11-15T23:09:39.523921-03:00","entity":"worker-1","event":"external_received","sim_time":32,"worker_id":1,"event_id":9,"details":{"event_timestamp":34}}
{"wall_time":"2025-11-15T23:09:39.523925-03:00","entity":"worker-1","event":"checkpoint_created","sim_time":32,"worker_id":1,"details":{"history_len":3,"mode":"live"}}
{"wall_time":"2025-11-15T23:09:39.523928-03:00","entity":"worker-1","event":"external_processed","sim_time":34,"worker_id":1,"event_id":9,"details":{"from_replay":false,"previous_lvt":32}}
{"wall_time":"2025-11-15T23:09:39.523931-03:00","entity":"worker-1","event":"internal_processed","sim_time":37,"worker_id":1,"details":{"jump":3,"previous_lvt":34}}
{"wall_time":"2025-11-15T23:09:39.523934-03:00","entity":"worker-1","event":"internal_processed","sim_time":38,"worker_id":1,"details":{"jump":1,"previous_lvt":37}}
{"wall_time":"2025-11-15T23:09:39.523937-03:00","entity":"worker-1","event":"internal_processed","sim_time":42,"worker_id":1,"details":{"jump":4,"previous_lvt":38}}
{"wall_time":"2025-11-15T23:09:39.52394-03:00","entity":"worker-1","event":"external_received","sim_time":42,"worker_id":1,"event_id":14,"details":{"event_timestamp":49}}
{"wall_time":"2025-11-15T23:09:39.523943-03:00","entity":"worker-1","event":"checkpoint_created","sim_time":42,"worker_id":1,"details":{"history_len":4,"mode":"live"}}
{"wall_time":"2025-11-15T23:09:39.523948-03:00","entity":"worker-1","event":"external_processed","sim_time":49,"worker_id":1,"event_id":14,"details":{"from_replay":false,"previous_lvt":42}}
{"wall_time":"2025-11-15T23:09:39.523951-03:00","entity":"worker-1","event":"internal_processed","sim_time":50,"worker_id":1,"details":{"jump":1,"previous_lvt":49}}
{"wall_time":"2025-11-15T23:09:39.523955-03:00","entity":"worker-1","event":"worker_stopped","sim_time":50,"worker_id":1}
{"wall_time":"2025-11-15T23:09:39.523906-03:00","entity":"worker-0","event":"rollback_start","sim_time":38,"rollback_from":46,"rollback_to":42}
{"wall_time":"2025-11-15T23:09:39.523967-03:00","entity":"worker-0","event":"checkpoint_created","sim_time":38,"details":{"history_len":7,"mode":"replay"}}
{"wall_time":"2025-11-15T23:09:39.52397-03:00","entity":"worker-0","event":"external_processed","sim_time":40,"event_id":11,"details":{"from_replay":true,"previous_lvt":38}}
{"wall_time":"2025-11-15T23:09:39.523973-03:00","entity":"worker-0","event":"internal_processed","sim_time":43,"details":{"jump":3,"previous_lvt":40}}
{"wall_time":"2025-11-15T23:09:39.523976-03:00","entity":"worker-0","event":"internal_processed","sim_time":47,"details":{"jump":4,"previous_lvt":43}}
{"wall_time":"2025-11-15T23:09:39.523979-03:00","entity":"worker-0","event":"internal_processed","sim_time":50,"details":{"jump":3,"previous_lvt":47}}
{"wall_time":"2025-11-15T23:09:39.523982-03:00","entity":"worker-0","event":"checkpoint_created","sim_time":50,"details":{"history_len":8,"mode":"replay"}}
{"wall_time":"2025-11-15T23:09:39.523984-03:00","entity":"worker-0","event":"external_processed","sim_time":42,"event_id":12,"details":{"from_replay":true,"previous_lvt":50}}
{"wall_time":"2025-11-15T23:09:39.523987-03:00","entity":"worker-0","event":"internal_processed","sim_time":45,"details":{"jump":3,"previous_lvt":42}}
{"wall_time":"2025-11-15T23:09:39.52399-03:00","entity":"worker-0","event":"internal_processed","sim_time":46,"details":{"jump":1,"previous_lvt":45}}
{"wall_time":"2025-11-15T23:09:39.523992-03:00","entity":"worker-0","event":"rollback_end","sim_time":46,"rollback_from":46,"rollback_to":42}
{"wall_time":"2025-11-15T23:09:39.523995-03:00","entity":"worker-0","event":"external_received","sim_time":46,"event_id":13,"details":{"event_timestamp":46}}
{"wall_time":"2025-11-15T23:09:39.523997-03:00","entity":"worker-0","event":"checkpoint_created","sim_time":46,"details":{"history_len":9,"mode":"live"}}
{"wall_time":"2025-11-15T23:09:39.524-03:00","entity":"worker-0","event":"external_processed","sim_time":46,"event_id":13,"details":{"from_replay":false,"previous_lvt":46}}
{"wall_time":"2025-11-15T23:09:39.524002-03:00","entity":"worker-0","event":"internal_processed","sim_time":49,"details":{"jump":3,"previous_lvt":46}}
{"wall_time":"2025-11-15T23:09:39.524005-03:00","entity":"worker-0","event":"internal_processed","sim_time":50,"details":{"jump":1,"previous_lvt":49}}
{"wall_time":"2025-11-15T23:09:39.524008-03:00","entity":"worker-0","event":"worker_stopped","sim_time":50}
