{"wall_time":"2025-11-15T23:09:39.573944-03:00","entity":"scheduler","event":"external_dispatched","sim_time":1,"target_worker":2}
{"wall_time":"2025-11-15T23:09:39.574064-03:00","entity":"scheduler","event":"external_dispatched","sim_time":5,"event_id":1,"target_worker":1}
{"wall_time":"2025-11-15T23:09:39.574071-03:00","entity":"scheduler","event":"external_dispatched","sim_time":6,"event_id":2}
{"wall_time":"2025-11-15T23:09:39.574076-03:00","entity":"scheduler","event":"external_dispatched","sim_time":8,"event_id":3,"target_worker":1}
{"wall_time":"2025-11-15T23:09:39.574079-03:00","entity":"scheduler","event":"external_dispatched","sim_time":10,"event_id":4,"target_worker":2}
{"wall_time":"2025-11-15T23:09:39.574083-03:00","entity":"scheduler","event":"external_dispatched","sim_time":12,"event_id":5,"target_worker":1}
{"wall_time":"2025-11-15T23:09:39.574087-03:00","entity":"scheduler","event":"external_dispatched","sim_time":13,"event_id":6}
{"wall_time":"2025-11-15T23:09:39.574091-03:00","entity":"scheduler","event":"external_dispatched","sim_time":14,"event_id":7,"target_worker":1}
{"wall_time":"2025-11-15T23:09:39.574095-03:00","entity":"scheduler","event":"external_dispatched","sim_time":15,"event_id":8,"target_worker":1}
{"wall_time":"2025-11-15T23:09:39.574099-03:00","entity":"scheduler","event":"external_dispatched","sim_time":18,"event_id":9,"target_worker":2}
{"wall_time":"2025-11-15T23:09:39.574102-03:00","entity":"scheduler","event":"external_dispatched","sim_time":19,"event_id":10,"target_worker":1}
{"wall_time":"2025-11-15T23:09:39.574105-03:00","entity":"scheduler","event":"external_dispatched","sim_time":22,"event_id":11,"target_worker":2}
{"wall_time":"2025-11-15T23:09:39.574114-03:00","entity":"scheduler","event":"external_dispatched","sim_time":23,"event_id":12,"target_worker":1}
{"wall_time":"2025-11-15T23:09:39.574119-03:00","entity":"scheduler","event":"external_dispatched","sim_time":25,"event_id":13,"target_worker":1}
{"wall_time":"2025-11-15T23:09:39.574122-03:00","entity":"scheduler","event":"external_dispatched","sim_time":28,"event_id":14,"target_worker":2}
{"wall_time":"2025-11-15T23:09:39.574125-03:00","entity":"scheduler","event":"external_dispatched","sim_time":31,"event_id":15,"target_worker":1}
{"wall_time":"2025-11-15T23:09:39.574129-03:00","entity":"scheduler","event":"external_dispatched","sim_time":32,"event_id":16,"target_worker":2}
{"wall_time":"2025-11-15T23:09:39.574132-03:00","entity":"scheduler","event":"external_dispatched","sim_time":34,"event_id":17,"target_worker":2}
{"wall_time":"2025-11-15T23:09:39.574135-03:00","entity":"scheduler","event":"external_dispatched","sim_time":35,"event_id":18,"target_worker":2}
{"wall_time":"2025-11-15T23:09:39.57414-03:00","entity":"scheduler","event":"external_dispatched","sim_time":37,"event_id":19}
{"wall_time":"2025-11-15T23:09:39.574144-03:00","entity":"scheduler","event":"external_dispatched","sim_time":41,"event_id":20,"target_worker":2}
{"wall_time":"2025-11-15T23:09:39.574148-03:00","entity":"scheduler","event":"external_dispatched","sim_time":43,"event_id":21,"target_worker":1}
{"wall_time":"2025-11-15T23:09:39.574086-03:00","entity":"worker-1","event":"external_received","sim_time":0,"worker_id":1,"event_id":1,"details":{"event_timestamp":5}}
{"wall_time":"2025-11-15T23:09:39.574159-03:00","entity":"worker-1","event":"checkpoint_created","sim_time":0,"worker_id":1,"details":{"history_len":0,"mode":"live"}}
{"wall_time":"2025-11-15T23:09:39.574167-03:00","entity":"worker-1","event":"external_processed","sim_time":5,"worker_id":1,"event_id":1,"details":{"from_replay":false,"previous_lvt":0}}
{"wall_time":"2025-11-15T23:09:39.574179-03:00","entity":"worker-1","event":"internal_processed","sim_time":9,"worker_id":1,"details":{"jump":4,"previous_lvt":5}}
{"wall_time":"2025-11-15T23:09:39.574184-03:00","entity":"worker-1","event":"internal_processed","sim_time":14,"worker_id":1,"details":{"jump":5,"previous_lvt":9}}
{"wall_time":"2025-11-15T23:09:39.574188-03:00","entity":"worker-1","event":"external_received","sim_time":14,"worker_id":1,"event_id":3,"details":{"event_timestamp":8}}
{"wall_time":"2025-11-15T23:09:39.574197-03:00","entity":"worker-1","event":"checkpoint_created","sim_time":14,"worker_id":1,"details":{"history_len":1,"mode":"live"}}
{"wall_time":"2025-11-15T23:09:39.5742-03:00","entity":"worker-1","event":"straggler_detected","sim_time":14,"worker_id":1,"event_id":3,"details":{"event_timestamp":8}}
{"wall_time":"2025-11-15T23:09:39.574204-03:00","entity":"worker-1","event":"rollback_start","sim_time":0,"worker_id":1,"rollback_from":14,"rollback_to":8}
{"wall_time":"2025-11-15T23:09:39.574207-03:00","entity":"worker-1","event":"checkpoint_created","sim_time":0,"worker_id":1,"details":{"history_len":0,"mode":"replay"}}
{"wall_time":"2025-11-15T23:09:39.574091-03:00","entity":"worker-0","event":"external_received","sim_time":0,"event_id":2,"details":{"event_timestamp":6}}
{"wall_time":"2025-11-15T23:09:39.574234-03:00","entity":"worker-0","event":"checkpoint_created","sim_time":0,"details":{"history_len":0,"mode":"live"}}
{"wall_time":"2025-11-15T23:09:39.574246-03:00","entity":"worker-0","event":"external_processed","sim_time":6,"event_id":2,"details":{"from_replay":false,"previous_lvt":0}}
{"wall_time":"2025-11-15T23:09:39.574251-03:00","entity":"worker-0","event":"internal_processed","sim_time":9,"details":{"jump":3,"previous_lvt":6}}
{"wall_time":"2025-11-15T23:09:39.574262-03:00","entity":"worker-0","event":"internal_processed","sim_time":12,"details":{"jump":3,"previous_lvt":9}}
{"wall_time":"2025-11-15T23:09:39.574268-03:00","entity":"worker-0","event":"external_received","sim_time":12,"event_id":6,"details":{"event_timestamp":13}}
{"wall_time":"2025-11-15T23:09:39.574272-03:00","entity":"worker-0","event":"checkpoint_created","sim_time":12,"details":{"history_len":1,"mode":"live"}}
{"wall_time":"2025-11-15T23:09:39.574276-03:00","entity":"worker-0","event":"external_processed","sim_time":13,"event_id":6,"details":{"from_replay":false,"previous_lvt":12}}
{"wall_time":"2025-11-15T23:09:39.574279-03:00","entity":"worker-0","event":"internal_processed","sim_time":18,"details":{"jump":5,"previous_lvt":13}}
{"wall_time":"2025-11-15T23:09:39.574202-03:00","entity":"scheduler","event":"external_dispatched","sim_time":44,"event_id":22,"target_worker":1}
{"wall_time":"2025-11-15T23:09:39.574067-03:00","entity":"worker-2","event":"external_received","sim_time":0,"worker_id":2,"details":{"event_timestamp":1}}
{"wall_time":"2025-11-15T23:09:39.574311-03:00","entity":"worker-2","event":"checkpoint_created","sim_time":0,"worker_id":2,"details":{"history_len":0,"mode":"live"}}
{"wall_time":"2025-11-15T23:09:39.574318-03:00","entity":"worker-2","event":"external_processed","sim_time":1,"worker_id":2,"details":{"from_replay":false,"previous_lvt":0}}
{"wall_time":"2025-11-15T23:09:39.574322-03:00","entity":"worker-2","event":"internal_processed","sim_time":6,"worker_id":2,"details":{"jump":5,"previous_lvt":1}}
{"wall_time":"2025-11-15T23:09:39.574336-03:00","entity":"worker-2","event":"internal_processed","sim_time":8,"worker_id":2,"details":{"jump":2,"previous_lvt":6}}
{"wall_time":"2025-11-15T23:09:39.574339-03:00","entity":"worker-2","event":"internal_processed","sim_time":10,"worker_id":2,"details":{"jump":2,"previous_lvt":8}}
{"wall_time":"2025-11-15T23:09:39.574342-03:00","entity":"worker-2","event":"external_received","sim_time":10,"worker_id":2,"event_id":4,"details":{"event_timestamp":10}}
{"wall_time":"2025-11-15T23:09:39.574346-03:00","entity":"worker-2","event":"checkpoint_created","sim_time":10,"worker_id":2,"details":{"history_len":1,"mode":"live"}}
{"wall_time":"2025-11-15T23:09:39.574349-03:00","entity":"worker-2","event":"external_processed","sim_time":10,"worker_id":2,"event_id":4,"details":{"from_replay":false,"previous_lvt":10}}
{"wall_time":"2025-11-15T23:09:39.574352-03:00","entity":"worker-2","event":"internal_processed","sim_time":14,"worker_id":2,"details":{"jump":4,"previous_lvt":10}}
{"wall_time":"2025-11-15T23:09:39.574355-03:00","entity":"worker-2","event":"internal_processed","sim_time":17,"worker_id":2,"details":{"jump":3,"previous_lvt":14}}
{"wall_time":"2025-11-15T23:09:39.574366-03:00","entity":"worker-2","event":"internal_processed","sim_time":22,"worker_id":2,"details":{"jump":5,"previous_lvt":17}}
{"wall_time":"2025-11-15T23:09:39.57437-03:00","entity":"worker-2","event":"external_received","sim_time":22,"worker_id":2,"event_id":9,"details":{"event_timestamp":18}}
{"wall_time":"2025-11-15T23:09:39.574373-03:00","entity":"worker-2","event":"checkpoint_created","sim_time":22,"worker_id":2,"details":{"history_len":2,"mode":"live"}}
{"wall_time":"2025-11-15T23:09:39.574376-03:00","entity":"worker-2","event":"straggler_detected","sim_time":22,"worker_id":2,"event_id":9,"details":{"event_timestamp":18}}
{"wall_time":"2025-11-15T23:09:39.574379-03:00","entity":"worker-2","event":"rollback_start","sim_time":10,"worker_id":2,"rollback_from":22,"rollback_to":18}
{"wall_time":"2025-11-15T23:09:39.574382-03:00","entity":"worker-2","event":"checkpoint_created","sim_time":10,"worker_id":2,"details":{"history_len":1,"mode":"replay"}}
{"wall_time":"2025-11-15T23:09:39.574385-03:00","entity":"worker-2","event":"external_processed","sim_time":10,"worker_id":2,"event_id":4,"details":{"from_replay":true,"previous_lvt":10}}
{"wall_time":"2025-11-15T23:09:39.574389-03:00","entity":"worker-2","event":"internal_processed","sim_time":12,"worker_id":2,"details":{"jump":2,"previous_lvt":10}}
{"wall_time":"2025-11-15T23:09:39.574392-03:00","entity":"worker-2","event":"internal_processed","sim_time":17,"worker_id":2,"details":{"jump":5,"previous_lvt":12}}
{"wall_time":"2025-11-15T23:09:39.574395-03:00","entity":"worker-2","event":"checkpoint_created","sim_time":17,"worker_id":2,"details":{"history_len":2,"mode":"replay"}}
{"wall_time":"2025-11-15T23:09:39.574398-03:00","entity":"worker-2","event":"external_processed","sim_time":18,"worker_id":2,"event_id":9,"details":{"from_replay":true,"previous_lvt":17}}
{"wall_time":"2025-11-15T23:09:39.574401-03:00","entity":"worker-2","event":"internal_processed","sim_time":22,"worker_id":2,"details":{"jump":4,"previous_lvt":18}}
{"wall_time":"2025-11-15T23:09:39.574403-03:00","entity":"worker-2","event":"internal_processed","sim_time":25,"worker_id":2,"details":{"jump":3,"previous_lvt":22}}
{"wall_time":"2025-11-15T23:09:39.574408-03:00","entity":"worker-2","event":"internal_processed","sim_time":30,"worker_id":2,"details":{"jump":5,"previous_lvt":25}}
{"wall_time":"2025-11-15T23:09:39.574411-03:00","entity":"worker-2","event":"rollback_end","sim_time":30,"worker_id":2,"rollback_from":22,"rollback_to":18}
{"wall_time":"2025-11-15T23:09:39.574416-03:00","entity":"worker-2","event":"external_received","sim_time":30,"worker_id":2,"event_id":11,"details":{"event_timestamp":22}}
{"wall_time":"2025-11-15T23:09:39.574419-03:00","entity":"worker-2","event":"checkpoint_created","sim_time":30,"worker_id":2,"details":{"history_len":3,"mode":"live"}}
{"wall_time":"2025-11-15T23:09:39.574422-03:00","entity":"worker-2","event":"straggler_detected","sim_time":30,"worker_id":2,"event_id":11,"details":{"event_timestamp":22}}
{"wall_time":"2025-11-15T23:09:39.574428-03:00","entity":"worker-2","event":"rollback_start","sim_time":17,"worker_id":2,"rollback_from":30,"rollback_to":22}
{"wall_time":"2025-11-15T23:09:39.57443-03:00","entity":"worker-2","event":"checkpoint_created","sim_time":17,"worker_id":2,"details":{"history_len":2,"mode":"replay"}}
{"wall_time":"2025-11-15T23:09:39.574433-03:00","entity":"worker-2","event":"external_processed","sim_time":18,"worker_id":2,"event_id":9,"details":{"from_replay":true,"previous_lvt":17}}
{"wall_time":"2025-11-15T23:09:39.574436-03:00","entity":"worker-2","event":"internal_processed","sim_time":19,"worker_id":2,"details":{"jump":1,"previous_lvt":18}}
{"wall_time":"2025-11-15T23:09:39.57444-03:00","entity":"worker-2","event":"checkpoint_created","sim_time":19,"worker_id":2,"details":{"history_len":3,"mode":"replay"}}
{"wall_time":"2025-11-15T23:09:39.57421-03:00","entity":"worker-1","event":"external_processed","sim_time":5,"worker_id":1,"event_id":1,"details":{"from_replay":true,"previous_lvt":0}}
{"wall_time":"2025-11-15T23:09:39.574455-03:00","entity":"worker-1","event":"internal_processed","sim_time":8,"worker_id":1,"details":{"jump":3,"previous_lvt":5}}
{"wall_time":"2025-11-15T23:09:39.574459-03:00","entity":"worker-1","event":"checkpoint_created","sim_time":8,"worker_id":1,"details":{"history_len":1,"mode":"replay"}}
{"wall_time":"2025-11-15T23:09:39.574462-03:00","entity":"worker-1","event":"external_processed","sim_time":8,"worker_id":1,"event_id":3,"details":{"from_replay":true,"previous_lvt":8}}
{"wall_time":"2025-11-15T23:09:39.574465-03:00","entity":"worker-1","event":"internal_processed","sim_time":12,"worker_id":1,"details":{"jump":4,"previous_lvt":8}}
{"wall_time":"2025-11-15T23:09:39.574471-03:00","entity":"worker-1","event":"rollback_end","sim_time":12,"worker_id":1,"rollback_from":14,"rollback_to":8}
{"wall_time":"2025-11-15T23:09:39.574283-03:00","entity":"worker-0","event":"external_received","sim_time":18,"event_id":19,"details":{"event_timestamp":37}}
{"wall_time":"2025-11-15T23:09:39.574479-03:00","entity":"worker-0","event":"checkpoint_created","sim_time":18,"details":{"history_len":2,"mode":"live"}}
{"wall_time":"2025-11-15T23:09:39.574482-03:00","entity":"worker-0","event":"external_processed","sim_time":37,"event_id":19,"details":{"from_replay":false,"previous_lvt":18}}
{"wall_time":"2025-11-15T23:09:39.574443-03:00","entity":"worker-2","event":"external_processed","sim_time":22,"worker_id":2,"event_id":11,"details":{"from_replay":true,"previous_lvt":19}}
{"wall_time":"2025-11-15T23:09:39.574492-03:00","entity":"worker-2","event":"internal_processed","sim_time":25,"worker_id":2,"details":{"jump":3,"previous_lvt":22}}
{"wall_time":"2025-11-15T23:09:39.574495-03:00","entity":"worker-2","event":"internal_processed","sim_time":26,"worker_id":2,"details":{"jump":1,"previous_lvt":25}}
{"wall_time":"2025-11-15T23:09:39.574498-03:00","entity":"worker-2","event":"internal_processed","sim_time":31,"worker_id":2,"details":{"jump":5,"previous_lvt":26}}
{"wall_time":"2025-11-15T23:09:39.574501-03:00","entity":"worker-2","event":"rollback_end","sim_time":31,"worker_id":2,"rollback_from":30,"rollback_to":22}
{"wall_time":"2025-11-15T23:09:39.574504-03:00","entity":"worker-2","event":"external_received","sim_time":31,"worker_id":2,"event_id":14,"details":{"event_timestamp":28}}
{"wall_time":"2025-11-15T23:09:39.574507-03:00","entity":"worker-2","event":"checkpoint_created","sim_time":31,"worker_id":2,"details":{"history_len":4,"mode":"live"}}
{"wall_time":"2025-11-15T23:09:39.57451-03:00","entity":"worker-2","event":"straggler_detected","sim_time":31,"worker_id":2,"event_id":14,"details":{"event_timestamp":28}}
{"wall_time":"2025-11-15T23:09:39.574513-03:00","entity":"worker-2","event":"rollback_start","sim_time":19,"worker_id":2,"rollback_from":31,"rollback_to":28}
{"wall_time":"2025-11-15T23:09:39.574516-03:00","entity":"worker-2","event":"checkpoint_created","sim_time":19,"worker_id":2,"details":{"history_len":3,"mode":"replay"}}
{"wall_time":"2025-11-15T23:09:39.574519-03:00","entity":"worker-2","event":"external_processed","sim_time":22,"worker_id":2,"event_id":11,"details":{"from_replay":true,"previous_lvt":19}}
{"wall_time":"2025-11-15T23:09:39.574522-03:00","entity":"worker-2","event":"internal_processed","sim_time":23,"worker_id":2,"details":{"jump":1,"previous_lvt":22}}
{"wall_time":"2025-11-15T23:09:39.574525-03:00","entity":"worker-2","event":"checkpoint_created","sim_time":23,"worker_id":2,"details":{"history_len":4,"mode":"replay"}}
{"wall_time":"2025-11-15T23:09:39.574527-03:00","entity":"worker-2","event":"external_processed","sim_time":28,"worker_id":2,"event_id":14,"details":{"from_replay":true,"previous_lvt":23}}
{"wall_time":"2025-11-15T23:09:39.57453-03:00","entity":"worker-2","event":"internal_processed","sim_time":29,"worker_id":2,"details":{"jump":1,"previous_lvt":28}}
{"wall_time":"2025-11-15T23:09:39.574533-03:00","entity":"worker-2","event":"rollback_end","sim_time":29,"worker_id":2,"rollback_from":31,"rollback_to":28}
{"wall_time":"2025-11-15T23:09:39.574536-03:00","entity":"worker-2","event":"external_received","sim_time":29,"worker_id":2,"event_id":16,"details":{"event_timestamp":32}}
{"wall_time":"2025-11-15T23:09:39.574548-03:00","entity":"worker-2","event":"checkpoint_created","sim_time":29,"worker_id":2,"details":{"history_len":5,"mode":"live"}}
{"wall_time":"2025-11-15T23:09:39.574551-03:00","entity":"worker-2","event":"external_processed","sim_time":32,"worker_id":2,"event_id":16,"details":{"from_replay":false,"previous_lvt":29}}
{"wall_time":"2025-11-15T23:09:39.574554-03:00","entity":"worker-2","event":"internal_processed","sim_time":34,"worker_id":2,"details":{"jump":2,"previous_lvt":32}}
{"wall_time":"2025-11-15T23:09:39.574557-03:00","entity":"worker-2","event":"internal_processed","sim_time":35,"worker_id":2,"details":{"jump":1,"previous_lvt":34}}
{"wall_time":"2025-11-15T23:09:39.57456-03:00","entity":"worker-2","event":"internal_processed","sim_time":37,"worker_id":2,"details":{"jump":2,"previous_lvt":35}}
{"wall_time":"2025-11-15T23:09:39.574563-03:00","entity":"worker-2","event":"external_received","sim_time":37,"worker_id":2,"event_id":17,"details":{"event_timestamp":34}}
{"wall_time":"2025-11-15T23:09:39.574566-03:00","entity":"worker-2","event":"checkpoint_created","sim_time":37,"worker_id":2,"details":{"history_len":6,"mode":"live"}}
{"wall_time":"2025-11-15T23:09:39.574569-03:00","entity":"worker-2","event":"straggler_detected","sim_time":37,"worker_id":2,"event_id":17,"details":{"event_timestamp":34}}
{"wall_time":"2025-11-15T23:09:39.574572-03:00","entity":"worker-2","event":"rollback_start","sim_time":29,"worker_id":2,"rollback_from":37,"rollback_to":34}
{"wall_time":"2025-11-15T23:09:39.574574-03:00","entity":"worker-2","event":"checkpoint_created","sim_time":29,"worker_id":2,"details":{"history_len":5,"mode":"replay"}}
{"wall_time":"2025-11-15T23:09:39.574577-03:00","entity":"worker-2","event":"external_processed","sim_time":32,"worker_id":2,"event_id":16,"details":{"from_replay":true,"previous_lvt":29}}
{"wall_time":"2025-11-15T23:09:39.574583-03:00","entity":"worker-2","event":"internal_processed","sim_time":35,"worker_id":2,"details":{"jump":3,"previous_lvt":32}}
{"wall_time":"2025-11-15T23:09:39.574586-03:00","entity":"worker-2","event":"internal_processed","sim_time":39,"worker_id":2,"details":{"jump":4,"previous_lvt":35}}
{"wall_time":"2025-11-15T23:09:39.574589-03:00","entity":"worker-2","event":"checkpoint_created","sim_time":39,"worker_id":2,"details":{"history_len":6,"mode":"replay"}}
{"wall_time":"2025-11-15T23:09:39.574592-03:00","entity":"worker-2","event":"external_processed","sim_time":34,"worker_id":2,"event_id":17,"details":{"from_replay":true,"previous_lvt":39}}
{"wall_time":"2025-11-15T23:09:39.574594-03:00","entity":"worker-2","event":"internal_processed","sim_time":35,"worker_id":2,"details":{"jump":1,"previous_lvt":34}}
{"wall_time":"2025-11-15T23:09:39.574598-03:00","entity":"worker-2","event":"internal_processed","sim_time":38,"worker_id":2,"details":{"jump":3,"previous_lvt":35}}
{"wall_time":"2025-11-15T23:09:39.574601-03:00","entity":"worker-2","event":"internal_processed","sim_time":42,"worker_id":2,"details":{"jump":4,"previous_lvt":38}}
{"wall_time":"2025-11-15T23:09:39.574604-03:00","entity":"worker-2","event":"rollback_end","sim_time":42,"worker_id":2,"rollback_from":37,"rollback_to":34}
{"wall_time":"2025-11-15T23:09:39.574607-03:00","entity":"worker-2","event":"external_received","sim_time":42,"worker_id":2,"event_id":18,"details":{"event_timestamp":35}}
{"wall_time":"2025-11-15T23:09:39.57461-03:00","entity":"worker-2","event":"checkpoint_created","sim_time":42,"worker_id":2,"details":{"history_len":7,"mode":"live"}}
{"wall_time":"2025-11-15T23:09:39.574614-03:00","entity":"worker-2","event":"straggler_detected","sim_time":42,"worker_id":2,"event_id":18,"details":{"event_timestamp":35}}
{"wall_time":"2025-11-15T23:09:39.574616-03:00","entity":"worker-2","event":"rollback_start","sim_time":29,"worker_id":2,"rollback_from":42,"rollback_to":35}
{"wall_time":"2025-11-15T23:09:39.574619-03:00","entity":"worker-2","event":"checkpoint_created","sim_time":29,"worker_id":2,"details":{"history_len":5,"mode":"replay"}}
{"wall_time":"2025-11-15T23:09:39.574474-03:00","entity":"worker-1","event":"external_received","sim_time":12,"worker_id":1,"event_id":5,"details":{"event_timestamp":12}}
{"wall_time":"2025-11-15T23:09:39.574634-03:00","entity":"worker-1","event":"checkpoint_created","sim_time":12,"worker_id":1,"details":{"history_len":2,"mode":"live"}}
{"wall_time":"2025-11-15T23:09:39.574638-03:00","entity":"worker-1","event":"external_processed","sim_time":12,"worker_id":1,"event_id":5,"details":{"from_replay":false,"previous_lvt":12}}
{"wall_time":"2025-11-15T23:09:39.574641-03:00","entity":"worker-1","event":"internal_processed","sim_time":15,"worker_id":1,"details":{"jump":3,"previous_lvt":12}}
{"wall_time":"2025-11-15T23:09:39.574644-03:00","entity":"worker-1","event":"internal_processed","sim_time":16,"worker_id":1,"details":{"jump":1,"previous_lvt":15}}
{"wall_time":"2025-11-15T23:09:39.574647-03:00","entity":"worker-1","event":"internal_processed","sim_time":21,"worker_id":1,"details":{"jump":5,"previous_lvt":16}}
{"wall_time":"2025-11-15T23:09:39.57465-03:00","entity":"worker-1","event":"external_received","sim_time":21,"worker_id":1,"event_id":7,"details":{"event_timestamp":14}}
{"wall_time":"2025-11-15T23:09:39.574653-03:00","entity":"worker-1","event":"checkpoint_created","sim_time":21,"worker_id":1,"details":{"history_len":3,"mode":"live"}}
{"wall_time":"2025-11-15T23:09:39.574656-03:00","entity":"worker-1","event":"straggler_detected","sim_time":21,"worker_id":1,"event_id":7,"details":{"event_timestamp":14}}
{"wall_time":"2025-11-15T23:09:39.57466-03:00","entity":"worker-1","event":"rollback_start","sim_time":12,"worker_id":1,"rollback_from":21,"rollback_to":14}
{"wall_time":"2025-11-15T23:09:39.574663-03:00","entity":"worker-1","event":"checkpoint_created","sim_time":12,"worker_id":1,"details":{"history_len":2,"mode":"replay"}}
{"wall_time":"2025-11-15T23:09:39.574666-03:00","entity":"worker-1","event":"external_processed","sim_time":12,"worker_id":1,"event_id":5,"details":{"from_replay":true,"previous_lvt":12}}
{"wall_time":"2025-11-15T23:09:39.574669-03:00","entity":"worker-1","event":"internal_processed","sim_time":16,"worker_id":1,"details":{"jump":4,"previous_lvt":12}}
{"wall_time":"2025-11-15T23:09:39.574672-03:00","entity":"worker-1","event":"checkpoint_created","sim_time":16,"worker_id":1,"details":{"history_len":3,"mode":"replay"}}
{"wall_time":"2025-11-15T23:09:39.574675-03:00","entity":"worker-1","event":"external_processed","sim_time":14,"worker_id":1,"event_id":7,"details":{"from_replay":true,"previous_lvt":16}}
{"wall_time":"2025-11-15T23:09:39.574678-03:00","entity":"worker-1","event":"internal_processed","sim_time":16,"worker_id":1,"details":{"jump":2,"previous_lvt":14}}
{"wall_time":"2025-11-15T23:09:39.574681-03:00","entity":"worker-1","event":"internal_processed","sim_time":19,"worker_id":1,"details":{"jump":3,"previous_lvt":16}}
{"wall_time":"2025-11-15T23:09:39.574684-03:00","entity":"worker-1","event":"internal_processed","sim_time":23,"worker_id":1,"details":{"jump":4,"previous_lvt":19}}
{"wall_time":"2025-11-15T23:09:39.574687-03:00","entity":"worker-1","event":"rollback_end","sim_time":23,"worker_id":1,"rollback_from":21,"rollback_to":14}
{"wall_time":"2025-11-15T23:09:39.574689-03:00","entity":"worker-1","event":"external_received","sim_time":23,"worker_id":1,"event_id":8,"details":{"event_timestamp":15}}
{"wall_time":"2025-11-15T23:09:39.574693-03:00","entity":"worker-1","event":"checkpoint_created","sim_time":23,"worker_id":1,"details":{"history_len":4,"mode":"live"}}
{"wall_time":"2025-11-15T23:09:39.574696-03:00","entity":"worker-1","event":"straggler_detected","sim_time":23,"worker_id":1,"event_id":8,"details":{"event_timestamp":15}}
{"wall_time":"2025-11-15T23:09:39.574699-03:00","entity":"worker-1","event":"rollback_start","sim_time":12,"worker_id":1,"rollback_from":23,"rollback_to":15}
{"wall_time":"2025-11-15T23:09:39.574702-03:00","entity":"worker-1","event":"checkpoint_created","sim_time":12,"worker_id":1,"details":{"history_len":2,"mode":"replay"}}
{"wall_time":"2025-11-15T23:09:39.574712-03:00","entity":"worker-1","event":"external_processed","sim_time":12,"worker_id":1,"event_id":5,"details":{"from_replay":true,"previous_lvt":12}}
{"wall_time":"2025-11-15T23:09:39.574716-03:00","entity":"worker-1","event":"internal_processed","sim_time":13,"worker_id":1,"details":{"jump":1,"previous_lvt":12}}
{"wall_time":"2025-11-15T23:09:39.57472-03:00","entity":"worker-1","event":"internal_processed","sim_time":14,"worker_id":1,"details":{"jump":1,"previous_lvt":13}}
{"wall_time":"2025-11-15T23:09:39.574722-03:00","entity":"worker-1","event":"checkpoint_created","sim_time":14,"worker_id":1,"details":{"history_len":3,"mode":"replay"}}
{"wall_time":"2025-11-15T23:09:39.574726-03:00","entity":"worker-1","event":"external_processed","sim_time":14,"worker_id":1,"event_id":7,"details":{"from_replay":true,"previous_lvt":14}}
{"wall_time":"2025-11-15T23:09:39.574731-03:00","entity":"worker-1","event":"internal_processed","sim_time":19,"worker_id":1,"details":{"jump":5,"previous_lvt":14}}
{"wall_time":"2025-11-15T23:09:39.574734-03:00","entity":"worker-1","event":"internal_processed","sim_time":24,"worker_id":1,"details":{"jump":5,"previous_lvt":19}}
{"wall_time":"2025-11-15T23:09:39.574737-03:00","entity":"worker-1","event":"checkpoint_created","sim_time":24,"worker_id":1,"details":{"history_len":4,"mode":"replay"}}
{"wall_time":"2025-11-15T23:09:39.57474-03:00","entity":"worker-1","event":"external_processed","sim_time":15,"worker_id":1,"event_id":8,"details":{"from_replay":true,"previous_lvt":24}}
{"wall_time":"2025-11-15T23:09:39.574743-03:00","entity":"worker-1","event":"internal_processed","sim_time":18,"worker_id":1,"details":{"jump":3,"previous_lvt":15}}
{"wall_time":"2025-11-15T23:09:39.574746-03:00","entity":"worker-1","event":"internal_processed","sim_time":19,"worker_id":1,"details":{"jump":1,"previous_lvt":18}}
{"wall_time":"2025-11-15T23:09:39.574749-03:00","entity":"worker-1","event":"rollback_end","sim_time":19,"worker_id":1,"rollback_from":23,"rollback_to":15}
{"wall_time":"2025-11-15T23:09:39.574754-03:00","entity":"worker-1","event":"external_received","sim_time":19,"worker_id":1,"event_id":10,"details":{"event_timestamp":19}}
{"wall_time":"2025-11-15T23:09:39.574758-03:00","entity":"worker-1","event":"checkpoint_created","sim_time":19,"worker_id":1,"details":{"history_len":5,"mode":"live"}}
{"wall_time":"2025-11-15T23:09:39.574761-03:00","entity":"worker-1","event":"external_processed","sim_time":19,"worker_id":1,"event_id":10,"details":{"from_replay":false,"previous_lvt":19}}
{"wall_time":"2025-11-15T23:09:39.574764-03:00","entity":"worker-1","event":"internal_processed","sim_time":21,"worker_id":1,"details":{"jump":2,"previous_lvt":19}}
{"wall_time":"2025-11-15T23:09:39.574767-03:00","entity":"worker-1","event":"internal_processed","sim_time":23,"worker_id":1,"details":{"jump":2,"previous_lvt":21}}
{"wall_time":"2025-11-15T23:09:39.57477-03:00","entity":"worker-1","event":"external_received","sim_time":23,"worker_id":1,"event_id":12,"details":{"event_timestamp":23}}
{"wall_time":"2025-11-15T23:09:39.574773-03:00","entity":"worker-1","event":"checkpoint_created","sim_time":23,"worker_id":1,"details":{"history_len":6,"mode":"live"}}
{"wall_time":"2025-11-15T23:09:39.574776-03:00","entity":"worker-1","event":"external_processed","sim_time":23,"worker_id":1,"event_id":12,"details":{"from_replay":false,"previous_lvt":23}}
{"wall_time":"2025-11-15T23:09:39.574779-03:00","entity":"worker-1","event":"internal_processed","sim_time":25,"worker_id":1,"details":{"jump":2,"previous_lvt":23}}
{"wall_time":"2025-11-15T23:09:39.574782-03:00","entity":"worker-1","event":"internal_processed","sim_time":28,"worker_id":1,"details":{"jump":3,"previous_lvt":25}}
{"wall_time":"2025-11-15T23:09:39.574787-03:00","entity":"worker-1","event":"external_received","sim_time":28,"worker_id":1,"event_id":13,"details":{"event_timestamp":25}}
{"wall_time":"2025-11-15T23:09:39.574475-03:00","entity":"scheduler","event":"external_dispatched","sim_time":45,"event_id":23,"target_worker":2}
{"wall_time":"2025-11-15T23:09:39.574802-03:00","entity":"scheduler","event":"external_dispatched","sim_time":48,"event_id":24,"target_worker":2}
{"wall_time":"2025-11-15T23:09:39.574485-03:00","entity":"worker-0","event":"internal_processed","sim_time":42,"details":{"jump":5,"previous_lvt":37}}
{"wall_time":"2025-11-15T23:09:39.574808-03:00","entity":"worker-0","event":"internal_processed","sim_time":43,"details":{"jump":1,"previous_lvt":42}}
{"wall_time":"2025-11-15T23:09:39.574812-03:00","entity":"worker-0","event":"worker_stopped","sim_time":43}
{"wall_time":"2025-11-15T23:09:39.574625-03:00","entity":"worker-2","event":"external_processed","sim_time":32,"worker_id":2,"event_id":16,"details":{"from_replay":true,"previous_lvt":29}}
{"wall_time":"2025-11-15T23:09:39.574818-03:00","entity":"worker-2","event":"internal_processed","sim_time":33,"worker_id":2,"details":{"jump":1,"previous_lvt":32}}
{"wall_time":"2025-11-15T23:09:39.574821-03:00","entity":"worker-2","event":"internal_processed","sim_time":34,"worker_id":2,"details":{"jump":1,"previous_lvt":33}}
{"wall_time":"2025-11-15T23:09:39.574824-03:00","entity":"worker-2","event":"checkpoint_created","sim_time":34,"worker_id":2,"details":{"history_len":6,"mode":"replay"}}
{"wall_time":"2025-11-15T23:09:39.574827-03:00","entity":"worker-2","event":"external_processed","sim_time":34,"worker_id":2,"event_id":17,"details":{"from_replay":true,"previous_lvt":34}}
{"wall_time":"2025-11-15T23:09:39.57479-03:00","entity":"worker-1","event":"checkpoint_created","sim_time":28,"worker_id":1,"details":{"history_len":7,"mode":"live"}}
{"wall_time":"2025-11-15T23:09:39.574836-03:00","entity":"worker-1","event":"straggler_detected","sim_time":28,"worker_id":1,"event_id":13,"details":{"event_timestamp":25}}
{"wall_time":"2025-11-15T23:09:39.57484-03:00","entity":"worker-1","event":"rollback_start","sim_time":23,"worker_id":1,"rollback_from":28,"rollback_to":25}
{"wall_time":"2025-11-15T23:09:39.574842-03:00","entity":"worker-1","event":"checkpoint_created","sim_time":23,"worker_id":1,"details":{"history_len":6,"mode":"replay"}}
{"wall_time":"2025-11-15T23:09:39.574845-03:00","entity":"worker-1","event":"external_processed","sim_time":23,"worker_id":1,"event_id":12,"details":{"from_replay":true,"previous_lvt":23}}
{"wall_time":"2025-11-15T23:09:39.574848-03:00","entity":"worker-1","event":"internal_processed","sim_time":28,"worker_id":1,"details":{"jump":5,"previous_lvt":23}}
{"wall_time":"2025-11-15T23:09:39.57483-03:00","entity":"worker-2","event":"internal_processed","sim_time":36,"worker_id":2,"details":{"jump":2,"previous_lvt":34}}
{"wall_time":"2025-11-15T23:09:39.574859-03:00","entity":"worker-2","event":"checkpoint_created","sim_time":36,"worker_id":2,"details":{"history_len":7,"mode":"replay"}}
{"wall_time":"2025-11-15T23:09:39.574863-03:00","entity":"worker-2","event":"external_processed","sim_time":35,"worker_id":2,"event_id":18,"details":{"from_replay":true,"previous_lvt":36}}
{"wall_time":"2025-11-15T23:09:39.574867-03:00","entity":"worker-2","event":"internal_processed","sim_time":39,"worker_id":2,"details":{"jump":4,"previous_lvt":35}}
{"wall_time":"2025-11-15T23:09:39.57487-03:00","entity":"worker-2","event":"internal_processed","sim_time":41,"worker_id":2,"details":{"jump":2,"previous_lvt":39}}
{"wall_time":"2025-11-15T23:09:39.574873-03:00","entity":"worker-2","event":"rollback_end","sim_time":41,"worker_id":2,"rollback_from":42,"rollback_to":35}
{"wall_time":"2025-11-15T23:09:39.574875-03:00","entity":"worker-2","event":"external_received","sim_time":41,"worker_id":2,"event_id":20,"details":{"event_timestamp":41}}
{"wall_time":"2025-11-15T23:09:39.574878-03:00","entity":"worker-2","event":"checkpoint_created","sim_time":41,"worker_id":2,"details":{"history_len":8,"mode":"live"}}
{"wall_time":"2025-11-15T23:09:39.574852-03:00","entity":"worker-1","event":"internal_processed","sim_time":29,"worker_id":1,"details":{"jump":1,"previous_lvt":28}}
{"wall_time":"2025-11-15T23:09:39.574887-03:00","entity":"worker-1","event":"internal_processed","sim_time":31,"worker_id":1,"details":{"jump":2,"previous_lvt":29}}
{"wall_time":"2025-11-15T23:09:39.574897-03:00","entity":"worker-1","event":"checkpoint_created","sim_time":31,"worker_id":1,"details":{"history_len":7,"mode":"replay"}}
{"wall_time":"2025-11-15T23:09:39.5749-03:00","entity":"worker-1","event":"external_processed","sim_time":25,"worker_id":1,"event_id":13,"details":{"from_replay":true,"previous_lvt":31}}
{"wall_time":"2025-11-15T23:09:39.574903-03:00","entity":"worker-1","event":"internal_processed","sim_time":29,"worker_id":1,"details":{"jump":4,"previous_lvt":25}}
{"wall_time":"2025-11-15T23:09:39.574906-03:00","entity":"worker-1","event":"internal_processed","sim_time":33,"worker_id":1,"details":{"jump":4,"previous_lvt":29}}
{"wall_time":"2025-11-15T23:09:39.574909-03:00","entity":"worker-1","event":"rollback_end","sim_time":33,"worker_id":1,"rollback_from":28,"rollback_to":25}
{"wall_time":"2025-11-15T23:09:39.574912-03:00","entity":"worker-1","event":"external_received","sim_time":33,"worker_id":1,"event_id":15,"details":{"event_timestamp":31}}
{"wall_time":"2025-11-15T23:09:39.574915-03:00","entity":"worker-1","event":"checkpoint_created","sim_time":33,"worker_id":1,"details":{"history_len":8,"mode":"live"}}
{"wall_time":"2025-11-15T23:09:39.57492-03:00","entity":"worker-1","event":"straggler_detected","sim_time":33,"worker_id":1,"event_id":15,"details":{"event_timestamp":31}}
{"wall_time":"2025-11-15T23:09:39.574884-03:00","entity":"worker-2","event":"external_processed","sim_time":41,"worker_id":2,"event_id":20,"details":{"from_replay":false,"previous_lvt":41}}
{"wall_time":"2025-11-15T23:09:39.57493-03:00","entity":"worker-2","event":"internal_processed","sim_time":42,"worker_id":2,"details":{"jump":1,"previous_lvt":41}}
{"wall_time":"2025-11-15T23:09:39.574934-03:00","entity":"worker-2","event":"internal_processed","sim_time":44,"worker_id":2,"details":{"jump":2,"previous_lvt":42}}
{"wall_time":"2025-11-15T23:09:39.574938-03:00","entity":"worker-2","event":"internal_processed","sim_time":48,"worker_id":2,"details":{"jump":4,"previous_lvt":44}}
{"wall_time":"2025-11-15T23:09:39.574924-03:00","entity":"worker-1","event":"rollback_start","sim_time":31,"worker_id":1,"rollback_from":33,"rollback_to":31}
{"wall_time":"2025-11-15T23:09:39.574946-03:00","entity":"worker-1","event":"checkpoint_created","sim_time":31,"worker_id":1,"details":{"history_len":7,"mode":"replay"}}
{"wall_time":"2025-11-15T23:09:39.574949-03:00","entity":"worker-1","event":"external_processed","sim_time":25,"worker_id":1,"event_id":13,"details":{"from_replay":true,"previous_lvt":31}}
{"wall_time":"2025-11-15T23:09:39.574956-03:00","entity":"worker-1","event":"internal_processed","sim_time":30,"worker_id":1,"details":{"jump":5,"previous_lvt":25}}
{"wall_time":"2025-11-15T23:09:39.57496-03:00","entity":"worker-1","event":"internal_processed","sim_time":31,"worker_id":1,"details":{"jump":1,"previous_lvt":30}}
{"wall_time":"2025-11-15T23:09:39.574963-03:00","entity":"worker-1","event":"internal_processed","sim_time":36,"worker_id":1,"details":{"jump":5,"previous_lvt":31}}
{"wall_time":"2025-11-15T23:09:39.574941-03:00","entity":"worker-2","event":"external_received","sim_time":48,"worker_id":2,"event_id":23,"details":{"event_timestamp":45}}
{"wall_time":"2025-11-15T23:09:39.574971-03:00","entity":"worker-2","event":"checkpoint_created","sim_time":48,"worker_id":2,"details":{"history_len":9,"mode":"live"}}
{"wall_time":"2025-11-15T23:09:39.574974-03:00","entity":"worker-2","event":"straggler_detected","sim_time":48,"worker_id":2,"event_id":23,"details":{"event_timestamp":45}}
{"wall_time":"2025-11-15T23:09:39.574977-03:00","entity":"worker-2","event":"rollback_start","sim_time":41,"worker_id":2,"rollback_from":48,"rollback_to":45}
{"wall_time":"2025-11-15T23:09:39.57498-03:00","entity":"worker-2","event":"checkpoint_created","sim_time":41,"worker_id":2,"details":{"history_len":8,"mode":"replay"}}
{"wall_time":"2025-11-15T23:09:39.574983-03:00","entity":"worker-2","event":"external_processed","sim_time":41,"worker_id":2,"event_id":20,"details":{"from_replay":true,"previous_lvt":41}}
{"wall_time":"2025-11-15T23:09:39.574989-03:00","entity":"worker-2","event":"internal_processed","sim_time":44,"worker_id":2,"details":{"jump":3,"previous_lvt":41}}
{"wall_time":"2025-11-15T23:09:39.574992-03:00","entity":"worker-2","event":"internal_processed","sim_time":46,"worker_id":2,"details":{"jump":2,"previous_lvt":44}}
{"wall_time":"2025-11-15T23:09:39.574995-03:00","entity":"worker-2","event":"internal_processed","sim_time":50,"worker_id":2,"details":{"jump":4,"previous_lvt":46}}
{"wall_time":"2025-11-15T23:09:39.575-03:00","entity":"worker-2","event":"checkpoint_created","sim_time":50,"worker_id":2,"details":{"history_len":9,"mode":"replay"}}
{"wall_time":"2025-11-15T23:09:39.575003-03:00","entity":"worker-2","event":"external_processed","sim_time":45,"worker_id":2,"event_id":23,"details":{"from_replay":true,"previous_lvt":50}}
{"wall_time":"2025-11-15T23:09:39.575007-03:00","entity":"worker-2","event":"internal_processed","sim_time":48,"worker_id":2,"details":{"jump":3,"previous_lvt":45}}
{"wall_time":"2025-11-15T23:09:39.57501-03:00","entity":"worker-2","event":"rollback_end","sim_time":48,"worker_id":2,"rollback_from":48,"rollback_to":45}
{"wall_time":"2025-11-15T23:09:39.575012-03:00","entity":"worker-2","event":"external_received","sim_time":48,"worker_id":2,"event_id":24,"details":{"event_timestamp":48}}
{"wall_time":"2025-11-15T23:09:39.575017-03:00","entity":"worker-2","event":"checkpoint_created","sim_time":48,"worker_id":2,"details":{"history_len":10,"mode":"live"}}
{"wall_time":"2025-11-15T23:09:39.57502-03:00","entity":"worker-2","event":"external_processed","sim_time":48,"worker_id":2,"event_id":24,"details":{"from_replay":false,"previous_lvt":48}}
{"wall_time":"2025-11-15T23:09:39.575025-03:00","entity":"worker-2","event":"internal_processed","sim_time":50,"worker_id":2,"details":{"jump":2,"previous_lvt":48}}
{"wall_time":"2025-11-15T23:09:39.575029-03:00","entity":"worker-2","event":"worker_stopped","sim_time":50,"worker_id":2}
{"wall_time":"2025-11-15T23:09:39.574967-03:00","entity":"worker-1","event":"checkpoint_created","sim_time":36,"worker_id":1,"details":{"history_len":8,"mode":"replay"}}
{"wall_time":"2025-11-15T23:09:39.575034-03:00","entity":"worker-1","event":"external_processed","sim_time":31,"worker_id":1,"event_id":15,"details":{"from_replay":true,"previous_lvt":36}}
{"wall_time":"2025-11-15T23:09:39.575037-03:00","entity":"worker-1","event":"internal_processed","sim_time":36,"worker_id":1,"details":{"jump":5,"previous_lvt":31}}
{"wall_time":"2025-11-15T23:09:39.57504-03:00","entity":"worker-1","event":"internal_processed","sim_time":38,"worker_id":1,"details":{"jump":2,"previous_lvt":36}}
{"wall_time":"2025-11-15T23:09:39.575043-03:00","entity":"worker-1","event":"internal_processed","sim_time":41,"worker_id":1,"details":{"jump":3,"previous_lvt":38}}
{"wall_time":"2025-11-15T23:09:39.575046-03:00","entity":"worker-1","event":"rollback_end","sim_time":41,"worker_id":1,"rollback_from":33,"rollback_to":31}
{"wall_time":"2025-11-15T23:09:39.575048-03:00","entity":"worker-1","event":"external_received","sim_time":41,"worker_id":1,"event_id":21,"details":{"event_timestamp":43}}
{"wall_time":"2025-11-15T23:09:39.575051-03:00","entity":"worker-1","event":"checkpoint_created","sim_time":41,"worker_id":1,"details":{"history_len":9,"mode":"live"}}
{"wall_time":"2025-11-15T23:09:39.575054-03:00","entity":"worker-1","event":"external_processed","sim_time":43,"worker_id":1,"event_id":21,"details":{"from_replay":false,"previous_lvt":41}}
{"wall_time":"2025-11-15T23:09:39.575057-03:00","entity":"worker-1","event":"internal_processed","sim_time":47,"worker_id":1,"details":{"jump":4,"previous_lvt":43}}
{"wall_time":"2025-11-15T23:09:39.575059-03:00","entity":"worker-1","event":"internal_processed","sim_time":49,"worker_id":1,"details":{"jump":2,"previous_lvt":47}}
{"wall_time":"2025-11-15T23:09:39.575062-03:00","entity":"worker-1","event":"internal_processed","sim_time":50,"worker_id":1,"details":{"jump":1,"previous_lvt":49}}
{"wall_time":"2025-11-15T23:09:39.575065-03:00","entity":"worker-1","event":"external_received","sim_time":50,"worker_id":1,"event_id":22,"details":{"event_timestamp":44}}
{"wall_time":"2025-11-15T23:09:39.575071-03:00","entity":"worker-1","event":"checkpoint_created","sim_time":50,"worker_id":1,"details":{"history_len":10,"mode":"live"}}
{"wall_time":"2025-11-15T23:09:39.575074-03:00","entity":"worker-1","event":"straggler_detected","sim_time":50,"worker_id":1,"event_id":22,"details":{"event_timestamp":44}}
{"wall_time":"2025-11-15T23:09:39.575077-03:00","entity":"worker-1","event":"rollback_start","sim_time":41,"worker_id":1,"rollback_from":50,"rollback_to":44}
{"wall_time":"2025-11-15T23:09:39.575079-03:00","entity":"worker-1","event":"checkpoint_created","sim_time":41,"worker_id":1,"details":{"history_len":9,"mode":"replay"}}
{"wall_time":"2025-11-15T23:09:39.575082-03:00","entity":"worker-1","event":"external_processed","sim_time":43,"worker_id":1,"event_id":21,"details":{"from_replay":true,"previous_lvt":41}}
{"wall_time":"2025-11-15T23:09:39.575085-03:00","entity":"worker-1","event":"internal_processed","sim_time":47,"worker_id":1,"details":{"jump":4,"previous_lvt":43}}
{"wall_time":"2025-11-15T23:09:39.575088-03:00","entity":"worker-1","event":"internal_processed","sim_time":50,"worker_id":1,"details":{"jump":3,"previous_lvt":47}}
{"wall_time":"2025-11-15T23:09:39.57509-03:00","entity":"worker-1","event":"checkpoint_created","sim_time":50,"worker_id":1,"details":{"history_len":10,"mode":"replay"}}
{"wall_time":"2025-11-15T23:09:39.575093-03:00","entity":"worker-1","event":"external_processed","sim_time":44,"worker_id":1,"event_id":22,"details":{"from_replay":true,"previous_lvt":50}}
{"wall_time":"2025-11-15T23:09:39.575096-03:00","entity":"worker-1","event":"internal_processed","sim_time":47,"worker_id":1,"details":{"jump":3,"previous_lvt":44}}
{"wall_time":"2025-11-15T23:09:39.575099-03:00","entity":"worker-1","event":"internal_processed","sim_time":50,"worker_id":1,"details":{"jump":3,"previous_lvt":47}}
{"wall_time":"2025-11-15T23:09:39.575102-03:00","entity":"worker-1","event":"rollback_end","sim_time":50,"worker_id":1,"rollback_from":50,"rollback_to":44}
{"wall_time":"2025-11-15T23:09:39.575104-03:00","entity":"worker-1","event":"worker_stopped","sim_time":50,"worker_id":1}
